#
# There is insufficient memory for the Java Runtime Environment to continue.
# Native memory allocation (mmap) failed to map 51380224 bytes for committing reserved memory.
# Possible reasons:
#   The system is out of physical RAM or swap space
#   In 32 bit mode, the process size limit was hit
# Possible solutions:
#   Reduce memory load on the system
#   Increase physical memory or swap space
#   Check if swap backing store is full
#   Use 64 bit Java on a 64 bit OS
#   Decrease Java heap size (-Xmx/-Xms)
#   Decrease number of Java threads
#   Decrease Java thread stack sizes (-Xss)
#   Set larger code cache with -XX:ReservedCodeCacheSize=
# This output file may be truncated or incomplete.
#
#  Out of Memory Error (os_linux.cpp:2671), pid=27061, tid=140171438929664
#
# JRE version: Java(TM) SE Runtime Environment (8.0_20-b26) (build 1.8.0_20-b26)
# Java VM: Java HotSpot(TM) 64-Bit Server VM (25.20-b23 mixed mode linux-amd64 compressed oops)
# Core dump written. Default location: /auto_home/swouters/Documents/pinkman/warbot/Warbot_src/core or core.27061
#

---------------  T H R E A D  ---------------

Current thread (0x00007f7c4806f000):  VMThread [stack: 0x00007f7c34c33000,0x00007f7c34d34000] [id=27070]

Stack: [0x00007f7c34c33000,0x00007f7c34d34000],  sp=0x00007f7c34d31ff0,  free space=1019k
Native frames: (J=compiled Java code, j=interpreted, Vv=VM code, C=native code)
V  [libjvm.so+0xa76cea]  VMError::report_and_die()+0x2ca
V  [libjvm.so+0x4e52fb]  report_vm_out_of_memory(char const*, int, unsigned long, VMErrorType, char const*)+0x8b
V  [libjvm.so+0x8e4ec3]  os::Linux::commit_memory_impl(char*, unsigned long, bool)+0x103
V  [libjvm.so+0x8e5419]  os::pd_commit_memory(char*, unsigned long, unsigned long, bool)+0x29
V  [libjvm.so+0x8df0ea]  os::commit_memory(char*, unsigned long, unsigned long, bool)+0x2a
V  [libjvm.so+0x94f1f3]  PSVirtualSpace::expand_by(unsigned long)+0x53
V  [libjvm.so+0x93ff10]  PSOldGen::expand(unsigned long)+0x170
V  [libjvm.so+0x94011b]  PSOldGen::resize(unsigned long)+0x1cb
V  [libjvm.so+0x947d11]  PSParallelCompact::invoke_no_policy(bool)+0x9d1
V  [libjvm.so+0x94d31d]  PSScavenge::invoke()+0x1ad
V  [libjvm.so+0x9070d0]  ParallelScavengeHeap::failed_mem_allocate(unsigned long)+0x70
V  [libjvm.so+0xa78367]  VM_ParallelGCFailedAllocation::doit()+0x97
V  [libjvm.so+0xa7fa85]  VM_Operation::evaluate()+0x55
V  [libjvm.so+0xa7de5a]  VMThread::evaluate_operation(VM_Operation*)+0xba
V  [libjvm.so+0xa7e1de]  VMThread::loop()+0x1ce
V  [libjvm.so+0xa7e650]  VMThread::run()+0x70
V  [libjvm.so+0x8e75f8]  java_start(Thread*)+0x108

VM_Operation (0x00007f7c0ccfa5a0): ParallelGCFailedAllocation, mode: safepoint, requested by thread 0x00007f7c24006000


---------------  P R O C E S S  ---------------

Java Threads: ( => current thread )
  0x00007f7c2c003800 JavaThread "LIVING-5" [_thread_blocked, id=27149, stack(0x00007f7bf79fa000,0x00007f7bf7afb000)]
  0x00007f7c24010000 JavaThread "Image Fetcher 2" daemon [_thread_blocked, id=27146, stack(0x00007f7bf7afb000,0x00007f7bf7bfc000)]
  0x00007f7c24006800 JavaThread "Image Fetcher 1" daemon [_thread_blocked, id=27143, stack(0x00007f7bf7bfc000,0x00007f7bf7cfd000)]
  0x00007f7c24006000 JavaThread "Image Fetcher 0" daemon [_thread_blocked, id=27140, stack(0x00007f7c0cbfb000,0x00007f7c0ccfc000)]
  0x00007f7c0804a800 JavaThread "LIVING-1" daemon [_thread_blocked, id=27135, stack(0x00007f7c0c1f9000,0x00007f7c0c2fa000)]
  0x00007f7c00723000 JavaThread "LIVING-0" daemon [_thread_blocked, id=27134, stack(0x00007f7c0c2fa000,0x00007f7c0c3fb000)]
  0x00007f7c4800a000 JavaThread "DestroyJavaVM" [_thread_blocked, id=27067, stack(0x00007f7c4de77000,0x00007f7c4df78000)]
  0x00007f7bf8002000 JavaThread "AWT-EventQueue-0" [_thread_blocked, id=27099, stack(0x00007f7c0d89e000,0x00007f7c0d99f000)]
  0x00007f7c481fd800 JavaThread "TimerQueue" daemon [_thread_blocked, id=27098, stack(0x00007f7c0d99f000,0x00007f7c0daa0000)]
  0x00007f7c481f9000 JavaThread "AWT-Shutdown" [_thread_blocked, id=27097, stack(0x00007f7c0daa0000,0x00007f7c0dba1000)]
  0x00007f7c481ab000 JavaThread "AWT-XAWT" daemon [_thread_blocked, id=27096, stack(0x00007f7c0dba1000,0x00007f7c0dca2000)]
  0x00007f7c48185000 JavaThread "Java2D Disposer" daemon [_thread_blocked, id=27095, stack(0x00007f7c0e0b2000,0x00007f7c0e1b3000)]
  0x00007f7c480d2800 JavaThread "Service Thread" daemon [_thread_blocked, id=27083, stack(0x00007f7c0fdfe000,0x00007f7c0feff000)]
  0x00007f7c480bd800 JavaThread "C1 CompilerThread1" daemon [_thread_blocked, id=27082, stack(0x00007f7c0feff000,0x00007f7c10000000)]
  0x00007f7c480ba800 JavaThread "C2 CompilerThread0" daemon [_thread_blocked, id=27081, stack(0x00007f7c340bc000,0x00007f7c341bd000)]
  0x00007f7c1c001000 JavaThread "JDWP Command Reader" daemon [_thread_in_native, id=27077, stack(0x00007f7c341bd000,0x00007f7c342be000)]
  0x00007f7c480b8800 JavaThread "JDWP Event Helper Thread" daemon [_thread_blocked, id=27076, stack(0x00007f7c342be000,0x00007f7c343bf000)]
  0x00007f7c480b5000 JavaThread "JDWP Transport Listener: dt_socket" daemon [_thread_blocked, id=27075, stack(0x00007f7c343bf000,0x00007f7c344c0000)]
  0x00007f7c480a7000 JavaThread "Signal Dispatcher" daemon [_thread_blocked, id=27073, stack(0x00007f7c34930000,0x00007f7c34a31000)]
  0x00007f7c48078800 JavaThread "Finalizer" daemon [_thread_blocked, id=27072, stack(0x00007f7c34a31000,0x00007f7c34b32000)]
  0x00007f7c48076800 JavaThread "Reference Handler" daemon [_thread_blocked, id=27071, stack(0x00007f7c34b32000,0x00007f7c34c33000)]

Other Threads:
=>0x00007f7c4806f000 VMThread [stack: 0x00007f7c34c33000,0x00007f7c34d34000] [id=27070]
  0x00007f7c480d5800 WatcherThread [stack: 0x00007f7c0fcfd000,0x00007f7c0fdfe000] [id=27084]

VM state:at safepoint (normal execution)

VM Mutex/Monitor currently owned by a thread:  ([mutex/lock_event])
[0x00007f7c480081d0] ExpandHeap_lock - owner thread: 0x00007f7c4806f000
[0x00007f7c48008850] Threads_lock - owner thread: 0x00007f7c4806f000
[0x00007f7c48008d50] Heap_lock - owner thread: 0x00007f7c24006000

Heap:
 PSYoungGen      total 104960K, used 5317K [0x00000000f5f00000, 0x00000000ffd00000, 0x0000000100000000)
  eden space 51712K, 0% used [0x00000000f5f00000,0x00000000f5f00000,0x00000000f9180000)
  from space 53248K, 9% used [0x00000000f9180000,0x00000000f96b1608,0x00000000fc580000)
  to   space 54272K, 0% used [0x00000000fc800000,0x00000000fc800000,0x00000000ffd00000)
 ParOldGen       total 135168K, used 134971K [0x00000000e1c00000, 0x00000000ea000000, 0x00000000f5f00000)
  object space 135168K, 99% used [0x00000000e1c00000,0x00000000e9fcec48,0x00000000ea000000)
 Metaspace       used 22791K, capacity 23074K, committed 23296K, reserved 1069056K
  class space    used 2970K, capacity 3013K, committed 3072K, reserved 1048576K

Card table byte_map: [0x00007f7c4c00f000,0x00007f7c4c102000] byte_map_base: 0x00007f7c4b901000

Marking Bits: (ParMarkBitMap*) 0x00007f7c4d35fac0
 Begin Bits: [0x00007f7c36288000, 0x00007f7c36a18000)
 End Bits:   [0x00007f7c36a18000, 0x00007f7c371a8000)

Polling page: 0x00007f7c4dfa6000

CodeCache: size=245760Kb used=13079Kb max_used=14339Kb free=232680Kb
 bounds [0x00007f7c3776a000, 0x00007f7c385ca000, 0x00007f7c4676a000]
 total_blobs=4271 nmethods=3652 adapters=539
 compilation: enabled

Compilation events (10 events):
Event: 42,626 Thread 0x00007f7c480ba800 4548       4       java.awt.BorderLayout::getChild (152 bytes)
Event: 42,628 Thread 0x00007f7c480ba800 nmethod 4548 0x00007f7c37e07cd0 code [0x00007f7c37e07e20, 0x00007f7c37e07fb8]
Event: 42,698 Thread 0x00007f7c480bd800 4549       3       java.util.TreeMap::values (27 bytes)
Event: 42,698 Thread 0x00007f7c480bd800 nmethod 4549 0x00007f7c37e9bf10 code [0x00007f7c37e9c080, 0x00007f7c37e9c3d0]
Event: 42,757 Thread 0x00007f7c480ba800 4550       4       javax.swing.BufferStrategyPaintManager::accumulate (54 bytes)
Event: 42,758 Thread 0x00007f7c480ba800 nmethod 4550 0x00007f7c37dba810 code [0x00007f7c37dba960, 0x00007f7c37dba9f8]
Event: 42,761 Thread 0x00007f7c480ba800 4551       4       javax.swing.JFrame::getGraphics (9 bytes)
Event: 42,775 Thread 0x00007f7c480ba800 nmethod 4551 0x00007f7c379de6d0 code [0x00007f7c379de8c0, 0x00007f7c379df2a0]
Event: 42,864 Thread 0x00007f7c480ba800 4552       4       java.security.AccessControlContext::<init> (30 bytes)
Event: 42,864 Thread 0x00007f7c480ba800 nmethod 4552 0x00007f7c38217390 code [0x00007f7c382174e0, 0x00007f7c38217578]

GC Heap History (10 events):
Event: 34,066 GC heap after
Heap after GC invocations=24 (full 3):
 PSYoungGen      total 100864K, used 33621K [0x00000000f5f00000, 0x00000000ff800000, 0x0000000100000000)
  eden space 47616K, 0% used [0x00000000f5f00000,0x00000000f5f00000,0x00000000f8d80000)
  from space 53248K, 63% used [0x00000000f8d80000,0x00000000fae554f0,0x00000000fc180000)
  to   space 53248K, 0% used [0x00000000fc400000,0x00000000fc400000,0x00000000ff800000)
 ParOldGen       total 135168K, used 105356K [0x00000000e1c00000, 0x00000000ea000000, 0x00000000f5f00000)
  object space 135168K, 77% used [0x00000000e1c00000,0x00000000e82e3058,0x00000000ea000000)
 Metaspace       used 22775K, capacity 23010K, committed 23296K, reserved 1069056K
  class space    used 2969K, capacity 3013K, committed 3072K, reserved 1048576K
}
Event: 36,188 GC heap before
{Heap before GC invocations=25 (full 3):
 PSYoungGen      total 100864K, used 81237K [0x00000000f5f00000, 0x00000000ff800000, 0x0000000100000000)
  eden space 47616K, 100% used [0x00000000f5f00000,0x00000000f8d80000,0x00000000f8d80000)
  from space 53248K, 63% used [0x00000000f8d80000,0x00000000fae554f0,0x00000000fc180000)
  to   space 53248K, 0% used [0x00000000fc400000,0x00000000fc400000,0x00000000ff800000)
 ParOldGen       total 135168K, used 105356K [0x00000000e1c00000, 0x00000000ea000000, 0x00000000f5f00000)
  object space 135168K, 77% used [0x00000000e1c00000,0x00000000e82e3058,0x00000000ea000000)
 Metaspace       used 22775K, capacity 23010K, committed 23296K, reserved 1069056K
  class space    used 2969K, capacity 3013K, committed 3072K, reserved 1048576K
Event: 36,280 GC heap after
Heap after GC invocations=25 (full 3):
 PSYoungGen      total 102400K, used 34053K [0x00000000f5f00000, 0x00000000ff780000, 0x0000000100000000)
  eden space 49664K, 0% used [0x00000000f5f00000,0x00000000f5f00000,0x00000000f8f80000)
  from space 52736K, 64% used [0x00000000fc400000,0x00000000fe541500,0x00000000ff780000)
  to   space 53248K, 0% used [0x00000000f8f80000,0x00000000f8f80000,0x00000000fc380000)
 ParOldGen       total 135168K, used 105356K [0x00000000e1c00000, 0x00000000ea000000, 0x00000000f5f00000)
  object space 135168K, 77% used [0x00000000e1c00000,0x00000000e82e3058,0x00000000ea000000)
 Metaspace       used 22775K, capacity 23010K, committed 23296K, reserved 1069056K
  class space    used 2969K, capacity 3013K, committed 3072K, reserved 1048576K
}
Event: 38,583 GC heap before
{Heap before GC invocations=26 (full 3):
 PSYoungGen      total 102400K, used 83717K [0x00000000f5f00000, 0x00000000ff780000, 0x0000000100000000)
  eden space 49664K, 100% used [0x00000000f5f00000,0x00000000f8f80000,0x00000000f8f80000)
  from space 52736K, 64% used [0x00000000fc400000,0x00000000fe541500,0x00000000ff780000)
  to   space 53248K, 0% used [0x00000000f8f80000,0x00000000f8f80000,0x00000000fc380000)
 ParOldGen       total 135168K, used 105356K [0x00000000e1c00000, 0x00000000ea000000, 0x00000000f5f00000)
  object space 135168K, 77% used [0x00000000e1c00000,0x00000000e82e3058,0x00000000ea000000)
 Metaspace       used 22783K, capacity 23010K, committed 23296K, reserved 1069056K
  class space    used 2969K, capacity 3013K, committed 3072K, reserved 1048576K
Event: 38,652 GC heap after
Heap after GC invocations=26 (full 3):
 PSYoungGen      total 102912K, used 34485K [0x00000000f5f00000, 0x00000000ff980000, 0x0000000100000000)
  eden space 49664K, 0% used [0x00000000f5f00000,0x00000000f5f00000,0x00000000f8f80000)
  from space 53248K, 64% used [0x00000000f8f80000,0x00000000fb12d4f0,0x00000000fc380000)
  to   space 53248K, 0% used [0x00000000fc580000,0x00000000fc580000,0x00000000ff980000)
 ParOldGen       total 135168K, used 105356K [0x00000000e1c00000, 0x00000000ea000000, 0x00000000f5f00000)
  object space 135168K, 77% used [0x00000000e1c00000,0x00000000e82e3058,0x00000000ea000000)
 Metaspace       used 22783K, capacity 23010K, committed 23296K, reserved 1069056K
  class space    used 2969K, capacity 3013K, committed 3072K, reserved 1048576K
}
Event: 40,780 GC heap before
{Heap before GC invocations=27 (full 3):
 PSYoungGen      total 102912K, used 84149K [0x00000000f5f00000, 0x00000000ff980000, 0x0000000100000000)
  eden space 49664K, 100% used [0x00000000f5f00000,0x00000000f8f80000,0x00000000f8f80000)
  from space 53248K, 64% used [0x00000000f8f80000,0x00000000fb12d4f0,0x00000000fc380000)
  to   space 53248K, 0% used [0x00000000fc580000,0x00000000fc580000,0x00000000ff980000)
 ParOldGen       total 135168K, used 105356K [0x00000000e1c00000, 0x00000000ea000000, 0x00000000f5f00000)
  object space 135168K, 77% used [0x00000000e1c00000,0x00000000e82e3058,0x00000000ea000000)
 Metaspace       used 22786K, capacity 23010K, committed 23296K, reserved 1069056K
  class space    used 2969K, capacity 3013K, committed 3072K, reserved 1048576K
Event: 40,850 GC heap after
Heap after GC invocations=27 (full 3):
 PSYoungGen      total 104960K, used 34981K [0x00000000f5f00000, 0x00000000ff980000, 0x0000000100000000)
  eden space 51712K, 0% used [0x00000000f5f00000,0x00000000f5f00000,0x00000000f9180000)
  from space 53248K, 65% used [0x00000000fc580000,0x00000000fe7a9500,0x00000000ff980000)
  to   space 53248K, 0% used [0x00000000f9180000,0x00000000f9180000,0x00000000fc580000)
 ParOldGen       total 135168K, used 105356K [0x00000000e1c00000, 0x00000000ea000000, 0x00000000f5f00000)
  object space 135168K, 77% used [0x00000000e1c00000,0x00000000e82e3058,0x00000000ea000000)
 Metaspace       used 22786K, capacity 23010K, committed 23296K, reserved 1069056K
  class space    used 2969K, capacity 3013K, committed 3072K, reserved 1048576K
}
Event: 43,008 GC heap before
{Heap before GC invocations=28 (full 3):
 PSYoungGen      total 104960K, used 86693K [0x00000000f5f00000, 0x00000000ff980000, 0x0000000100000000)
  eden space 51712K, 100% used [0x00000000f5f00000,0x00000000f9180000,0x00000000f9180000)
  from space 53248K, 65% used [0x00000000fc580000,0x00000000fe7a9500,0x00000000ff980000)
  to   space 53248K, 0% used [0x00000000f9180000,0x00000000f9180000,0x00000000fc580000)
 ParOldGen       total 135168K, used 105356K [0x00000000e1c00000, 0x00000000ea000000, 0x00000000f5f00000)
  object space 135168K, 77% used [0x00000000e1c00000,0x00000000e82e3058,0x00000000ea000000)
 Metaspace       used 22791K, capacity 23074K, committed 23296K, reserved 1069056K
  class space    used 2970K, capacity 3013K, committed 3072K, reserved 1048576K
Event: 43,097 GC heap after
Heap after GC invocations=28 (full 3):
 PSYoungGen      total 104960K, used 10501K [0x00000000f5f00000, 0x00000000ffd00000, 0x0000000100000000)
  eden space 51712K, 0% used [0x00000000f5f00000,0x00000000f5f00000,0x00000000f9180000)
  from space 53248K, 19% used [0x00000000f9180000,0x00000000f9bc1500,0x00000000fc580000)
  to   space 54272K, 0% used [0x00000000fc800000,0x00000000fc800000,0x00000000ffd00000)
 ParOldGen       total 135168K, used 130356K [0x00000000e1c00000, 0x00000000ea000000, 0x00000000f5f00000)
  object space 135168K, 96% used [0x00000000e1c00000,0x00000000e9b4d058,0x00000000ea000000)
 Metaspace       used 22791K, capacity 23074K, committed 23296K, reserved 1069056K
  class space    used 2970K, capacity 3013K, committed 3072K, reserved 1048576K
}
Event: 43,113 GC heap before
{Heap before GC invocations=29 (full 4):
 PSYoungGen      total 104960K, used 10501K [0x00000000f5f00000, 0x00000000ffd00000, 0x0000000100000000)
  eden space 51712K, 0% used [0x00000000f5f00000,0x00000000f5f00000,0x00000000f9180000)
  from space 53248K, 19% used [0x00000000f9180000,0x00000000f9bc1500,0x00000000fc580000)
  to   space 54272K, 0% used [0x00000000fc800000,0x00000000fc800000,0x00000000ffd00000)
 ParOldGen       total 135168K, used 130356K [0x00000000e1c00000, 0x00000000ea000000, 0x00000000f5f00000)
  object space 135168K, 96% used [0x00000000e1c00000,0x00000000e9b4d058,0x00000000ea000000)
 Metaspace       used 22791K, capacity 23074K, committed 23296K, reserved 1069056K
  class space    used 2970K, capacity 3013K, committed 3072K, reserved 1048576K

Deoptimization events (10 events):
Event: 28,491 Thread 0x00007f7bf8002000 Uncommon trap: reason=class_check action=maybe_recompile pc=0x00007f7c3788842c method=java.awt.geom.RectIterator.<init>(Ljava/awt/geom/Rectangle2D;Ljava/awt/geom/AffineTransform;)V @ 6
Event: 28,491 Thread 0x00007f7bf8002000 Uncommon trap: reason=class_check action=maybe_recompile pc=0x00007f7c3788842c method=java.awt.geom.RectIterator.<init>(Ljava/awt/geom/Rectangle2D;Ljava/awt/geom/AffineTransform;)V @ 6
Event: 28,491 Thread 0x00007f7bf8002000 Uncommon trap: reason=class_check action=maybe_recompile pc=0x00007f7c3788842c method=java.awt.geom.RectIterator.<init>(Ljava/awt/geom/Rectangle2D;Ljava/awt/geom/AffineTransform;)V @ 6
Event: 28,491 Thread 0x00007f7bf8002000 Uncommon trap: reason=unreached action=reinterpret pc=0x00007f7c37aef6e4 method=java.awt.geom.Path2D$Float.<init>(Ljava/awt/Shape;Ljava/awt/geom/AffineTransform;)V @ 8
Event: 28,492 Thread 0x00007f7bf8002000 Uncommon trap: reason=class_check action=maybe_recompile pc=0x00007f7c384b7ccc method=sun.java2d.loops.ProcessPath.doProcessPath(Lsun/java2d/loops/ProcessPath$ProcessHandler;Ljava/awt/geom/Path2D$Float;FF)Z @ 1005
Event: 31,020 Thread 0x00007f7c2c003800 Uncommon trap: reason=uninitialized action=reinterpret pc=0x00007f7c3856c380 method=edu.turtlekit3.warbot.teams.doe.WarExplorerBrainController.action()Ljava/lang/String; @ 23
Event: 35,308 Thread 0x00007f7c2c003800 Uncommon trap: reason=uninitialized action=reinterpret pc=0x00007f7c3813d640 method=edu.turtlekit3.warbot.teams.doe.WarExplorerBrainController.action()Ljava/lang/String; @ 23
Event: 36,921 Thread 0x00007f7bf8002000 Uncommon trap: reason=unreached action=reinterpret pc=0x00007f7c37fca068 method=sun.java2d.xr.MaskTileManager.uploadMask(IIII[B)I @ 5
Event: 39,157 Thread 0x00007f7c24006800 Uncommon trap: reason=range_check action=make_not_entrant pc=0x00007f7c380b8be0 method=java.awt.image.DirectColorModel.getRedMask()I @ 5
Event: 39,456 Thread 0x00007f7c2c003800 Uncommon trap: reason=uninitialized action=reinterpret pc=0x00007f7c3806b43c method=edu.turtlekit3.warbot.teams.doe.WarExplorerBrainController.action()Ljava/lang/String; @ 23

Internal exceptions (10 events):
Event: 43,001 Thread 0x00007f7c2c003800 Implicit null exception at 0x00007f7c37e0fd9c to 0x00007f7c37e1107c
Event: 43,001 Thread 0x00007f7c2c003800 Exception <a 'java/lang/NullPointerException'> (0x00000000f912a020) thrown at [/HUDSON/workspace/8-2-build-linux-amd64/jdk8u20/1074/hotspot/src/share/vm/runtime/sharedRuntime.cpp, line 604]
Event: 43,001 Thread 0x00007f7c2c003800 Implicit null exception at 0x00007f7c37e0fd9c to 0x00007f7c37e1107c
Event: 43,001 Thread 0x00007f7c2c003800 Exception <a 'java/lang/NullPointerException'> (0x00000000f912cd80) thrown at [/HUDSON/workspace/8-2-build-linux-amd64/jdk8u20/1074/hotspot/src/share/vm/runtime/sharedRuntime.cpp, line 604]
Event: 43,001 Thread 0x00007f7c2c003800 Implicit null exception at 0x00007f7c37e0fd9c to 0x00007f7c37e1107c
Event: 43,001 Thread 0x00007f7c2c003800 Exception <a 'java/lang/NullPointerException'> (0x00000000f912e8b0) thrown at [/HUDSON/workspace/8-2-build-linux-amd64/jdk8u20/1074/hotspot/src/share/vm/runtime/sharedRuntime.cpp, line 604]
Event: 43,001 Thread 0x00007f7c2c003800 Implicit null exception at 0x00007f7c37e0fd9c to 0x00007f7c37e1107c
Event: 43,001 Thread 0x00007f7c2c003800 Exception <a 'java/lang/NullPointerException'> (0x00000000f9132430) thrown at [/HUDSON/workspace/8-2-build-linux-amd64/jdk8u20/1074/hotspot/src/share/vm/runtime/sharedRuntime.cpp, line 604]
Event: 43,001 Thread 0x00007f7c2c003800 Implicit null exception at 0x00007f7c37e0fd9c to 0x00007f7c37e1107c
Event: 43,001 Thread 0x00007f7c2c003800 Exception <a 'java/lang/NullPointerException'> (0x00000000f9133f00) thrown at [/HUDSON/workspace/8-2-build-linux-amd64/jdk8u20/1074/hotspot/src/share/vm/runtime/sharedRuntime.cpp, line 604]

Events (10 events):
Event: 43,001 Thread 0x00007f7c2c003800 DEOPT UNPACKING pc=0x00007f7c377b0f73 sp=0x00007f7bf7af8ca0 mode 1
Event: 43,001 Thread 0x00007f7c2c003800 DEOPT PACKING pc=0x00007f7c37e11081 sp=0x00007f7bf7af8ed0
Event: 43,001 Thread 0x00007f7c2c003800 DEOPT UNPACKING pc=0x00007f7c377b0f73 sp=0x00007f7bf7af8ca0 mode 1
Event: 43,001 Thread 0x00007f7c2c003800 DEOPT PACKING pc=0x00007f7c37e11081 sp=0x00007f7bf7af8ed0
Event: 43,001 Thread 0x00007f7c2c003800 DEOPT UNPACKING pc=0x00007f7c377b0f73 sp=0x00007f7bf7af8ca0 mode 1
Event: 43,001 Thread 0x00007f7c2c003800 DEOPT PACKING pc=0x00007f7c37e11081 sp=0x00007f7bf7af8ed0
Event: 43,001 Thread 0x00007f7c2c003800 DEOPT UNPACKING pc=0x00007f7c377b0f73 sp=0x00007f7bf7af8ca0 mode 1
Event: 43,001 Thread 0x00007f7c2c003800 DEOPT PACKING pc=0x00007f7c37e11081 sp=0x00007f7bf7af8ed0
Event: 43,001 Thread 0x00007f7c2c003800 DEOPT UNPACKING pc=0x00007f7c377b0f73 sp=0x00007f7bf7af8ca0 mode 1
Event: 43,008 Executing VM operation: ParallelGCFailedAllocation


Dynamic libraries:
00400000-00401000 r-xp 00000000 08:03 1579710                            /usr/lib/jvm/java-8-oracle/bin/java
00600000-00601000 rw-p 00000000 08:03 1579710                            /usr/lib/jvm/java-8-oracle/bin/java
00aa9000-00af4000 rw-p 00000000 00:00 0                                  [heap]
e1c00000-ea000000 rw-p 00000000 00:00 0 
ed100000-f5f00000 ---p 00000000 00:00 0 
f5f00000-ffd00000 rw-p 00000000 00:00 0 
ffd00000-100000000 ---p 00000000 00:00 0 
100000000-100300000 rw-p 00000000 00:00 0 
100300000-140000000 ---p 00000000 00:00 0 
7f7bf02f9000-7f7bf0323000 r-xp 00000000 08:03 1579871                    /usr/lib/jvm/java-8-oracle/jre/lib/amd64/libdcpr.so
7f7bf0323000-7f7bf0523000 ---p 0002a000 08:03 1579871                    /usr/lib/jvm/java-8-oracle/jre/lib/amd64/libdcpr.so
7f7bf0523000-7f7bf0526000 rw-p 0002a000 08:03 1579871                    /usr/lib/jvm/java-8-oracle/jre/lib/amd64/libdcpr.so
7f7bf1268000-7f7bf1428000 rw-p 00000000 00:00 0 
7f7bf1428000-7f7bf1468000 ---p 00000000 00:00 0 
7f7bf1468000-7f7bf1469000 ---p 00000000 00:00 0 
7f7bf1469000-7f7bf1c69000 rw-p 00000000 00:00 0                          [stack:27153]
7f7bf1c69000-7f7bf1cad000 r-xp 00000000 08:03 1704083                    /lib/x86_64-linux-gnu/libdbus-1.so.3.7.6
7f7bf1cad000-7f7bf1eac000 ---p 00044000 08:03 1704083                    /lib/x86_64-linux-gnu/libdbus-1.so.3.7.6
7f7bf1eac000-7f7bf1ead000 r--p 00043000 08:03 1704083                    /lib/x86_64-linux-gnu/libdbus-1.so.3.7.6
7f7bf1ead000-7f7bf1eae000 rw-p 00044000 08:03 1704083                    /lib/x86_64-linux-gnu/libdbus-1.so.3.7.6
7f7bf1eae000-7f7bf1eb6000 r-xp 00000000 08:03 1708408                    /lib/x86_64-linux-gnu/libnih-dbus.so.1.0.0
7f7bf1eb6000-7f7bf20b6000 ---p 00008000 08:03 1708408                    /lib/x86_64-linux-gnu/libnih-dbus.so.1.0.0
7f7bf20b6000-7f7bf20b7000 r--p 00008000 08:03 1708408                    /lib/x86_64-linux-gnu/libnih-dbus.so.1.0.0
7f7bf20b7000-7f7bf20b8000 rw-p 00009000 08:03 1708408                    /lib/x86_64-linux-gnu/libnih-dbus.so.1.0.0
7f7bf20b8000-7f7bf20cf000 r-xp 00000000 08:03 1708409                    /lib/x86_64-linux-gnu/libnih.so.1.0.0
7f7bf20cf000-7f7bf22ce000 ---p 00017000 08:03 1708409                    /lib/x86_64-linux-gnu/libnih.so.1.0.0
7f7bf22ce000-7f7bf22cf000 r--p 00016000 08:03 1708409                    /lib/x86_64-linux-gnu/libnih.so.1.0.0
7f7bf22cf000-7f7bf22d0000 rw-p 00017000 08:03 1708409                    /lib/x86_64-linux-gnu/libnih.so.1.0.0
7f7bf22d0000-7f7bf22e9000 r-xp 00000000 08:03 1708378                    /lib/x86_64-linux-gnu/libcgmanager.so.0.0.0
7f7bf22e9000-7f7bf24e8000 ---p 00019000 08:03 1708378                    /lib/x86_64-linux-gnu/libcgmanager.so.0.0.0
7f7bf24e8000-7f7bf24ea000 r--p 00018000 08:03 1708378                    /lib/x86_64-linux-gnu/libcgmanager.so.0.0.0
7f7bf24ea000-7f7bf24eb000 rw-p 0001a000 08:03 1708378                    /lib/x86_64-linux-gnu/libcgmanager.so.0.0.0
7f7bf24eb000-7f7bf24fb000 r-xp 00000000 08:03 1704110                    /lib/x86_64-linux-gnu/libudev.so.1.3.5
7f7bf24fb000-7f7bf26fa000 ---p 00010000 08:03 1704110                    /lib/x86_64-linux-gnu/libudev.so.1.3.5
7f7bf26fa000-7f7bf26fb000 r--p 0000f000 08:03 1704110                    /lib/x86_64-linux-gnu/libudev.so.1.3.5
7f7bf26fb000-7f7bf26fc000 rw-p 00010000 08:03 1704110                    /lib/x86_64-linux-gnu/libudev.so.1.3.5
7f7bf26fc000-7f7bf2730000 r-xp 00000000 08:03 270451                     /usr/lib/x86_64-linux-gnu/gvfs/libgvfscommon.so
7f7bf2730000-7f7bf2930000 ---p 00034000 08:03 270451                     /usr/lib/x86_64-linux-gnu/gvfs/libgvfscommon.so
7f7bf2930000-7f7bf2935000 r--p 00034000 08:03 270451                     /usr/lib/x86_64-linux-gnu/gvfs/libgvfscommon.so
7f7bf2935000-7f7bf2936000 rw-p 00039000 08:03 270451                     /usr/lib/x86_64-linux-gnu/gvfs/libgvfscommon.so
7f7bf2936000-7f7bf2965000 r-xp 00000000 08:03 270157                     /usr/lib/x86_64-linux-gnu/gio/modules/libgvfsdbus.so
7f7bf2965000-7f7bf2b65000 ---p 0002f000 08:03 270157                     /usr/lib/x86_64-linux-gnu/gio/modules/libgvfsdbus.so
7f7bf2b65000-7f7bf2b66000 r--p 0002f000 08:03 270157                     /usr/lib/x86_64-linux-gnu/gio/modules/libgvfsdbus.so
7f7bf2b66000-7f7bf2b67000 rw-p 00030000 08:03 270157                     /usr/lib/x86_64-linux-gnu/gio/modules/libgvfsdbus.so
7f7bf2b67000-7f7bf2b68000 rw-p 00000000 00:00 0 
7f7bf2b68000-7f7bf2b69000 r-xp 00000000 08:03 1574077                    /usr/lib/x86_64-linux-gnu/libgthread-2.0.so.0.4002.0
7f7bf2b69000-7f7bf2d68000 ---p 00001000 08:03 1574077                    /usr/lib/x86_64-linux-gnu/libgthread-2.0.so.0.4002.0
7f7bf2d68000-7f7bf2d69000 r--p 00000000 08:03 1574077                    /usr/lib/x86_64-linux-gnu/libgthread-2.0.so.0.4002.0
7f7bf2d69000-7f7bf2d6a000 rw-p 00001000 08:03 1574077                    /usr/lib/x86_64-linux-gnu/libgthread-2.0.so.0.4002.0
7f7bf2d6a000-7f7bf2d70000 r-xp 00000000 08:03 1585706                    /usr/lib/x86_64-linux-gnu/libdatrie.so.1.3.1
7f7bf2d70000-7f7bf2f6f000 ---p 00006000 08:03 1585706                    /usr/lib/x86_64-linux-gnu/libdatrie.so.1.3.1
7f7bf2f6f000-7f7bf2f70000 r--p 00005000 08:03 1585706                    /usr/lib/x86_64-linux-gnu/libdatrie.so.1.3.1
7f7bf2f70000-7f7bf2f71000 rw-p 00006000 08:03 1585706                    /usr/lib/x86_64-linux-gnu/libdatrie.so.1.3.1
7f7bf2f71000-7f7bf2f8b000 r-xp 00000000 08:03 1585853                    /usr/lib/x86_64-linux-gnu/libgraphite2.so.3.0.1
7f7bf2f8b000-7f7bf318a000 ---p 0001a000 08:03 1585853                    /usr/lib/x86_64-linux-gnu/libgraphite2.so.3.0.1
7f7bf318a000-7f7bf318c000 r--p 00019000 08:03 1585853                    /usr/lib/x86_64-linux-gnu/libgraphite2.so.3.0.1
7f7bf318c000-7f7bf318d000 rw-p 0001b000 08:03 1585853                    /usr/lib/x86_64-linux-gnu/libgraphite2.so.3.0.1
7f7bf318d000-7f7bf31ca000 r-xp 00000000 08:03 1708432                    /lib/x86_64-linux-gnu/libpcre.so.3.13.1
7f7bf31ca000-7f7bf33c9000 ---p 0003d000 08:03 1708432                    /lib/x86_64-linux-gnu/libpcre.so.3.13.1
7f7bf33c9000-7f7bf33ca000 r--p 0003c000 08:03 1708432                    /lib/x86_64-linux-gnu/libpcre.so.3.13.1
7f7bf33ca000-7f7bf33cb000 rw-p 0003d000 08:03 1708432                    /lib/x86_64-linux-gnu/libpcre.so.3.13.1
7f7bf33cb000-7f7bf33d2000 r-xp 00000000 08:03 1585753                    /usr/lib/x86_64-linux-gnu/libffi.so.6.0.1
7f7bf33d2000-7f7bf35d1000 ---p 00007000 08:03 1585753                    /usr/lib/x86_64-linux-gnu/libffi.so.6.0.1
7f7bf35d1000-7f7bf35d2000 r--p 00006000 08:03 1585753                    /usr/lib/x86_64-linux-gnu/libffi.so.6.0.1
7f7bf35d2000-7f7bf35d3000 rw-p 00007000 08:03 1585753                    /usr/lib/x86_64-linux-gnu/libffi.so.6.0.1
7f7bf35d3000-7f7bf35fa000 r-xp 00000000 08:03 1708387                    /lib/x86_64-linux-gnu/libexpat.so.1.6.0
7f7bf35fa000-7f7bf37fa000 ---p 00027000 08:03 1708387                    /lib/x86_64-linux-gnu/libexpat.so.1.6.0
7f7bf37fa000-7f7bf37fc000 r--p 00027000 08:03 1708387                    /lib/x86_64-linux-gnu/libexpat.so.1.6.0
7f7bf37fc000-7f7bf37fd000 rw-p 00029000 08:03 1708387                    /lib/x86_64-linux-gnu/libexpat.so.1.6.0
7f7bf37fd000-7f7bf3805000 r-xp 00000000 08:03 1586262                    /usr/lib/x86_64-linux-gnu/libthai.so.0.2.0
7f7bf3805000-7f7bf3a04000 ---p 00008000 08:03 1586262                    /usr/lib/x86_64-linux-gnu/libthai.so.0.2.0
7f7bf3a04000-7f7bf3a05000 r--p 00007000 08:03 1586262                    /usr/lib/x86_64-linux-gnu/libthai.so.0.2.0
7f7bf3a05000-7f7bf3a06000 rw-p 00008000 08:03 1586262                    /usr/lib/x86_64-linux-gnu/libthai.so.0.2.0
7f7bf3a06000-7f7bf3a59000 r-xp 00000000 08:03 1573596                    /usr/lib/x86_64-linux-gnu/libharfbuzz.so.0.927.0
7f7bf3a59000-7f7bf3c59000 ---p 00053000 08:03 1573596                    /usr/lib/x86_64-linux-gnu/libharfbuzz.so.0.927.0
7f7bf3c59000-7f7bf3c5a000 r--p 00053000 08:03 1573596                    /usr/lib/x86_64-linux-gnu/libharfbuzz.so.0.927.0
7f7bf3c5a000-7f7bf3c5b000 rw-p 00054000 08:03 1573596                    /usr/lib/x86_64-linux-gnu/libharfbuzz.so.0.927.0
7f7bf3c5b000-7f7bf3c72000 r-xp 00000000 08:03 1708444                    /lib/x86_64-linux-gnu/libresolv-2.19.so
7f7bf3c72000-7f7bf3e72000 ---p 00017000 08:03 1708444                    /lib/x86_64-linux-gnu/libresolv-2.19.so
7f7bf3e72000-7f7bf3e73000 r--p 00017000 08:03 1708444                    /lib/x86_64-linux-gnu/libresolv-2.19.so
7f7bf3e73000-7f7bf3e74000 rw-p 00018000 08:03 1708444                    /lib/x86_64-linux-gnu/libresolv-2.19.so
7f7bf3e74000-7f7bf3e76000 rw-p 00000000 00:00 0 
7f7bf3e76000-7f7bf3e96000 r-xp 00000000 08:03 1708446                    /lib/x86_64-linux-gnu/libselinux.so.1
7f7bf3e96000-7f7bf4095000 ---p 00020000 08:03 1708446                    /lib/x86_64-linux-gnu/libselinux.so.1
7f7bf4095000-7f7bf4096000 r--p 0001f000 08:03 1708446                    /lib/x86_64-linux-gnu/libselinux.so.1
7f7bf4096000-7f7bf4097000 rw-p 00020000 08:03 1708446                    /lib/x86_64-linux-gnu/libselinux.so.1
7f7bf4097000-7f7bf4099000 rw-p 00000000 00:00 0 
7f7bf4099000-7f7bf40b1000 r-xp 00000000 08:03 1708463                    /lib/x86_64-linux-gnu/libz.so.1.2.8
7f7bf40b1000-7f7bf42b0000 ---p 00018000 08:03 1708463                    /lib/x86_64-linux-gnu/libz.so.1.2.8
7f7bf42b0000-7f7bf42b1000 r--p 00017000 08:03 1708463                    /lib/x86_64-linux-gnu/libz.so.1.2.8
7f7bf42b1000-7f7bf42b2000 rw-p 00018000 08:03 1708463                    /lib/x86_64-linux-gnu/libz.so.1.2.8
7f7bf42b2000-7f7bf42ba000 r-xp 00000000 08:03 1586387                    /usr/lib/x86_64-linux-gnu/libxcb-render.so.0.0.0
7f7bf42ba000-7f7bf44b9000 ---p 00008000 08:03 1586387                    /usr/lib/x86_64-linux-gnu/libxcb-render.so.0.0.0
7f7bf44b9000-7f7bf44ba000 r--p 00007000 08:03 1586387                    /usr/lib/x86_64-linux-gnu/libxcb-render.so.0.0.0
7f7bf44ba000-7f7bf44bb000 rw-p 00008000 08:03 1586387                    /usr/lib/x86_64-linux-gnu/libxcb-render.so.0.0.0
7f7bf44bb000-7f7bf44bd000 r-xp 00000000 08:03 1586390                    /usr/lib/x86_64-linux-gnu/libxcb-shm.so.0.0.0
7f7bf44bd000-7f7bf46bc000 ---p 00002000 08:03 1586390                    /usr/lib/x86_64-linux-gnu/libxcb-shm.so.0.0.0
7f7bf46bc000-7f7bf46bd000 r--p 00001000 08:03 1586390                    /usr/lib/x86_64-linux-gnu/libxcb-shm.so.0.0.0
7f7bf46bd000-7f7bf46be000 rw-p 00002000 08:03 1586390                    /usr/lib/x86_64-linux-gnu/libxcb-shm.so.0.0.0
7f7bf46be000-7f7bf46e3000 r-xp 00000000 08:03 1708438                    /lib/x86_64-linux-gnu/libpng12.so.0.50.0
7f7bf46e3000-7f7bf48e2000 ---p 00025000 08:03 1708438                    /lib/x86_64-linux-gnu/libpng12.so.0.50.0
7f7bf48e2000-7f7bf48e3000 r--p 00024000 08:03 1708438                    /lib/x86_64-linux-gnu/libpng12.so.0.50.0
7f7bf48e3000-7f7bf48e4000 rw-p 00025000 08:03 1708438                    /lib/x86_64-linux-gnu/libpng12.so.0.50.0
7f7bf48e4000-7f7bf4985000 r-xp 00000000 08:03 1586126                    /usr/lib/x86_64-linux-gnu/libpixman-1.so.0.30.2
7f7bf4985000-7f7bf4b85000 ---p 000a1000 08:03 1586126                    /usr/lib/x86_64-linux-gnu/libpixman-1.so.0.30.2
7f7bf4b85000-7f7bf4b8c000 r--p 000a1000 08:03 1586126                    /usr/lib/x86_64-linux-gnu/libpixman-1.so.0.30.2
7f7bf4b8c000-7f7bf4b8d000 rw-p 000a8000 08:03 1586126                    /usr/lib/x86_64-linux-gnu/libpixman-1.so.0.30.2
7f7bf4b8d000-7f7bf4c2a000 r-xp 00000000 08:03 1585783                    /usr/lib/x86_64-linux-gnu/libfreetype.so.6.11.1
7f7bf4c2a000-7f7bf4e29000 ---p 0009d000 08:03 1585783                    /usr/lib/x86_64-linux-gnu/libfreetype.so.6.11.1
7f7bf4e29000-7f7bf4e2f000 r--p 0009c000 08:03 1585783                    /usr/lib/x86_64-linux-gnu/libfreetype.so.6.11.1
7f7bf4e2f000-7f7bf4e30000 rw-p 000a2000 08:03 1585783                    /usr/lib/x86_64-linux-gnu/libfreetype.so.6.11.1
7f7bf4e30000-7f7bf4e32000 r-xp 00000000 08:03 1585545                    /usr/lib/x86_64-linux-gnu/libXdamage.so.1.1.0
7f7bf4e32000-7f7bf5031000 ---p 00002000 08:03 1585545                    /usr/lib/x86_64-linux-gnu/libXdamage.so.1.1.0
7f7bf5031000-7f7bf5032000 r--p 00001000 08:03 1585545                    /usr/lib/x86_64-linux-gnu/libXdamage.so.1.1.0
7f7bf5032000-7f7bf5033000 rw-p 00002000 08:03 1585545                    /usr/lib/x86_64-linux-gnu/libXdamage.so.1.1.0
7f7bf5033000-7f7bf5035000 r-xp 00000000 08:03 1585542                    /usr/lib/x86_64-linux-gnu/libXcomposite.so.1.0.0
7f7bf5035000-7f7bf5234000 ---p 00002000 08:03 1585542                    /usr/lib/x86_64-linux-gnu/libXcomposite.so.1.0.0
7f7bf5234000-7f7bf5235000 r--p 00001000 08:03 1585542                    /usr/lib/x86_64-linux-gnu/libXcomposite.so.1.0.0
7f7bf5235000-7f7bf5236000 rw-p 00002000 08:03 1585542                    /usr/lib/x86_64-linux-gnu/libXcomposite.so.1.0.0
7f7bf5236000-7f7bf523f000 r-xp 00000000 08:03 1585563                    /usr/lib/x86_64-linux-gnu/libXrandr.so.2.2.0
7f7bf523f000-7f7bf543e000 ---p 00009000 08:03 1585563                    /usr/lib/x86_64-linux-gnu/libXrandr.so.2.2.0
7f7bf543e000-7f7bf543f000 r--p 00008000 08:03 1585563                    /usr/lib/x86_64-linux-gnu/libXrandr.so.2.2.0
7f7bf543f000-7f7bf5440000 rw-p 00009000 08:03 1585563                    /usr/lib/x86_64-linux-gnu/libXrandr.so.2.2.0
7f7bf5440000-7f7bf5442000 r-xp 00000000 08:03 1585555                    /usr/lib/x86_64-linux-gnu/libXinerama.so.1.0.0
7f7bf5442000-7f7bf5641000 ---p 00002000 08:03 1585555                    /usr/lib/x86_64-linux-gnu/libXinerama.so.1.0.0
7f7bf5641000-7f7bf5642000 r--p 00001000 08:03 1585555                    /usr/lib/x86_64-linux-gnu/libXinerama.so.1.0.0
7f7bf5642000-7f7bf5643000 rw-p 00002000 08:03 1585555                    /usr/lib/x86_64-linux-gnu/libXinerama.so.1.0.0
7f7bf5643000-7f7bf5749000 r-xp 00000000 08:03 1704087                    /lib/x86_64-linux-gnu/libglib-2.0.so.0.4002.0
7f7bf5749000-7f7bf5948000 ---p 00106000 08:03 1704087                    /lib/x86_64-linux-gnu/libglib-2.0.so.0.4002.0
7f7bf5948000-7f7bf5949000 r--p 00105000 08:03 1704087                    /lib/x86_64-linux-gnu/libglib-2.0.so.0.4002.0
7f7bf5949000-7f7bf594a000 rw-p 00106000 08:03 1704087                    /lib/x86_64-linux-gnu/libglib-2.0.so.0.4002.0
7f7bf594a000-7f7bf594b000 rw-p 00000000 00:00 0 
7f7bf594b000-7f7bf599a000 r-xp 00000000 08:03 1574075                    /usr/lib/x86_64-linux-gnu/libgobject-2.0.so.0.4002.0
7f7bf599a000-7f7bf5b9a000 ---p 0004f000 08:03 1574075                    /usr/lib/x86_64-linux-gnu/libgobject-2.0.so.0.4002.0
7f7bf5b9a000-7f7bf5b9b000 r--p 0004f000 08:03 1574075                    /usr/lib/x86_64-linux-gnu/libgobject-2.0.so.0.4002.0
7f7bf5b9b000-7f7bf5b9c000 rw-p 00050000 08:03 1574075                    /usr/lib/x86_64-linux-gnu/libgobject-2.0.so.0.4002.0
7f7bf5b9c000-7f7bf5bd6000 r-xp 00000000 08:03 1585773                    /usr/lib/x86_64-linux-gnu/libfontconfig.so.1.8.0
7f7bf5bd6000-7f7bf5dd5000 ---p 0003a000 08:03 1585773                    /usr/lib/x86_64-linux-gnu/libfontconfig.so.1.8.0
7f7bf5dd5000-7f7bf5dd7000 r--p 00039000 08:03 1585773                    /usr/lib/x86_64-linux-gnu/libfontconfig.so.1.8.0
7f7bf5dd7000-7f7bf5dd8000 rw-p 0003b000 08:03 1585773                    /usr/lib/x86_64-linux-gnu/libfontconfig.so.1.8.0
7f7bf5dd8000-7f7bf5e22000 r-xp 00000000 08:03 1579635                    /usr/lib/x86_64-linux-gnu/libpango-1.0.so.0.3600.3
7f7bf5e22000-7f7bf6022000 ---p 0004a000 08:03 1579635                    /usr/lib/x86_64-linux-gnu/libpango-1.0.so.0.3600.3
7f7bf6022000-7f7bf6024000 r--p 0004a000 08:03 1579635                    /usr/lib/x86_64-linux-gnu/libpango-1.0.so.0.3600.3
7f7bf6024000-7f7bf6025000 rw-p 0004c000 08:03 1579635                    /usr/lib/x86_64-linux-gnu/libpango-1.0.so.0.3600.3
7f7bf6025000-7f7bf6039000 r-xp 00000000 08:03 1579637                    /usr/lib/x86_64-linux-gnu/libpangoft2-1.0.so.0.3600.3
7f7bf6039000-7f7bf6238000 ---p 00014000 08:03 1579637                    /usr/lib/x86_64-linux-gnu/libpangoft2-1.0.so.0.3600.3
7f7bf6238000-7f7bf6239000 r--p 00013000 08:03 1579637                    /usr/lib/x86_64-linux-gnu/libpangoft2-1.0.so.0.3600.3
7f7bf6239000-7f7bf623a000 rw-p 00014000 08:03 1579637                    /usr/lib/x86_64-linux-gnu/libpangoft2-1.0.so.0.3600.3
7f7bf623a000-7f7bf63a6000 r-xp 00000000 08:03 1574079                    /usr/lib/x86_64-linux-gnu/libgio-2.0.so.0.4002.0
7f7bf63a6000-7f7bf65a5000 ---p 0016c000 08:03 1574079                    /usr/lib/x86_64-linux-gnu/libgio-2.0.so.0.4002.0
7f7bf65a5000-7f7bf65a9000 r--p 0016b000 08:03 1574079                    /usr/lib/x86_64-linux-gnu/libgio-2.0.so.0.4002.0
7f7bf65a9000-7f7bf65ab000 rw-p 0016f000 08:03 1574079                    /usr/lib/x86_64-linux-gnu/libgio-2.0.so.0.4002.0
7f7bf65ab000-7f7bf65ad000 rw-p 00000000 00:00 0 
7f7bf65ad000-7f7bf65cc000 r-xp 00000000 08:03 1585806                    /usr/lib/x86_64-linux-gnu/libgdk_pixbuf-2.0.so.0.3000.7
7f7bf65cc000-7f7bf67cc000 ---p 0001f000 08:03 1585806                    /usr/lib/x86_64-linux-gnu/libgdk_pixbuf-2.0.so.0.3000.7
7f7bf67cc000-7f7bf67cd000 r--p 0001f000 08:03 1585806                    /usr/lib/x86_64-linux-gnu/libgdk_pixbuf-2.0.so.0.3000.7
7f7bf67cd000-7f7bf67ce000 rw-p 00020000 08:03 1585806                    /usr/lib/x86_64-linux-gnu/libgdk_pixbuf-2.0.so.0.3000.7
7f7bf67ce000-7f7bf68d4000 r-xp 00000000 08:03 1585650                    /usr/lib/x86_64-linux-gnu/libcairo.so.2.11301.0
7f7bf68d4000-7f7bf6ad3000 ---p 00106000 08:03 1585650                    /usr/lib/x86_64-linux-gnu/libcairo.so.2.11301.0
7f7bf6ad3000-7f7bf6ad6000 r--p 00105000 08:03 1585650                    /usr/lib/x86_64-linux-gnu/libcairo.so.2.11301.0
7f7bf6ad6000-7f7bf6ad7000 rw-p 00108000 08:03 1585650                    /usr/lib/x86_64-linux-gnu/libcairo.so.2.11301.0
7f7bf6ad7000-7f7bf6ad9000 rw-p 00000000 00:00 0 
7f7bf6ad9000-7f7bf6af8000 r-xp 00000000 08:03 1585600                    /usr/lib/x86_64-linux-gnu/libatk-1.0.so.0.21009.1
7f7bf6af8000-7f7bf6cf8000 ---p 0001f000 08:03 1585600                    /usr/lib/x86_64-linux-gnu/libatk-1.0.so.0.21009.1
7f7bf6cf8000-7f7bf6cfa000 r--p 0001f000 08:03 1585600                    /usr/lib/x86_64-linux-gnu/libatk-1.0.so.0.21009.1
7f7bf6cfa000-7f7bf6cfb000 rw-p 00021000 08:03 1585600                    /usr/lib/x86_64-linux-gnu/libatk-1.0.so.0.21009.1
7f7bf6cfb000-7f7bf6d06000 r-xp 00000000 08:03 1579632                    /usr/lib/x86_64-linux-gnu/libpangocairo-1.0.so.0.3600.3
7f7bf6d06000-7f7bf6f06000 ---p 0000b000 08:03 1579632                    /usr/lib/x86_64-linux-gnu/libpangocairo-1.0.so.0.3600.3
7f7bf6f06000-7f7bf6f07000 r--p 0000b000 08:03 1579632                    /usr/lib/x86_64-linux-gnu/libpangocairo-1.0.so.0.3600.3
7f7bf6f07000-7f7bf6f08000 rw-p 0000c000 08:03 1579632                    /usr/lib/x86_64-linux-gnu/libpangocairo-1.0.so.0.3600.3
7f7bf6f08000-7f7bf6f0b000 r-xp 00000000 08:03 1574071                    /usr/lib/x86_64-linux-gnu/libgmodule-2.0.so.0.4002.0
7f7bf6f0b000-7f7bf710a000 ---p 00003000 08:03 1574071                    /usr/lib/x86_64-linux-gnu/libgmodule-2.0.so.0.4002.0
7f7bf710a000-7f7bf710b000 r--p 00002000 08:03 1574071                    /usr/lib/x86_64-linux-gnu/libgmodule-2.0.so.0.4002.0
7f7bf710b000-7f7bf710c000 rw-p 00003000 08:03 1574071                    /usr/lib/x86_64-linux-gnu/libgmodule-2.0.so.0.4002.0
7f7bf710c000-7f7bf71b9000 r-xp 00000000 08:03 1585805                    /usr/lib/x86_64-linux-gnu/libgdk-x11-2.0.so.0.2400.23
7f7bf71b9000-7f7bf73b8000 ---p 000ad000 08:03 1585805                    /usr/lib/x86_64-linux-gnu/libgdk-x11-2.0.so.0.2400.23
7f7bf73b8000-7f7bf73bc000 r--p 000ac000 08:03 1585805                    /usr/lib/x86_64-linux-gnu/libgdk-x11-2.0.so.0.2400.23
7f7bf73bc000-7f7bf73be000 rw-p 000b0000 08:03 1585805                    /usr/lib/x86_64-linux-gnu/libgdk-x11-2.0.so.0.2400.23
7f7bf73be000-7f7bf77ed000 r-xp 00000000 08:03 1585907                    /usr/lib/x86_64-linux-gnu/libgtk-x11-2.0.so.0.2400.23
7f7bf77ed000-7f7bf79ec000 ---p 0042f000 08:03 1585907                    /usr/lib/x86_64-linux-gnu/libgtk-x11-2.0.so.0.2400.23
7f7bf79ec000-7f7bf79f3000 r--p 0042e000 08:03 1585907                    /usr/lib/x86_64-linux-gnu/libgtk-x11-2.0.so.0.2400.23
7f7bf79f3000-7f7bf79f7000 rw-p 00435000 08:03 1585907                    /usr/lib/x86_64-linux-gnu/libgtk-x11-2.0.so.0.2400.23
7f7bf79f7000-7f7bf79fa000 rw-p 00000000 00:00 0 
7f7bf79fa000-7f7bf79fd000 ---p 00000000 00:00 0 
7f7bf79fd000-7f7bf7afb000 rw-p 00000000 00:00 0                          [stack:27149]
7f7bf7afb000-7f7bf7afe000 ---p 00000000 00:00 0 
7f7bf7afe000-7f7bf7bfc000 rw-p 00000000 00:00 0                          [stack:27146]
7f7bf7bfc000-7f7bf7bff000 ---p 00000000 00:00 0 
7f7bf7bff000-7f7bf7cfd000 rw-p 00000000 00:00 0                          [stack:27143]
7f7bf7cfd000-7f7bf7d00000 ---p 00000000 00:00 0 
7f7bf7d00000-7f7bf7dfe000 rw-p 00000000 00:00 0 
7f7bf7dfe000-7f7bf7e01000 ---p 00000000 00:00 0 
7f7bf7e01000-7f7bf7eff000 rw-p 00000000 00:00 0 
7f7bf7eff000-7f7bf7f02000 ---p 00000000 00:00 0 
7f7bf7f02000-7f7bf8000000 rw-p 00000000 00:00 0 
7f7bf8000000-7f7bf827d000 rw-p 00000000 00:00 0 
7f7bf827d000-7f7bfc000000 ---p 00000000 00:00 0 
7f7bfc000000-7f7bfc021000 rw-p 00000000 00:00 0 
7f7bfc021000-7f7c00000000 ---p 00000000 00:00 0 
7f7c00000000-7f7c00b40000 rw-p 00000000 00:00 0 
7f7c00b40000-7f7c04000000 ---p 00000000 00:00 0 
7f7c04000000-7f7c0423a000 rw-p 00000000 00:00 0 
7f7c0423a000-7f7c08000000 ---p 00000000 00:00 0 
7f7c08000000-7f7c0a35b000 rw-p 00000000 00:00 0 
7f7c0a35b000-7f7c0c000000 ---p 00000000 00:00 0 
7f7c0c0b2000-7f7c0c0cd000 r--p 00000000 08:03 407206                     /usr/share/locale-langpack/fr/LC_MESSAGES/glib20.mo
7f7c0c0cd000-7f7c0c0f8000 r--p 00000000 08:03 407250                     /usr/share/locale-langpack/fr/LC_MESSAGES/gtk20-properties.mo
7f7c0c0f8000-7f7c0c0fb000 ---p 00000000 00:00 0 
7f7c0c0fb000-7f7c0c1f9000 rw-p 00000000 00:00 0 
7f7c0c1f9000-7f7c0c1fc000 ---p 00000000 00:00 0 
7f7c0c1fc000-7f7c0c2fa000 rw-p 00000000 00:00 0                          [stack:27135]
7f7c0c2fa000-7f7c0c2fd000 ---p 00000000 00:00 0 
7f7c0c2fd000-7f7c0c5fb000 rw-p 00000000 00:00 0                          [stack:27134]
7f7c0c5fb000-7f7c0c7fb000 rw-p 00000000 00:00 0 
7f7c0c7fb000-7f7c0c9fb000 rw-p 00000000 00:00 0 
7f7c0c9fb000-7f7c0cbfb000 rw-p 00000000 00:00 0 
7f7c0cbfb000-7f7c0cbfe000 ---p 00000000 00:00 0 
7f7c0cbfe000-7f7c0ccfc000 rw-p 00000000 00:00 0                          [stack:27140]
7f7c0ccfc000-7f7c0cd0a000 r--s 00000000 08:03 1190923                    /var/cache/fontconfig/6aa41aa22e18b8fa06a12da28ea9c28b-le64.cache-4
7f7c0cd0a000-7f7c0cd0b000 r--s 00000000 08:03 1190938                    /var/cache/fontconfig/c05880de57d1f5e948fdfacc138775d9-le64.cache-4
7f7c0cd0b000-7f7c0cd16000 r--s 00000000 08:03 1190930                    /var/cache/fontconfig/945677eb7aeaf62f1d50efc3fb3ec7d8-le64.cache-4
7f7c0cd16000-7f7c0cd18000 r--s 00000000 08:03 1190932                    /var/cache/fontconfig/99e8ed0e538f840c565b6ed5dad60d56-le64.cache-4
7f7c0cd18000-7f7c0cd21000 r--s 00000000 08:03 1190934                    /var/cache/fontconfig/a6d8cf8e4ec09cdbc8633c31745a07dd-le64.cache-4
7f7c0cd21000-7f7c0cd27000 r--s 00000000 08:03 1190909                    /var/cache/fontconfig/2cd17615ca594fa2959ae173292e504c-le64.cache-4
7f7c0cd27000-7f7c0cd28000 r--s 00000000 08:03 1190953                    /var/cache/fontconfig/e7071f4a29fa870f4323321c154eba04-le64.cache-4
7f7c0cd28000-7f7c0cd29000 r--s 00000000 08:03 1190904                    /var/cache/fontconfig/0d8c3b2ac0904cb8a57a757ad11a4a08-le64.cache-4
7f7c0cd29000-7f7c0cd30000 r--s 00000000 08:03 1190935                    /var/cache/fontconfig/a755afe4a08bf5b97852ceb7400b47bc-le64.cache-4
7f7c0cd30000-7f7c0cd34000 r--s 00000000 08:03 1190924                    /var/cache/fontconfig/6d41288fd70b0be22e8c3a91e032eec0-le64.cache-4
7f7c0cd34000-7f7c0cd38000 r--s 00000000 08:03 1190948                    /var/cache/fontconfig/de156ccd2eddbdc19d37a45b8b2aac9c-le64.cache-4
7f7c0cd38000-7f7c0cd4c000 r--s 00000000 08:03 1190888                    /var/cache/fontconfig/04aabc0a78ac019cf9454389977116d2-le64.cache-4
7f7c0cd4c000-7f7c0cd4d000 r--s 00000000 08:03 1190907                    /var/cache/fontconfig/1ac9eb803944fde146138c791f5cc56a-le64.cache-4
7f7c0cd4d000-7f7c0cd51000 r--s 00000000 08:03 1190913                    /var/cache/fontconfig/385c0604a188198f04d133e54aba7fe7-le64.cache-4
7f7c0cd51000-7f7c0cd56000 r--s 00000000 08:03 1190928                    /var/cache/fontconfig/8801497958630a81b71ace7c5f9b32a8-le64.cache-4
7f7c0cd57000-7f7c0cd5b000 rw-s 00000000 00:04 13565966                   /SYSV00000000 (deleted)
7f7c0cd5b000-7f7c0cd6a000 r--p 00000000 08:03 407251                     /usr/share/locale-langpack/fr/LC_MESSAGES/gtk20.mo
7f7c0cd6a000-7f7c0cd86000 r--s 00393000 08:03 1580001                    /usr/lib/jvm/java-8-oracle/jre/lib/ext/cldrdata.jar
7f7c0cd86000-7f7c0cd90000 r--s 00116000 08:03 1580004                    /usr/lib/jvm/java-8-oracle/jre/lib/ext/localedata.jar
7f7c0cd90000-7f7c0cda3000 r--s 00344000 08:03 1579861                    /usr/lib/jvm/java-8-oracle/jre/lib/resources.jar
7f7c0cda3000-7f7c0cda6000 ---p 00000000 00:00 0 
7f7c0cda6000-7f7c0cea4000 rw-p 00000000 00:00 0 
7f7c0cea4000-7f7c0cea7000 ---p 00000000 00:00 0 
7f7c0cea7000-7f7c0cfa6000 rw-p 00000000 00:00 0 
7f7c0cfa6000-7f7c0cfc6000 r--s 002d7000 00:1f 32911142                   /auto_home/swouters/Documents/pinkman/warbot/Warbot_src/lib/turtlekit-3.0.0.2.jar
7f7c0cfc6000-7f7c0cfdc000 r--s 00145000 00:1f 32911196                   /auto_home/swouters/Documents/pinkman/warbot/Warbot_src/lib/gdx.jar
7f7c0cfdc000-7f7c0cfed000 r--s 00127000 00:1f 32911169                   /auto_home/swouters/Documents/pinkman/warbot/Warbot_src/lib/gdx-backend-lwjgl.jar
7f7c0cfed000-7f7c0cfef000 r--s 0000b000 00:1f 32911167                   /auto_home/swouters/Documents/pinkman/warbot/Warbot_src/lib/gdx-backend-lwjgl-sources.jar
7f7c0cfef000-7f7c0cff1000 r--s 0019e000 00:1f 32911168                   /auto_home/swouters/Documents/pinkman/warbot/Warbot_src/lib/gdx-backend-lwjgl-natives.jar
7f7c0cff1000-7f7c0cff7000 r--s 00057000 00:1f 32907382                   /auto_home/swouters/Documents/pinkman/warbot/Warbot_src/lib/madkit-5.0.5.1.jar
7f7c0cff7000-7f7c0d060000 r-xp 00000000 08:03 1579917                    /usr/lib/jvm/java-8-oracle/jre/lib/amd64/libt2k.so
7f7c0d060000-7f7c0d25f000 ---p 00069000 08:03 1579917                    /usr/lib/jvm/java-8-oracle/jre/lib/amd64/libt2k.so
7f7c0d25f000-7f7c0d266000 rw-p 00068000 08:03 1579917                    /usr/lib/jvm/java-8-oracle/jre/lib/amd64/libt2k.so
7f7c0d266000-7f7c0d476000 rw-p 00000000 00:00 0 
7f7c0d476000-7f7c0d487000 r-xp 00000000 08:03 1579907                    /usr/lib/jvm/java-8-oracle/jre/lib/amd64/libnio.so
7f7c0d487000-7f7c0d686000 ---p 00011000 08:03 1579907                    /usr/lib/jvm/java-8-oracle/jre/lib/amd64/libnio.so
7f7c0d686000-7f7c0d687000 rw-p 00010000 08:03 1579907                    /usr/lib/jvm/java-8-oracle/jre/lib/amd64/libnio.so
7f7c0d687000-7f7c0d69d000 r-xp 00000000 08:03 1579906                    /usr/lib/jvm/java-8-oracle/jre/lib/amd64/libnet.so
7f7c0d69d000-7f7c0d89d000 ---p 00016000 08:03 1579906                    /usr/lib/jvm/java-8-oracle/jre/lib/amd64/libnet.so
7f7c0d89d000-7f7c0d89e000 rw-p 00016000 08:03 1579906                    /usr/lib/jvm/java-8-oracle/jre/lib/amd64/libnet.so
7f7c0d89e000-7f7c0d8a1000 ---p 00000000 00:00 0 
7f7c0d8a1000-7f7c0d99f000 rw-p 00000000 00:00 0                          [stack:27099]
7f7c0d99f000-7f7c0d9a2000 ---p 00000000 00:00 0 
7f7c0d9a2000-7f7c0daa0000 rw-p 00000000 00:00 0                          [stack:27098]
7f7c0daa0000-7f7c0daa3000 ---p 00000000 00:00 0 
7f7c0daa3000-7f7c0dba1000 rw-p 00000000 00:00 0                          [stack:27097]
7f7c0dba1000-7f7c0dba4000 ---p 00000000 00:00 0 
7f7c0dba4000-7f7c0dca2000 rw-p 00000000 00:00 0                          [stack:27096]
7f7c0dca2000-7f7c0dca7000 r-xp 00000000 08:03 1585551                    /usr/lib/x86_64-linux-gnu/libXfixes.so.3.1.0
7f7c0dca7000-7f7c0dea6000 ---p 00005000 08:03 1585551                    /usr/lib/x86_64-linux-gnu/libXfixes.so.3.1.0
7f7c0dea6000-7f7c0dea7000 r--p 00004000 08:03 1585551                    /usr/lib/x86_64-linux-gnu/libXfixes.so.3.1.0
7f7c0dea7000-7f7c0dea8000 rw-p 00005000 08:03 1585551                    /usr/lib/x86_64-linux-gnu/libXfixes.so.3.1.0
7f7c0dea8000-7f7c0deb1000 r-xp 00000000 08:03 1585543                    /usr/lib/x86_64-linux-gnu/libXcursor.so.1.0.2
7f7c0deb1000-7f7c0e0b0000 ---p 00009000 08:03 1585543                    /usr/lib/x86_64-linux-gnu/libXcursor.so.1.0.2
7f7c0e0b0000-7f7c0e0b1000 r--p 00008000 08:03 1585543                    /usr/lib/x86_64-linux-gnu/libXcursor.so.1.0.2
7f7c0e0b1000-7f7c0e0b2000 rw-p 00009000 08:03 1585543                    /usr/lib/x86_64-linux-gnu/libXcursor.so.1.0.2
7f7c0e0b2000-7f7c0e0b5000 ---p 00000000 00:00 0 
7f7c0e0b5000-7f7c0e1b3000 rw-p 00000000 00:00 0                          [stack:27095]
7f7c0e1b3000-7f7c0e1c9000 r-xp 00000000 08:03 1708390                    /lib/x86_64-linux-gnu/libgcc_s.so.1
7f7c0e1c9000-7f7c0e3c8000 ---p 00016000 08:03 1708390                    /lib/x86_64-linux-gnu/libgcc_s.so.1
7f7c0e3c8000-7f7c0e3c9000 rw-p 00015000 08:03 1708390                    /lib/x86_64-linux-gnu/libgcc_s.so.1
7f7c0e3c9000-7f7c0e42e000 r-xp 00000000 08:03 1579875                    /usr/lib/jvm/java-8-oracle/jre/lib/amd64/libfontmanager.so
7f7c0e42e000-7f7c0e62d000 ---p 00065000 08:03 1579875                    /usr/lib/jvm/java-8-oracle/jre/lib/amd64/libfontmanager.so
7f7c0e62d000-7f7c0e631000 rw-p 00064000 08:03 1579875                    /usr/lib/jvm/java-8-oracle/jre/lib/amd64/libfontmanager.so
7f7c0e631000-7f7c0e642000 rw-p 00000000 00:00 0 
7f7c0e642000-7f7c0e647000 r-xp 00000000 08:03 1585547                    /usr/lib/x86_64-linux-gnu/libXdmcp.so.6.0.0
7f7c0e647000-7f7c0e846000 ---p 00005000 08:03 1585547                    /usr/lib/x86_64-linux-gnu/libXdmcp.so.6.0.0
7f7c0e846000-7f7c0e847000 r--p 00004000 08:03 1585547                    /usr/lib/x86_64-linux-gnu/libXdmcp.so.6.0.0
7f7c0e847000-7f7c0e848000 rw-p 00005000 08:03 1585547                    /usr/lib/x86_64-linux-gnu/libXdmcp.so.6.0.0
7f7c0e848000-7f7c0e84a000 r-xp 00000000 08:03 1585538                    /usr/lib/x86_64-linux-gnu/libXau.so.6.0.0
7f7c0e84a000-7f7c0ea4a000 ---p 00002000 08:03 1585538                    /usr/lib/x86_64-linux-gnu/libXau.so.6.0.0
7f7c0ea4a000-7f7c0ea4b000 r--p 00002000 08:03 1585538                    /usr/lib/x86_64-linux-gnu/libXau.so.6.0.0
7f7c0ea4b000-7f7c0ea4c000 rw-p 00003000 08:03 1585538                    /usr/lib/x86_64-linux-gnu/libXau.so.6.0.0
7f7c0ea4c000-7f7c0ea69000 r-xp 00000000 08:03 1586398                    /usr/lib/x86_64-linux-gnu/libxcb.so.1.1.0
7f7c0ea69000-7f7c0ec69000 ---p 0001d000 08:03 1586398                    /usr/lib/x86_64-linux-gnu/libxcb.so.1.1.0
7f7c0ec69000-7f7c0ec6a000 r--p 0001d000 08:03 1586398                    /usr/lib/x86_64-linux-gnu/libxcb.so.1.1.0
7f7c0ec6a000-7f7c0ec6b000 rw-p 0001e000 08:03 1586398                    /usr/lib/x86_64-linux-gnu/libxcb.so.1.1.0
7f7c0ec6b000-7f7c0ec7a000 r-xp 00000000 08:03 1585554                    /usr/lib/x86_64-linux-gnu/libXi.so.6.1.0
7f7c0ec7a000-7f7c0ee79000 ---p 0000f000 08:03 1585554                    /usr/lib/x86_64-linux-gnu/libXi.so.6.1.0
7f7c0ee79000-7f7c0ee7a000 r--p 0000e000 08:03 1585554                    /usr/lib/x86_64-linux-gnu/libXi.so.6.1.0
7f7c0ee7a000-7f7c0ee7b000 rw-p 0000f000 08:03 1585554                    /usr/lib/x86_64-linux-gnu/libXi.so.6.1.0
7f7c0ee7b000-7f7c0ee80000 r-xp 00000000 08:03 1585568                    /usr/lib/x86_64-linux-gnu/libXtst.so.6.1.0
7f7c0ee80000-7f7c0f07f000 ---p 00005000 08:03 1585568                    /usr/lib/x86_64-linux-gnu/libXtst.so.6.1.0
7f7c0f07f000-7f7c0f080000 r--p 00004000 08:03 1585568                    /usr/lib/x86_64-linux-gnu/libXtst.so.6.1.0
7f7c0f080000-7f7c0f081000 rw-p 00005000 08:03 1585568                    /usr/lib/x86_64-linux-gnu/libXtst.so.6.1.0
7f7c0f081000-7f7c0f08a000 r-xp 00000000 08:03 1585564                    /usr/lib/x86_64-linux-gnu/libXrender.so.1.3.0
7f7c0f08a000-7f7c0f289000 ---p 00009000 08:03 1585564                    /usr/lib/x86_64-linux-gnu/libXrender.so.1.3.0
7f7c0f289000-7f7c0f28a000 r--p 00008000 08:03 1585564                    /usr/lib/x86_64-linux-gnu/libXrender.so.1.3.0
7f7c0f28a000-7f7c0f28b000 rw-p 00009000 08:03 1585564                    /usr/lib/x86_64-linux-gnu/libXrender.so.1.3.0
7f7c0f28b000-7f7c0f3bb000 r-xp 00000000 08:03 1585535                    /usr/lib/x86_64-linux-gnu/libX11.so.6.3.0
7f7c0f3bb000-7f7c0f5bb000 ---p 00130000 08:03 1585535                    /usr/lib/x86_64-linux-gnu/libX11.so.6.3.0
7f7c0f5bb000-7f7c0f5bc000 r--p 00130000 08:03 1585535                    /usr/lib/x86_64-linux-gnu/libX11.so.6.3.0
7f7c0f5bc000-7f7c0f5c0000 rw-p 00131000 08:03 1585535                    /usr/lib/x86_64-linux-gnu/libX11.so.6.3.0
7f7c0f5c0000-7f7c0f5d1000 r-xp 00000000 08:03 1585549                    /usr/lib/x86_64-linux-gnu/libXext.so.6.4.0
7f7c0f5d1000-7f7c0f7d0000 ---p 00011000 08:03 1585549                    /usr/lib/x86_64-linux-gnu/libXext.so.6.4.0
7f7c0f7d0000-7f7c0f7d1000 r--p 00010000 08:03 1585549                    /usr/lib/x86_64-linux-gnu/libXext.so.6.4.0
7f7c0f7d1000-7f7c0f7d2000 rw-p 00011000 08:03 1585549                    /usr/lib/x86_64-linux-gnu/libXext.so.6.4.0
7f7c0f7d2000-7f7c0f826000 r-xp 00000000 08:03 1579870                    /usr/lib/jvm/java-8-oracle/jre/lib/amd64/libawt_xawt.so
7f7c0f826000-7f7c0fa26000 ---p 00054000 08:03 1579870                    /usr/lib/jvm/java-8-oracle/jre/lib/amd64/libawt_xawt.so
7f7c0fa26000-7f7c0fa2a000 rw-p 00054000 08:03 1579870                    /usr/lib/jvm/java-8-oracle/jre/lib/amd64/libawt_xawt.so
7f7c0fa2a000-7f7c0fa2b000 rw-p 00000000 00:00 0 
7f7c0fa2b000-7f7c0facd000 r-xp 00000000 08:03 1579868                    /usr/lib/jvm/java-8-oracle/jre/lib/amd64/libawt.so
7f7c0facd000-7f7c0fccd000 ---p 000a2000 08:03 1579868                    /usr/lib/jvm/java-8-oracle/jre/lib/amd64/libawt.so
7f7c0fccd000-7f7c0fcd9000 rw-p 000a2000 08:03 1579868                    /usr/lib/jvm/java-8-oracle/jre/lib/amd64/libawt.so
7f7c0fcd9000-7f7c0fcfd000 rw-p 00000000 00:00 0 
7f7c0fcfd000-7f7c0fcfe000 ---p 00000000 00:00 0 
7f7c0fcfe000-7f7c0fdfe000 rw-p 00000000 00:00 0                          [stack:27084]
7f7c0fdfe000-7f7c0fe01000 ---p 00000000 00:00 0 
7f7c0fe01000-7f7c0feff000 rw-p 00000000 00:00 0                          [stack:27083]
7f7c0feff000-7f7c0ff02000 ---p 00000000 00:00 0 
7f7c0ff02000-7f7c10000000 rw-p 00000000 00:00 0                          [stack:27082]
7f7c10000000-7f7c10021000 rw-p 00000000 00:00 0 
7f7c10021000-7f7c14000000 ---p 00000000 00:00 0 
7f7c14000000-7f7c14425000 rw-p 00000000 00:00 0 
7f7c14425000-7f7c18000000 ---p 00000000 00:00 0 
7f7c18000000-7f7c18021000 rw-p 00000000 00:00 0 
7f7c18021000-7f7c1c000000 ---p 00000000 00:00 0 
7f7c1c000000-7f7c1c0b0000 rw-p 00000000 00:00 0 
7f7c1c0b0000-7f7c20000000 ---p 00000000 00:00 0 
7f7c20000000-7f7c20021000 rw-p 00000000 00:00 0 
7f7c20021000-7f7c24000000 ---p 00000000 00:00 0 
7f7c24000000-7f7c24027000 rw-p 00000000 00:00 0 
7f7c24027000-7f7c28000000 ---p 00000000 00:00 0 
7f7c28000000-7f7c2842b000 rw-p 00000000 00:00 0 
7f7c2842b000-7f7c2c000000 ---p 00000000 00:00 0 
7f7c2c000000-7f7c2c373000 rw-p 00000000 00:00 0 
7f7c2c373000-7f7c30000000 ---p 00000000 00:00 0 
7f7c30000000-7f7c30440000 rw-p 00000000 00:00 0 
7f7c30440000-7f7c34000000 ---p 00000000 00:00 0 
7f7c34000000-7f7c34001000 r--s 00000000 08:03 1190947                    /var/cache/fontconfig/dc05db6664285cc2f12bf69c139ae4c3-le64.cache-4
7f7c34001000-7f7c34003000 r--s 00000000 08:03 1190926                    /var/cache/fontconfig/767a8244fc0220cfb567a839d0392e0b-le64.cache-4
7f7c34003000-7f7c34004000 r--s 00000000 08:03 1193658                    /var/cache/fontconfig/4794a0821666d79190d59a36cb4f44b5-le64.cache-4
7f7c34004000-7f7c3403f000 r--s 00000000 08:03 1190911                    /var/cache/fontconfig/365b55f210c0a22e9a19e35191240f32-le64.cache-4
7f7c3403f000-7f7c34043000 r--s 00000000 08:03 1190939                    /var/cache/fontconfig/c57959a16110560c8d0fcea73374aeeb-le64.cache-4
7f7c34043000-7f7c3404a000 r--s 00000000 08:03 1190910                    /var/cache/fontconfig/3047814df9a2f067bd2d96a2b9c36e5a-le64.cache-4
7f7c3404a000-7f7c34050000 r--s 00000000 08:03 1190936                    /var/cache/fontconfig/b47c4e1ecd0709278f4910c18777a504-le64.cache-4
7f7c34050000-7f7c34058000 r--s 00000000 08:03 1190942                    /var/cache/fontconfig/ce677e824a231659fde4a3a246a10ea3-le64.cache-4
7f7c34058000-7f7c34061000 r--s 00000000 08:03 1190919                    /var/cache/fontconfig/52f7bdb7ce746bfd7eaa1985bd9cfa93-le64.cache-4
7f7c34061000-7f7c34074000 r--s 00000000 08:03 1190944                    /var/cache/fontconfig/d52a8644073d54c13679302ca1180695-le64.cache-4
7f7c34074000-7f7c3407d000 r--s 00000000 08:03 1189921                    /var/cache/fontconfig/3f7329c5293ffd510edef78f73874cfd-le64.cache-4
7f7c3407d000-7f7c3409e000 r--s 00000000 08:03 1190950                    /var/cache/fontconfig/e13b20fdb08344e0e664864cc2ede53d-le64.cache-4
7f7c3409e000-7f7c340bc000 r--s 00000000 08:03 1194510                    /var/cache/fontconfig/467c019e582ee353435ea5c21d137ef6-le64.cache-4
7f7c340bc000-7f7c340bf000 ---p 00000000 00:00 0 
7f7c340bf000-7f7c341bd000 rw-p 00000000 00:00 0                          [stack:27081]
7f7c341bd000-7f7c341c0000 ---p 00000000 00:00 0 
7f7c341c0000-7f7c342be000 rw-p 00000000 00:00 0                          [stack:27077]
7f7c342be000-7f7c342c1000 ---p 00000000 00:00 0 
7f7c342c1000-7f7c343bf000 rw-p 00000000 00:00 0                          [stack:27076]
7f7c343bf000-7f7c343c2000 ---p 00000000 00:00 0 
7f7c343c2000-7f7c344c0000 rw-p 00000000 00:00 0                          [stack:27075]
7f7c344c0000-7f7c344cb000 r-xp 00000000 08:03 1708415                    /lib/x86_64-linux-gnu/libnss_files-2.19.so
7f7c344cb000-7f7c346ca000 ---p 0000b000 08:03 1708415                    /lib/x86_64-linux-gnu/libnss_files-2.19.so
7f7c346ca000-7f7c346cb000 r--p 0000a000 08:03 1708415                    /lib/x86_64-linux-gnu/libnss_files-2.19.so
7f7c346cb000-7f7c346cc000 rw-p 0000b000 08:03 1708415                    /lib/x86_64-linux-gnu/libnss_files-2.19.so
7f7c346cc000-7f7c346cf000 r--s 00000000 08:03 1190951                    /var/cache/fontconfig/e49e89034d371f0f9de17aab02136486-le64.cache-4
7f7c346cf000-7f7c346d1000 r--s 00000000 08:03 1190917                    /var/cache/fontconfig/4b14b093aebc79c320de5e86ae1d3314-le64.cache-4
7f7c346d1000-7f7c346f7000 r--p 00000000 08:03 407307                     /usr/share/locale-langpack/fr/LC_MESSAGES/libc.mo
7f7c346f7000-7f7c3472c000 r--s 00000000 08:03 1189319                    /var/cache/nscd/hosts
7f7c3472c000-7f7c34730000 r-xp 00000000 08:03 1579874                    /usr/lib/jvm/java-8-oracle/jre/lib/amd64/libdt_socket.so
7f7c34730000-7f7c3492f000 ---p 00004000 08:03 1579874                    /usr/lib/jvm/java-8-oracle/jre/lib/amd64/libdt_socket.so
7f7c3492f000-7f7c34930000 rw-p 00003000 08:03 1579874                    /usr/lib/jvm/java-8-oracle/jre/lib/amd64/libdt_socket.so
7f7c34930000-7f7c34933000 ---p 00000000 00:00 0 
7f7c34933000-7f7c34a31000 rw-p 00000000 00:00 0                          [stack:27073]
7f7c34a31000-7f7c34a34000 ---p 00000000 00:00 0 
7f7c34a34000-7f7c34b32000 rw-p 00000000 00:00 0                          [stack:27072]
7f7c34b32000-7f7c34b35000 ---p 00000000 00:00 0 
7f7c34b35000-7f7c34c33000 rw-p 00000000 00:00 0                          [stack:27071]
7f7c34c33000-7f7c34c34000 ---p 00000000 00:00 0 
7f7c34c34000-7f7c356ef000 rw-p 00000000 00:00 0                          [stack:27070]
7f7c356ef000-7f7c358c5000 r--s 03ca8000 08:03 1579862                    /usr/lib/jvm/java-8-oracle/jre/lib/rt.jar
7f7c358c5000-7f7c371a8000 rw-p 00000000 00:00 0 
7f7c371a8000-7f7c371a9000 ---p 00000000 00:00 0 
7f7c371a9000-7f7c372a9000 rw-p 00000000 00:00 0                          [stack:27069]
7f7c372a9000-7f7c372aa000 ---p 00000000 00:00 0 
7f7c372aa000-7f7c373e4000 rw-p 00000000 00:00 0                          [stack:27068]
7f7c373e4000-7f7c3776a000 ---p 00000000 00:00 0 
7f7c3776a000-7f7c385ca000 rwxp 00000000 00:00 0 
7f7c385ca000-7f7c4676a000 ---p 00000000 00:00 0 
7f7c4676a000-7f7c46784000 r-xp 00000000 08:03 1579920                    /usr/lib/jvm/java-8-oracle/jre/lib/amd64/libzip.so
7f7c46784000-7f7c46984000 ---p 0001a000 08:03 1579920                    /usr/lib/jvm/java-8-oracle/jre/lib/amd64/libzip.so
7f7c46984000-7f7c46985000 rw-p 0001a000 08:03 1579920                    /usr/lib/jvm/java-8-oracle/jre/lib/amd64/libzip.so
7f7c46985000-7f7c46bb2000 r--s 00000000 08:03 1189289                    /var/cache/nscd/passwd
7f7c46bb2000-7f7c47580000 r--p 00000000 08:03 1581055                    /usr/lib/locale/locale-archive
7f7c47580000-7f7c47582000 r-xp 00000000 08:03 1579909                    /usr/lib/jvm/java-8-oracle/jre/lib/amd64/libnpt.so
7f7c47582000-7f7c47782000 ---p 00002000 08:03 1579909                    /usr/lib/jvm/java-8-oracle/jre/lib/amd64/libnpt.so
7f7c47782000-7f7c47783000 rw-p 00002000 08:03 1579909                    /usr/lib/jvm/java-8-oracle/jre/lib/amd64/libnpt.so
7f7c47783000-7f7c477bc000 r-xp 00000000 08:03 1579893                    /usr/lib/jvm/java-8-oracle/jre/lib/amd64/libjdwp.so
7f7c477bc000-7f7c479bb000 ---p 00039000 08:03 1579893                    /usr/lib/jvm/java-8-oracle/jre/lib/amd64/libjdwp.so
7f7c479bb000-7f7c479bd000 rw-p 00038000 08:03 1579893                    /usr/lib/jvm/java-8-oracle/jre/lib/amd64/libjdwp.so
7f7c479bd000-7f7c479e7000 r-xp 00000000 08:03 1579885                    /usr/lib/jvm/java-8-oracle/jre/lib/amd64/libjava.so
7f7c479e7000-7f7c47be7000 ---p 0002a000 08:03 1579885                    /usr/lib/jvm/java-8-oracle/jre/lib/amd64/libjava.so
7f7c47be7000-7f7c47be9000 rw-p 0002a000 08:03 1579885                    /usr/lib/jvm/java-8-oracle/jre/lib/amd64/libjava.so
7f7c47be9000-7f7c47bf6000 r-xp 00000000 08:03 1579919                    /usr/lib/jvm/java-8-oracle/jre/lib/amd64/libverify.so
7f7c47bf6000-7f7c47df6000 ---p 0000d000 08:03 1579919                    /usr/lib/jvm/java-8-oracle/jre/lib/amd64/libverify.so
7f7c47df6000-7f7c47df8000 rw-p 0000d000 08:03 1579919                    /usr/lib/jvm/java-8-oracle/jre/lib/amd64/libverify.so
7f7c47df8000-7f7c47dff000 r-xp 00000000 08:03 1708445                    /lib/x86_64-linux-gnu/librt-2.19.so
7f7c47dff000-7f7c47ffe000 ---p 00007000 08:03 1708445                    /lib/x86_64-linux-gnu/librt-2.19.so
7f7c47ffe000-7f7c47fff000 r--p 00006000 08:03 1708445                    /lib/x86_64-linux-gnu/librt-2.19.so
7f7c47fff000-7f7c48000000 rw-p 00007000 08:03 1708445                    /lib/x86_64-linux-gnu/librt-2.19.so
7f7c48000000-7f7c48689000 rw-p 00000000 00:00 0 
7f7c48689000-7f7c4c000000 ---p 00000000 00:00 0 
7f7c4c000000-7f7c4c00b000 r--s 00000000 08:03 1190945                    /var/cache/fontconfig/d589a48862398ed80a3d6066f4f56f4c-le64.cache-4
7f7c4c00b000-7f7c4c00f000 r--s 00000000 08:03 1190927                    /var/cache/fontconfig/7ef2298fde41cc6eeb7af42e48b7d293-le64.cache-4
7f7c4c00f000-7f7c4c051000 rw-p 00000000 00:00 0 
7f7c4c051000-7f7c4c0b0000 ---p 00000000 00:00 0 
7f7c4c0b0000-7f7c4c100000 rw-p 00000000 00:00 0 
7f7c4c100000-7f7c4c101000 ---p 00000000 00:00 0 
7f7c4c101000-7f7c4c102000 rw-p 00000000 00:00 0 
7f7c4c102000-7f7c4c207000 r-xp 00000000 08:03 1708402                    /lib/x86_64-linux-gnu/libm-2.19.so
7f7c4c207000-7f7c4c406000 ---p 00105000 08:03 1708402                    /lib/x86_64-linux-gnu/libm-2.19.so
7f7c4c406000-7f7c4c407000 r--p 00104000 08:03 1708402                    /lib/x86_64-linux-gnu/libm-2.19.so
7f7c4c407000-7f7c4c408000 rw-p 00105000 08:03 1708402                    /lib/x86_64-linux-gnu/libm-2.19.so
7f7c4c408000-7f7c4d072000 r-xp 00000000 08:03 1579923                    /usr/lib/jvm/java-8-oracle/jre/lib/amd64/server/libjvm.so
7f7c4d072000-7f7c4d271000 ---p 00c6a000 08:03 1579923                    /usr/lib/jvm/java-8-oracle/jre/lib/amd64/server/libjvm.so
7f7c4d271000-7f7c4d348000 rw-p 00c69000 08:03 1579923                    /usr/lib/jvm/java-8-oracle/jre/lib/amd64/server/libjvm.so
7f7c4d348000-7f7c4d38a000 rw-p 00000000 00:00 0 
7f7c4d38a000-7f7c4d545000 r-xp 00000000 08:03 1708376                    /lib/x86_64-linux-gnu/libc-2.19.so
7f7c4d545000-7f7c4d745000 ---p 001bb000 08:03 1708376                    /lib/x86_64-linux-gnu/libc-2.19.so
7f7c4d745000-7f7c4d749000 r--p 001bb000 08:03 1708376                    /lib/x86_64-linux-gnu/libc-2.19.so
7f7c4d749000-7f7c4d74b000 rw-p 001bf000 08:03 1708376                    /lib/x86_64-linux-gnu/libc-2.19.so
7f7c4d74b000-7f7c4d750000 rw-p 00000000 00:00 0 
7f7c4d750000-7f7c4d753000 r-xp 00000000 08:03 1708385                    /lib/x86_64-linux-gnu/libdl-2.19.so
7f7c4d753000-7f7c4d952000 ---p 00003000 08:03 1708385                    /lib/x86_64-linux-gnu/libdl-2.19.so
7f7c4d952000-7f7c4d953000 r--p 00002000 08:03 1708385                    /lib/x86_64-linux-gnu/libdl-2.19.so
7f7c4d953000-7f7c4d954000 rw-p 00003000 08:03 1708385                    /lib/x86_64-linux-gnu/libdl-2.19.so
7f7c4d954000-7f7c4d969000 r-xp 00000000 08:03 1580079                    /usr/lib/jvm/java-8-oracle/lib/amd64/jli/libjli.so
7f7c4d969000-7f7c4db68000 ---p 00015000 08:03 1580079                    /usr/lib/jvm/java-8-oracle/lib/amd64/jli/libjli.so
7f7c4db68000-7f7c4db69000 rw-p 00014000 08:03 1580079                    /usr/lib/jvm/java-8-oracle/lib/amd64/jli/libjli.so
7f7c4db69000-7f7c4db82000 r-xp 00000000 08:03 1708441                    /lib/x86_64-linux-gnu/libpthread-2.19.so
7f7c4db82000-7f7c4dd81000 ---p 00019000 08:03 1708441                    /lib/x86_64-linux-gnu/libpthread-2.19.so
7f7c4dd81000-7f7c4dd82000 r--p 00018000 08:03 1708441                    /lib/x86_64-linux-gnu/libpthread-2.19.so
7f7c4dd82000-7f7c4dd83000 rw-p 00019000 08:03 1708441                    /lib/x86_64-linux-gnu/libpthread-2.19.so
7f7c4dd83000-7f7c4dd87000 rw-p 00000000 00:00 0 
7f7c4dd87000-7f7c4ddaa000 r-xp 00000000 08:03 1708363                    /lib/x86_64-linux-gnu/ld-2.19.so
7f7c4ddaa000-7f7c4ddab000 r--s 00000000 08:03 1190920                    /var/cache/fontconfig/56cf4f4769d0f4abc89a4895d7bd3ae1-le64.cache-4
7f7c4ddab000-7f7c4ddad000 r--s 00000000 08:03 1194579                    /var/cache/fontconfig/16326683038b281783a0ef8c680e3a10-le64.cache-4
7f7c4ddad000-7f7c4de17000 rw-p 00000000 00:00 0 
7f7c4de17000-7f7c4de77000 ---p 00000000 00:00 0 
7f7c4de77000-7f7c4de7a000 ---p 00000000 00:00 0 
7f7c4de7a000-7f7c4df7c000 rw-p 00000000 00:00 0                          [stack:27067]
7f7c4df7c000-7f7c4df7d000 r--s 00000000 08:03 1190937                    /var/cache/fontconfig/b9d506c9ac06c20b433354fa67a72993-le64.cache-4
7f7c4df7d000-7f7c4df8a000 r--s 00000000 08:03 1194577                    /var/cache/fontconfig/8f02d4cb045bd6ce15663e43f347c9f8-le64.cache-4
7f7c4df8a000-7f7c4df8b000 r--s 00000000 08:03 1190903                    /var/cache/fontconfig/0c9eb80ebd1c36541ebe2852d3bb0c49-le64.cache-4
7f7c4df8b000-7f7c4df8c000 r--s 00000000 08:03 1194512                    /var/cache/fontconfig/e0aa53bcfa504e64f87823c16bc01eb6-le64.cache-4
7f7c4df8c000-7f7c4df93000 r--s 00000000 08:03 269831                     /usr/lib/x86_64-linux-gnu/gconv/gconv-modules.cache
7f7c4df93000-7f7c4df9d000 rw-p 00000000 00:00 0 
7f7c4df9d000-7f7c4dfa5000 rw-s 00000000 08:03 1837011                    /tmp/hsperfdata_swouters/27061
7f7c4dfa5000-7f7c4dfa6000 rw-p 00000000 00:00 0 
7f7c4dfa6000-7f7c4dfa7000 ---p 00000000 00:00 0 
7f7c4dfa7000-7f7c4dfa9000 rw-p 00000000 00:00 0 
7f7c4dfa9000-7f7c4dfaa000 r--p 00022000 08:03 1708363                    /lib/x86_64-linux-gnu/ld-2.19.so
7f7c4dfaa000-7f7c4dfab000 rw-p 00023000 08:03 1708363                    /lib/x86_64-linux-gnu/ld-2.19.so
7f7c4dfab000-7f7c4dfac000 rw-p 00000000 00:00 0 
7fff5f41a000-7fff5f43b000 rw-p 00000000 00:00 0                          [stack]
7fff5f51a000-7fff5f51c000 r-xp 00000000 00:00 0                          [vdso]
ffffffffff600000-ffffffffff601000 r-xp 00000000 00:00 0                  [vsyscall]

VM Arguments:
jvm_args: -agentlib:jdwp=transport=dt_socket,suspend=y,address=localhost:56249 -Dfile.encoding=UTF-8 
java_command: edu.turtlekit3.warbot.gui.launcher.WarLauncherInterface
java_class_path (initial): /auto_home/swouters/Documents/pinkman/warbot/Warbot_src/bin:/auto_home/swouters/Documents/pinkman/warbot/Warbot_src/lib/madkit-5.0.5.1.jar:/auto_home/swouters/Documents/pinkman/warbot/Warbot_src/lib/gdx-backend-lwjgl-natives.jar:/auto_home/swouters/Documents/pinkman/warbot/Warbot_src/lib/gdx-backend-lwjgl-sources.jar:/auto_home/swouters/Documents/pinkman/warbot/Warbot_src/lib/gdx-backend-lwjgl.jar:/auto_home/swouters/Documents/pinkman/warbot/Warbot_src/lib/gdx.jar:/auto_home/swouters/Documents/pinkman/warbot/Warbot_src/lib/turtlekit-3.0.0.2.jar
Launcher Type: SUN_STANDARD

Environment Variables:
PATH=/auto_home/swouters/bin:/usr/lib/lightdm/lightdm:/usr/local/sbin:/usr/local/bin:/usr/sbin:/usr/bin:/sbin:/bin:/usr/games:/usr/local/games:/usr/local/sif/jdk/bin/:/usr/local/sif64/bin32:/usr/local/sif64/bin64
LD_LIBRARY_PATH=/usr/lib/x86_64-linux-gnu
SHELL=/bin/bash
DISPLAY=:0.0

Signal Handlers:
SIGSEGV: [libjvm.so+0xa77530], sa_mask[0]=11111111011111111101111111111110, sa_flags=SA_RESTART|SA_SIGINFO
SIGBUS: [libjvm.so+0xa77530], sa_mask[0]=11111111011111111101111111111110, sa_flags=SA_RESTART|SA_SIGINFO
SIGFPE: [libjvm.so+0x8e1d90], sa_mask[0]=11111111011111111101111111111110, sa_flags=SA_RESTART|SA_SIGINFO
SIGPIPE: SIG_IGN, sa_mask[0]=00000000000010000000000000000000, sa_flags=SA_RESTART
SIGXFSZ: [libjvm.so+0x8e1d90], sa_mask[0]=11111111011111111101111111111110, sa_flags=SA_RESTART|SA_SIGINFO
SIGILL: [libjvm.so+0x8e1d90], sa_mask[0]=11111111011111111101111111111110, sa_flags=SA_RESTART|SA_SIGINFO
SIGUSR1: SIG_DFL, sa_mask[0]=00000000000000000000000000000000, sa_flags=none
SIGUSR2: [libjvm.so+0x8e35c0], sa_mask[0]=00100000000000000000000000000000, sa_flags=SA_RESTART|SA_SIGINFO
SIGHUP: [libjvm.so+0x8e4980], sa_mask[0]=11111111011111111101111111111110, sa_flags=SA_RESTART|SA_SIGINFO
SIGINT: [libjvm.so+0x8e4980], sa_mask[0]=11111111011111111101111111111110, sa_flags=SA_RESTART|SA_SIGINFO
SIGTERM: [libjvm.so+0x8e4980], sa_mask[0]=11111111011111111101111111111110, sa_flags=SA_RESTART|SA_SIGINFO
SIGQUIT: [libjvm.so+0x8e4980], sa_mask[0]=11111111011111111101111111111110, sa_flags=SA_RESTART|SA_SIGINFO


---------------  S Y S T E M  ---------------

OS:DISTRIB_ID=Ubuntu
DISTRIB_RELEASE=14.04
DISTRIB_CODENAME=trusty
DISTRIB_DESCRIPTION="Ubuntu 14.04.1 LTS"

uname:Linux 3.13.0-32-generic #57-Ubuntu SMP Tue Jul 15 03:51:08 UTC 2014 x86_64
libc:glibc 2.19 NPTL 2.19 
rlimit: STACK 8192k, CORE infinity, NPROC 15297, NOFILE 4096, AS infinity
load average:1,59 0,88 0,51

/proc/meminfo:
MemTotal:        1979676 kB
MemFree:           73060 kB
Buffers:             212 kB
Cached:           191948 kB
SwapCached:            0 kB
Active:          1594152 kB
Inactive:         182980 kB
Active(anon):    1586212 kB
Inactive(anon):   171824 kB
Active(file):       7940 kB
Inactive(file):    11156 kB
Unevictable:        1300 kB
Mlocked:            1300 kB
SwapTotal:             0 kB
SwapFree:              0 kB
Dirty:               128 kB
Writeback:             0 kB
AnonPages:       1586468 kB
Mapped:            80144 kB
Shmem:            172896 kB
Slab:              54572 kB
SReclaimable:      26984 kB
SUnreclaim:        27588 kB
KernelStack:        3720 kB
PageTables:        35288 kB
NFS_Unstable:          0 kB
Bounce:                0 kB
WritebackTmp:          0 kB
CommitLimit:      989836 kB
Committed_AS:    4081648 kB
VmallocTotal:   34359738367 kB
VmallocUsed:      343024 kB
VmallocChunk:   34359389164 kB
HardwareCorrupted:     0 kB
AnonHugePages:    423936 kB
HugePages_Total:       0
HugePages_Free:        0
HugePages_Rsvd:        0
HugePages_Surp:        0
Hugepagesize:       2048 kB
DirectMap4k:       40956 kB
DirectMap2M:     1986560 kB


CPU:total 2 (2 cores per cpu, 1 threads per core) family 6 model 23 stepping 10, cmov, cx8, fxsr, mmx, sse, sse2, sse3, ssse3, sse4.1, tsc

/proc/cpuinfo:
processor	: 0
vendor_id	: GenuineIntel
cpu family	: 6
model		: 23
model name	: Intel(R) Core(TM)2 Duo CPU     E8400  @ 3.00GHz
stepping	: 10
microcode	: 0xa0b
cpu MHz		: 2991.943
cache size	: 6144 KB
physical id	: 0
siblings	: 2
core id		: 0
cpu cores	: 2
apicid		: 0
initial apicid	: 0
fpu		: yes
fpu_exception	: yes
cpuid level	: 13
wp		: yes
flags		: fpu vme de pse tsc msr pae mce cx8 apic sep mtrr pge mca cmov pat pse36 clflush dts acpi mmx fxsr sse sse2 ss ht tm pbe syscall nx lm constant_tsc arch_perfmon pebs bts rep_good nopl aperfmperf pni dtes64 monitor ds_cpl vmx smx est tm2 ssse3 cx16 xtpr pdcm sse4_1 xsave lahf_lm dtherm tpr_shadow vnmi flexpriority
bogomips	: 5983.88
clflush size	: 64
cache_alignment	: 64
address sizes	: 36 bits physical, 48 bits virtual
power management:

processor	: 1
vendor_id	: GenuineIntel
cpu family	: 6
model		: 23
model name	: Intel(R) Core(TM)2 Duo CPU     E8400  @ 3.00GHz
stepping	: 10
microcode	: 0xa0b
cpu MHz		: 2991.943
cache size	: 6144 KB
physical id	: 0
siblings	: 2
core id		: 1
cpu cores	: 2
apicid		: 1
initial apicid	: 1
fpu		: yes
fpu_exception	: yes
cpuid level	: 13
wp		: yes
flags		: fpu vme de pse tsc msr pae mce cx8 apic sep mtrr pge mca cmov pat pse36 clflush dts acpi mmx fxsr sse sse2 ss ht tm pbe syscall nx lm constant_tsc arch_perfmon pebs bts rep_good nopl aperfmperf pni dtes64 monitor ds_cpl vmx smx est tm2 ssse3 cx16 xtpr pdcm sse4_1 xsave lahf_lm dtherm tpr_shadow vnmi flexpriority
bogomips	: 5983.88
clflush size	: 64
cache_alignment	: 64
address sizes	: 36 bits physical, 48 bits virtual
power management:



Memory: 4k page, physical 1979676k(73060k free), swap 0k(0k free)

vm_info: Java HotSpot(TM) 64-Bit Server VM (25.20-b23) for linux-amd64 JRE (1.8.0_20-b26), built on Jul 30 2014 13:13:52 by "java_re" with gcc 4.3.0 20080428 (Red Hat 4.3.0-8)

time: Wed Nov 26 15:26:50 2014
elapsed time: 45 seconds (0d 0h 0m 45s)

