#
# There is insufficient memory for the Java Runtime Environment to continue.
# Native memory allocation (mmap) failed to map 58720256 bytes for committing reserved memory.
# Possible reasons:
#   The system is out of physical RAM or swap space
#   In 32 bit mode, the process size limit was hit
# Possible solutions:
#   Reduce memory load on the system
#   Increase physical memory or swap space
#   Check if swap backing store is full
#   Use 64 bit Java on a 64 bit OS
#   Decrease Java heap size (-Xmx/-Xms)
#   Decrease number of Java threads
#   Decrease Java thread stack sizes (-Xss)
#   Set larger code cache with -XX:ReservedCodeCacheSize=
# This output file may be truncated or incomplete.
#
#  Out of Memory Error (os_linux.cpp:2671), pid=4808, tid=140714404976384
#
# JRE version: Java(TM) SE Runtime Environment (8.0_20-b26) (build 1.8.0_20-b26)
# Java VM: Java HotSpot(TM) 64-Bit Server VM (25.20-b23 mixed mode linux-amd64 compressed oops)
# Core dump written. Default location: /auto_home/swouters/Documents/pinkman/warbot/Warbot_src/core or core.4808
#

---------------  T H R E A D  ---------------

Current thread (0x00007ffab006f000):  VMThread [stack: 0x00007ffaa00f9000,0x00007ffaa01fa000] [id=4818]

Stack: [0x00007ffaa00f9000,0x00007ffaa01fa000],  sp=0x00007ffaa01f8270,  free space=1020k
Native frames: (J=compiled Java code, j=interpreted, Vv=VM code, C=native code)
V  [libjvm.so+0xa76cea]  VMError::report_and_die()+0x2ca
V  [libjvm.so+0x4e52fb]  report_vm_out_of_memory(char const*, int, unsigned long, VMErrorType, char const*)+0x8b
V  [libjvm.so+0x8e4ec3]  os::Linux::commit_memory_impl(char*, unsigned long, bool)+0x103
V  [libjvm.so+0x8e5419]  os::pd_commit_memory(char*, unsigned long, unsigned long, bool)+0x29
V  [libjvm.so+0x8df0ea]  os::commit_memory(char*, unsigned long, unsigned long, bool)+0x2a
V  [libjvm.so+0x94f1f3]  PSVirtualSpace::expand_by(unsigned long)+0x53
V  [libjvm.so+0x93ff10]  PSOldGen::expand(unsigned long)+0x170
V  [libjvm.so+0x94011b]  PSOldGen::resize(unsigned long)+0x1cb
V  [libjvm.so+0x947d11]  PSParallelCompact::invoke_no_policy(bool)+0x9d1
V  [libjvm.so+0x94d31d]  PSScavenge::invoke()+0x1ad
V  [libjvm.so+0x9070d0]  ParallelScavengeHeap::failed_mem_allocate(unsigned long)+0x70
V  [libjvm.so+0xa78367]  VM_ParallelGCFailedAllocation::doit()+0x97
V  [libjvm.so+0xa7fa85]  VM_Operation::evaluate()+0x55
V  [libjvm.so+0xa7de5a]  VMThread::evaluate_operation(VM_Operation*)+0xba
V  [libjvm.so+0xa7e1de]  VMThread::loop()+0x1ce
V  [libjvm.so+0xa7e650]  VMThread::run()+0x70
V  [libjvm.so+0x8e75f8]  java_start(Thread*)+0x108

VM_Operation (0x00007ffa635fbf10): ParallelGCFailedAllocation, mode: safepoint, requested by thread 0x00007ffa70213800


---------------  P R O C E S S  ---------------

Java Threads: ( => current thread )
  0x00007ffa70213800 JavaThread "Image Fetcher 2" daemon [_thread_blocked, id=4915, stack(0x00007ffa634fd000,0x00007ffa635fe000)]
  0x00007ffa8c00f800 JavaThread "LIVING-5" [_thread_blocked, id=4887, stack(0x00007ffa62ff8000,0x00007ffa630f9000)]
  0x00007ffa8400a000 JavaThread "Image Fetcher 1" daemon [_thread_blocked, id=4886, stack(0x00007ffa630f9000,0x00007ffa631fa000)]
  0x00007ffa78217000 JavaThread "LIVING-1" daemon [_thread_blocked, id=4872, stack(0x00007ffa635fe000,0x00007ffa636ff000)]
  0x00007ffa6c088000 JavaThread "LIVING-0" daemon [_thread_blocked, id=4871, stack(0x00007ffa636ff000,0x00007ffa63800000)]
  0x00007ffab000a000 JavaThread "DestroyJavaVM" [_thread_blocked, id=4815, stack(0x00007ffab9333000,0x00007ffab9434000)]
  0x00007ffab0330800 JavaThread "Image Fetcher 0" daemon [_thread_blocked, id=4850, stack(0x00007ffa980b7000,0x00007ffa981b8000)]
  0x00007ffa64002000 JavaThread "AWT-EventQueue-0" [_thread_blocked, id=4847, stack(0x00007ffa98d87000,0x00007ffa98e88000)]
  0x00007ffab0215800 JavaThread "TimerQueue" daemon [_thread_blocked, id=4846, stack(0x00007ffa98e88000,0x00007ffa98f89000)]
  0x00007ffab0211000 JavaThread "AWT-Shutdown" [_thread_blocked, id=4845, stack(0x00007ffa98f89000,0x00007ffa9908a000)]
  0x00007ffab01c3000 JavaThread "AWT-XAWT" daemon [_thread_blocked, id=4835, stack(0x00007ffa9908a000,0x00007ffa9918b000)]
  0x00007ffab019d000 JavaThread "Java2D Disposer" daemon [_thread_blocked, id=4834, stack(0x00007ffa9959b000,0x00007ffa9969c000)]
  0x00007ffab00c2800 JavaThread "Service Thread" daemon [_thread_blocked, id=4832, stack(0x00007ffa9b2e7000,0x00007ffa9b3e8000)]
  0x00007ffab00bd800 JavaThread "C1 CompilerThread1" daemon [_thread_blocked, id=4831, stack(0x00007ffa9b3e8000,0x00007ffa9b4e9000)]
  0x00007ffab00ba800 JavaThread "C2 CompilerThread0" daemon [_thread_blocked, id=4830, stack(0x00007ffa9b4e9000,0x00007ffa9b5ea000)]
  0x00007ffa7c001000 JavaThread "JDWP Command Reader" daemon [_thread_in_native, id=4827, stack(0x00007ffa9b5ea000,0x00007ffa9b6eb000)]
  0x00007ffab00b8800 JavaThread "JDWP Event Helper Thread" daemon [_thread_blocked, id=4826, stack(0x00007ffa9b6eb000,0x00007ffa9b7ec000)]
  0x00007ffab00b5000 JavaThread "JDWP Transport Listener: dt_socket" daemon [_thread_blocked, id=4823, stack(0x00007ffa9b7ec000,0x00007ffa9b8ed000)]
  0x00007ffab00a7000 JavaThread "Signal Dispatcher" daemon [_thread_blocked, id=4821, stack(0x00007ffa9bcfd000,0x00007ffa9bdfe000)]
  0x00007ffab0078800 JavaThread "Finalizer" daemon [_thread_blocked, id=4820, stack(0x00007ffa9bdfe000,0x00007ffa9beff000)]
  0x00007ffab0076800 JavaThread "Reference Handler" daemon [_thread_blocked, id=4819, stack(0x00007ffa9beff000,0x00007ffa9c000000)]

Other Threads:
=>0x00007ffab006f000 VMThread [stack: 0x00007ffaa00f9000,0x00007ffaa01fa000] [id=4818]
  0x00007ffab00c5800 WatcherThread [stack: 0x00007ffa9b1e6000,0x00007ffa9b2e7000] [id=4833]

VM state:at safepoint (normal execution)

VM Mutex/Monitor currently owned by a thread:  ([mutex/lock_event])
[0x00007ffab00081d0] ExpandHeap_lock - owner thread: 0x00007ffab006f000
[0x00007ffab0008850] Threads_lock - owner thread: 0x00007ffab006f000
[0x00007ffab0008d50] Heap_lock - owner thread: 0x00007ffa70213800

Heap:
 PSYoungGen      total 104960K, used 755K [0x00000000f5f00000, 0x00000000ffb80000, 0x0000000100000000)
  eden space 50688K, 0% used [0x00000000f5f00000,0x00000000f5f00000,0x00000000f9080000)
  from space 54272K, 1% used [0x00000000fc680000,0x00000000fc73cc30,0x00000000ffb80000)
  to   space 54784K, 0% used [0x00000000f9080000,0x00000000f9080000,0x00000000fc600000)
 ParOldGen       total 135168K, used 134745K [0x00000000e1c00000, 0x00000000ea000000, 0x00000000f5f00000)
  object space 135168K, 99% used [0x00000000e1c00000,0x00000000e9f96788,0x00000000ea000000)
 Metaspace       used 22666K, capacity 22946K, committed 23296K, reserved 1069056K
  class space    used 2963K, capacity 3013K, committed 3072K, reserved 1048576K

Card table byte_map: [0x00007ffab5875000,0x00007ffab5968000] byte_map_base: 0x00007ffab5167000

Marking Bits: (ParMarkBitMap*) 0x00007ffab881bac0
 Begin Bits: [0x00007ffab4753000, 0x00007ffab4ee3000)
 End Bits:   [0x00007ffab4ee3000, 0x00007ffab5673000)

Polling page: 0x00007ffab9462000

CodeCache: size=245760Kb used=13673Kb max_used=13688Kb free=232086Kb
 bounds [0x00007ffaa1000000, 0x00007ffaa1da0000, 0x00007ffab0000000]
 total_blobs=4526 nmethods=3921 adapters=526
 compilation: enabled

Compilation events (10 events):
Event: 27,100 Thread 0x00007ffab00ba800 4238       4       java.awt.geom.Rectangle2D::<init> (5 bytes)
Event: 27,101 Thread 0x00007ffab00ba800 nmethod 4238 0x00007ffaa1668c50 code [0x00007ffaa1668da0, 0x00007ffaa1668df8]
Event: 27,114 Thread 0x00007ffab00ba800 4239       4       sun.util.logging.PlatformLogger$JavaLoggerProxy::isLoggable (12 bytes)
Event: 27,115 Thread 0x00007ffab00ba800 nmethod 4239 0x00007ffaa12b2610 code [0x00007ffaa12b2780, 0x00007ffaa12b2918]
Event: 27,115 Thread 0x00007ffab00ba800 4240       4       sun.util.logging.LoggingSupport::isLoggable (14 bytes)
Event: 27,116 Thread 0x00007ffab00ba800 nmethod 4240 0x00007ffaa11b6a10 code [0x00007ffaa11b6b60, 0x00007ffaa11b6c58]
Event: 27,116 Thread 0x00007ffab00ba800 4241       4       java.util.logging.LoggingProxyImpl::isLoggable (12 bytes)
Event: 27,117 Thread 0x00007ffab00ba800 nmethod 4241 0x00007ffaa1242690 code [0x00007ffaa12427e0, 0x00007ffaa12428f8]
Event: 27,158 Thread 0x00007ffab00ba800 4242   !   4       java.lang.StringCoding::encode (120 bytes)
Event: 27,183 Thread 0x00007ffab00ba800 nmethod 4242 0x00007ffaa1d6d910 code [0x00007ffaa1d6dc00, 0x00007ffaa1d6eb38]

GC Heap History (10 events):
Event: 18,572 GC heap after
Heap after GC invocations=17 (full 3):
 PSYoungGen      total 94208K, used 32645K [0x00000000f5f00000, 0x00000000ff000000, 0x0000000100000000)
  eden space 41984K, 0% used [0x00000000f5f00000,0x00000000f5f00000,0x00000000f8800000)
  from space 52224K, 62% used [0x00000000fbc00000,0x00000000fdbe1500,0x00000000fef00000)
  to   space 53248K, 0% used [0x00000000f8800000,0x00000000f8800000,0x00000000fbc00000)
 ParOldGen       total 125440K, used 102700K [0x00000000e1c00000, 0x00000000e9680000, 0x00000000f5f00000)
  object space 125440K, 81% used [0x00000000e1c00000,0x00000000e804b2a8,0x00000000e9680000)
 Metaspace       used 22618K, capacity 22882K, committed 23296K, reserved 1069056K
  class space    used 2962K, capacity 3013K, committed 3072K, reserved 1048576K
}
Event: 20,598 GC heap before
{Heap before GC invocations=18 (full 3):
 PSYoungGen      total 94208K, used 74629K [0x00000000f5f00000, 0x00000000ff000000, 0x0000000100000000)
  eden space 41984K, 100% used [0x00000000f5f00000,0x00000000f8800000,0x00000000f8800000)
  from space 52224K, 62% used [0x00000000fbc00000,0x00000000fdbe1500,0x00000000fef00000)
  to   space 53248K, 0% used [0x00000000f8800000,0x00000000f8800000,0x00000000fbc00000)
 ParOldGen       total 125440K, used 102700K [0x00000000e1c00000, 0x00000000e9680000, 0x00000000f5f00000)
  object space 125440K, 81% used [0x00000000e1c00000,0x00000000e804b2a8,0x00000000e9680000)
 Metaspace       used 22652K, capacity 22946K, committed 23296K, reserved 1069056K
  class space    used 2962K, capacity 3013K, committed 3072K, reserved 1048576K
Event: 20,661 GC heap after
Heap after GC invocations=18 (full 3):
 PSYoungGen      total 95232K, used 32853K [0x00000000f5f00000, 0x00000000ff800000, 0x0000000100000000)
  eden space 41984K, 0% used [0x00000000f5f00000,0x00000000f5f00000,0x00000000f8800000)
  from space 53248K, 61% used [0x00000000f8800000,0x00000000fa8154f0,0x00000000fbc00000)
  to   space 54272K, 0% used [0x00000000fc300000,0x00000000fc300000,0x00000000ff800000)
 ParOldGen       total 125440K, used 102700K [0x00000000e1c00000, 0x00000000e9680000, 0x00000000f5f00000)
  object space 125440K, 81% used [0x00000000e1c00000,0x00000000e804b2a8,0x00000000e9680000)
 Metaspace       used 22652K, capacity 22946K, committed 23296K, reserved 1069056K
  class space    used 2962K, capacity 3013K, committed 3072K, reserved 1048576K
}
Event: 22,573 GC heap before
{Heap before GC invocations=19 (full 3):
 PSYoungGen      total 95232K, used 74837K [0x00000000f5f00000, 0x00000000ff800000, 0x0000000100000000)
  eden space 41984K, 100% used [0x00000000f5f00000,0x00000000f8800000,0x00000000f8800000)
  from space 53248K, 61% used [0x00000000f8800000,0x00000000fa8154f0,0x00000000fbc00000)
  to   space 54272K, 0% used [0x00000000fc300000,0x00000000fc300000,0x00000000ff800000)
 ParOldGen       total 125440K, used 102700K [0x00000000e1c00000, 0x00000000e9680000, 0x00000000f5f00000)
  object space 125440K, 81% used [0x00000000e1c00000,0x00000000e804b2a8,0x00000000e9680000)
 Metaspace       used 22655K, capacity 22946K, committed 23296K, reserved 1069056K
  class space    used 2962K, capacity 3013K, committed 3072K, reserved 1048576K
Event: 22,637 GC heap after
Heap after GC invocations=19 (full 3):
 PSYoungGen      total 101888K, used 32997K [0x00000000f5f00000, 0x00000000ff880000, 0x0000000100000000)
  eden space 47616K, 0% used [0x00000000f5f00000,0x00000000f5f00000,0x00000000f8d80000)
  from space 54272K, 60% used [0x00000000fc300000,0x00000000fe339500,0x00000000ff800000)
  to   space 54784K, 0% used [0x00000000f8d80000,0x00000000f8d80000,0x00000000fc300000)
 ParOldGen       total 125440K, used 102700K [0x00000000e1c00000, 0x00000000e9680000, 0x00000000f5f00000)
  object space 125440K, 81% used [0x00000000e1c00000,0x00000000e804b2a8,0x00000000e9680000)
 Metaspace       used 22655K, capacity 22946K, committed 23296K, reserved 1069056K
  class space    used 2962K, capacity 3013K, committed 3072K, reserved 1048576K
}
Event: 24,855 GC heap before
{Heap before GC invocations=20 (full 3):
 PSYoungGen      total 101888K, used 80613K [0x00000000f5f00000, 0x00000000ff880000, 0x0000000100000000)
  eden space 47616K, 100% used [0x00000000f5f00000,0x00000000f8d80000,0x00000000f8d80000)
  from space 54272K, 60% used [0x00000000fc300000,0x00000000fe339500,0x00000000ff800000)
  to   space 54784K, 0% used [0x00000000f8d80000,0x00000000f8d80000,0x00000000fc300000)
 ParOldGen       total 125440K, used 102700K [0x00000000e1c00000, 0x00000000e9680000, 0x00000000f5f00000)
  object space 125440K, 81% used [0x00000000e1c00000,0x00000000e804b2a8,0x00000000e9680000)
 Metaspace       used 22655K, capacity 22946K, committed 23296K, reserved 1069056K
  class space    used 2962K, capacity 3013K, committed 3072K, reserved 1048576K
Event: 24,921 GC heap after
Heap after GC invocations=20 (full 3):
 PSYoungGen      total 102400K, used 33125K [0x00000000f5f00000, 0x00000000ffc00000, 0x0000000100000000)
  eden space 47616K, 0% used [0x00000000f5f00000,0x00000000f5f00000,0x00000000f8d80000)
  from space 54784K, 60% used [0x00000000f8d80000,0x00000000fadd9500,0x00000000fc300000)
  to   space 54784K, 0% used [0x00000000fc680000,0x00000000fc680000,0x00000000ffc00000)
 ParOldGen       total 125440K, used 102700K [0x00000000e1c00000, 0x00000000e9680000, 0x00000000f5f00000)
  object space 125440K, 81% used [0x00000000e1c00000,0x00000000e804b2a8,0x00000000e9680000)
 Metaspace       used 22655K, capacity 22946K, committed 23296K, reserved 1069056K
  class space    used 2962K, capacity 3013K, committed 3072K, reserved 1048576K
}
Event: 27,239 GC heap before
{Heap before GC invocations=21 (full 3):
 PSYoungGen      total 102400K, used 80741K [0x00000000f5f00000, 0x00000000ffc00000, 0x0000000100000000)
  eden space 47616K, 100% used [0x00000000f5f00000,0x00000000f8d80000,0x00000000f8d80000)
  from space 54784K, 60% used [0x00000000f8d80000,0x00000000fadd9500,0x00000000fc300000)
  to   space 54784K, 0% used [0x00000000fc680000,0x00000000fc680000,0x00000000ffc00000)
 ParOldGen       total 125440K, used 102700K [0x00000000e1c00000, 0x00000000e9680000, 0x00000000f5f00000)
  object space 125440K, 81% used [0x00000000e1c00000,0x00000000e804b2a8,0x00000000e9680000)
 Metaspace       used 22666K, capacity 22946K, committed 23296K, reserved 1069056K
  class space    used 2963K, capacity 3013K, committed 3072K, reserved 1048576K
Event: 27,329 GC heap after
Heap after GC invocations=21 (full 3):
 PSYoungGen      total 104960K, used 1312K [0x00000000f5f00000, 0x00000000ffb80000, 0x0000000100000000)
  eden space 50688K, 0% used [0x00000000f5f00000,0x00000000f5f00000,0x00000000f9080000)
  from space 54272K, 2% used [0x00000000fc680000,0x00000000fc7c8000,0x00000000ffb80000)
  to   space 54784K, 0% used [0x00000000f9080000,0x00000000f9080000,0x00000000fc600000)
 ParOldGen       total 135168K, used 134747K [0x00000000e1c00000, 0x00000000ea000000, 0x00000000f5f00000)
  object space 135168K, 99% used [0x00000000e1c00000,0x00000000e9f96f08,0x00000000ea000000)
 Metaspace       used 22666K, capacity 22946K, committed 23296K, reserved 1069056K
  class space    used 2963K, capacity 3013K, committed 3072K, reserved 1048576K
}
Event: 27,329 GC heap before
{Heap before GC invocations=22 (full 4):
 PSYoungGen      total 104960K, used 1312K [0x00000000f5f00000, 0x00000000ffb80000, 0x0000000100000000)
  eden space 50688K, 0% used [0x00000000f5f00000,0x00000000f5f00000,0x00000000f9080000)
  from space 54272K, 2% used [0x00000000fc680000,0x00000000fc7c8000,0x00000000ffb80000)
  to   space 54784K, 0% used [0x00000000f9080000,0x00000000f9080000,0x00000000fc600000)
 ParOldGen       total 135168K, used 134747K [0x00000000e1c00000, 0x00000000ea000000, 0x00000000f5f00000)
  object space 135168K, 99% used [0x00000000e1c00000,0x00000000e9f96f08,0x00000000ea000000)
 Metaspace       used 22666K, capacity 22946K, committed 23296K, reserved 1069056K
  class space    used 2963K, capacity 3013K, committed 3072K, reserved 1048576K

Deoptimization events (10 events):
Event: 25,050 Thread 0x00007ffa64002000 Uncommon trap: reason=class_check action=maybe_recompile pc=0x00007ffaa1cc41f8 method=java.awt.Container.getAlignmentY()F @ 21
Event: 25,051 Thread 0x00007ffa64002000 Uncommon trap: reason=class_check action=maybe_recompile pc=0x00007ffaa1c78bb8 method=javax.swing.JComponent.paintChildren(Ljava/awt/Graphics;)V @ 426
Event: 25,051 Thread 0x00007ffa64002000 Uncommon trap: reason=bimorphic action=maybe_recompile pc=0x00007ffaa1c75ca4 method=javax.swing.JComponent.paintChildren(Ljava/awt/Graphics;)V @ 85
Event: 25,051 Thread 0x00007ffa64002000 Uncommon trap: reason=class_check action=maybe_recompile pc=0x00007ffaa1d2e46c method=java.awt.geom.RectIterator.<init>(Ljava/awt/geom/Rectangle2D;Ljava/awt/geom/AffineTransform;)V @ 6
Event: 25,051 Thread 0x00007ffa64002000 Uncommon trap: reason=class_check action=maybe_recompile pc=0x00007ffaa1d2e46c method=java.awt.geom.RectIterator.<init>(Ljava/awt/geom/Rectangle2D;Ljava/awt/geom/AffineTransform;)V @ 6
Event: 25,051 Thread 0x00007ffa64002000 Uncommon trap: reason=class_check action=maybe_recompile pc=0x00007ffaa1d2e46c method=java.awt.geom.RectIterator.<init>(Ljava/awt/geom/Rectangle2D;Ljava/awt/geom/AffineTransform;)V @ 6
Event: 25,051 Thread 0x00007ffa64002000 Uncommon trap: reason=class_check action=maybe_recompile pc=0x00007ffaa1d2e46c method=java.awt.geom.RectIterator.<init>(Ljava/awt/geom/Rectangle2D;Ljava/awt/geom/AffineTransform;)V @ 6
Event: 25,052 Thread 0x00007ffa64002000 Uncommon trap: reason=class_check action=maybe_recompile pc=0x00007ffaa1cc160c method=sun.java2d.loops.ProcessPath.doProcessPath(Lsun/java2d/loops/ProcessPath$ProcessHandler;Ljava/awt/geom/Path2D$Float;FF)Z @ 1005
Event: 25,052 Thread 0x00007ffa64002000 Uncommon trap: reason=unreached action=reinterpret pc=0x00007ffaa1c8140c method=javax.swing.JComponent.paint(Ljava/awt/Graphics;)V @ 130
Event: 25,052 Thread 0x00007ffa64002000 Uncommon trap: reason=bimorphic action=maybe_recompile pc=0x00007ffaa1c75ca4 method=javax.swing.JComponent.paintChildren(Ljava/awt/Graphics;)V @ 85

Internal exceptions (10 events):
Event: 12,642 Thread 0x00007ffa8c00f800 Exception <a 'java/lang/NullPointerException'> (0x00000000f6584e68) thrown at [/HUDSON/workspace/8-2-build-linux-amd64/jdk8u20/1074/hotspot/src/share/vm/interpreter/linkResolver.cpp, line 1166]
Event: 12,643 Thread 0x00007ffa8c00f800 Exception <a 'java/lang/NullPointerException'> (0x00000000f7a5c110) thrown at [/HUDSON/workspace/8-2-build-linux-amd64/jdk8u20/1074/hotspot/src/share/vm/interpreter/linkResolver.cpp, line 1166]
Event: 12,645 Thread 0x00007ffa8c00f800 Exception <a 'java/lang/NullPointerException'> (0x00000000f7a5f568) thrown at [/HUDSON/workspace/8-2-build-linux-amd64/jdk8u20/1074/hotspot/src/share/vm/interpreter/linkResolver.cpp, line 1166]
Event: 12,645 Thread 0x00007ffa8c00f800 Exception <a 'java/lang/NullPointerException'> (0x00000000f7a607f0) thrown at [/HUDSON/workspace/8-2-build-linux-amd64/jdk8u20/1074/hotspot/src/share/vm/interpreter/linkResolver.cpp, line 1166]
Event: 12,645 Thread 0x00007ffa8c00f800 Exception <a 'java/lang/NullPointerException'> (0x00000000f7a62208) thrown at [/HUDSON/workspace/8-2-build-linux-amd64/jdk8u20/1074/hotspot/src/share/vm/interpreter/linkResolver.cpp, line 1166]
Event: 12,674 Thread 0x00007ffa8c00f800 Exception <a 'java/lang/NullPointerException'> (0x00000000f7a6b5b0) thrown at [/HUDSON/workspace/8-2-build-linux-amd64/jdk8u20/1074/hotspot/src/share/vm/interpreter/linkResolver.cpp, line 1166]
Event: 12,675 Thread 0x00007ffa8c00f800 Exception <a 'java/security/PrivilegedActionException'> (0x00000000f7a6d958) thrown at [/HUDSON/workspace/8-2-build-linux-amd64/jdk8u20/1074/hotspot/src/share/vm/prims/jvm.cpp, line 1275]
Event: 12,675 Thread 0x00007ffa8c00f800 Exception <a 'java/security/PrivilegedActionException'> (0x00000000f7a771d8) thrown at [/HUDSON/workspace/8-2-build-linux-amd64/jdk8u20/1074/hotspot/src/share/vm/prims/jvm.cpp, line 1275]
Event: 12,914 Thread 0x00007ffa64002000 Exception <a 'java/lang/UnsupportedOperationException': > (0x00000000f5f25148) thrown at [/HUDSON/workspace/8-2-build-linux-amd64/jdk8u20/1074/hotspot/src/share/vm/prims/jni.cpp, line 742]
Event: 25,052 Thread 0x00007ffa64002000 Implicit null exception at 0x00007ffaa1c8044b to 0x00007ffaa1c813e1

Events (10 events):
Event: 25,628 Thread 0x00007ffa6ce89000 Thread added: 0x00007ffa6ce89000
Event: 25,628 Executing VM operation: RevokeBias
Event: 25,628 Executing VM operation: RevokeBias done
Event: 26,536 Executing VM operation: RedefineClasses
Event: 26,605 Executing VM operation: RedefineClasses done
Event: 26,629 Thread 0x00007ffa6ce89000 Thread exited: 0x00007ffa6ce89000
Event: 26,629 Executing VM operation: RevokeBias
Event: 26,630 Executing VM operation: RevokeBias done
Event: 26,630 Thread 0x00007ffa9c024800 Thread exited: 0x00007ffa9c024800
Event: 27,239 Executing VM operation: ParallelGCFailedAllocation


Dynamic libraries:
00400000-00401000 r-xp 00000000 08:03 1579710                            /usr/lib/jvm/java-8-oracle/bin/java
00600000-00601000 rw-p 00000000 08:03 1579710                            /usr/lib/jvm/java-8-oracle/bin/java
014ef000-01533000 rw-p 00000000 00:00 0                                  [heap]
e1c00000-ea000000 rw-p 00000000 00:00 0 
ed800000-f5f00000 ---p 00000000 00:00 0 
f5f00000-ffb80000 rw-p 00000000 00:00 0 
ffb80000-100000000 ---p 00000000 00:00 0 
100000000-100300000 rw-p 00000000 00:00 0 
100300000-140000000 ---p 00000000 00:00 0 
7ffa5b6e4000-7ffa5b70e000 r-xp 00000000 08:03 1579871                    /usr/lib/jvm/java-8-oracle/jre/lib/amd64/libdcpr.so
7ffa5b70e000-7ffa5b90e000 ---p 0002a000 08:03 1579871                    /usr/lib/jvm/java-8-oracle/jre/lib/amd64/libdcpr.so
7ffa5b90e000-7ffa5b911000 rw-p 0002a000 08:03 1579871                    /usr/lib/jvm/java-8-oracle/jre/lib/amd64/libdcpr.so
7ffa5c866000-7ffa5ca26000 rw-p 00000000 00:00 0 
7ffa5ca26000-7ffa5ca66000 ---p 00000000 00:00 0 
7ffa5ca66000-7ffa5ca67000 ---p 00000000 00:00 0 
7ffa5ca67000-7ffa5d267000 rw-p 00000000 00:00 0                          [stack:4888]
7ffa5d267000-7ffa5d2ab000 r-xp 00000000 08:03 1704083                    /lib/x86_64-linux-gnu/libdbus-1.so.3.7.6
7ffa5d2ab000-7ffa5d4aa000 ---p 00044000 08:03 1704083                    /lib/x86_64-linux-gnu/libdbus-1.so.3.7.6
7ffa5d4aa000-7ffa5d4ab000 r--p 00043000 08:03 1704083                    /lib/x86_64-linux-gnu/libdbus-1.so.3.7.6
7ffa5d4ab000-7ffa5d4ac000 rw-p 00044000 08:03 1704083                    /lib/x86_64-linux-gnu/libdbus-1.so.3.7.6
7ffa5d4ac000-7ffa5d4b4000 r-xp 00000000 08:03 1708408                    /lib/x86_64-linux-gnu/libnih-dbus.so.1.0.0
7ffa5d4b4000-7ffa5d6b4000 ---p 00008000 08:03 1708408                    /lib/x86_64-linux-gnu/libnih-dbus.so.1.0.0
7ffa5d6b4000-7ffa5d6b5000 r--p 00008000 08:03 1708408                    /lib/x86_64-linux-gnu/libnih-dbus.so.1.0.0
7ffa5d6b5000-7ffa5d6b6000 rw-p 00009000 08:03 1708408                    /lib/x86_64-linux-gnu/libnih-dbus.so.1.0.0
7ffa5d6b6000-7ffa5d6cd000 r-xp 00000000 08:03 1708409                    /lib/x86_64-linux-gnu/libnih.so.1.0.0
7ffa5d6cd000-7ffa5d8cc000 ---p 00017000 08:03 1708409                    /lib/x86_64-linux-gnu/libnih.so.1.0.0
7ffa5d8cc000-7ffa5d8cd000 r--p 00016000 08:03 1708409                    /lib/x86_64-linux-gnu/libnih.so.1.0.0
7ffa5d8cd000-7ffa5d8ce000 rw-p 00017000 08:03 1708409                    /lib/x86_64-linux-gnu/libnih.so.1.0.0
7ffa5d8ce000-7ffa5d8e7000 r-xp 00000000 08:03 1708378                    /lib/x86_64-linux-gnu/libcgmanager.so.0.0.0
7ffa5d8e7000-7ffa5dae6000 ---p 00019000 08:03 1708378                    /lib/x86_64-linux-gnu/libcgmanager.so.0.0.0
7ffa5dae6000-7ffa5dae8000 r--p 00018000 08:03 1708378                    /lib/x86_64-linux-gnu/libcgmanager.so.0.0.0
7ffa5dae8000-7ffa5dae9000 rw-p 0001a000 08:03 1708378                    /lib/x86_64-linux-gnu/libcgmanager.so.0.0.0
7ffa5dae9000-7ffa5daf9000 r-xp 00000000 08:03 1704110                    /lib/x86_64-linux-gnu/libudev.so.1.3.5
7ffa5daf9000-7ffa5dcf8000 ---p 00010000 08:03 1704110                    /lib/x86_64-linux-gnu/libudev.so.1.3.5
7ffa5dcf8000-7ffa5dcf9000 r--p 0000f000 08:03 1704110                    /lib/x86_64-linux-gnu/libudev.so.1.3.5
7ffa5dcf9000-7ffa5dcfa000 rw-p 00010000 08:03 1704110                    /lib/x86_64-linux-gnu/libudev.so.1.3.5
7ffa5dcfa000-7ffa5dd2e000 r-xp 00000000 08:03 270451                     /usr/lib/x86_64-linux-gnu/gvfs/libgvfscommon.so
7ffa5dd2e000-7ffa5df2e000 ---p 00034000 08:03 270451                     /usr/lib/x86_64-linux-gnu/gvfs/libgvfscommon.so
7ffa5df2e000-7ffa5df33000 r--p 00034000 08:03 270451                     /usr/lib/x86_64-linux-gnu/gvfs/libgvfscommon.so
7ffa5df33000-7ffa5df34000 rw-p 00039000 08:03 270451                     /usr/lib/x86_64-linux-gnu/gvfs/libgvfscommon.so
7ffa5df34000-7ffa5df63000 r-xp 00000000 08:03 270157                     /usr/lib/x86_64-linux-gnu/gio/modules/libgvfsdbus.so
7ffa5df63000-7ffa5e163000 ---p 0002f000 08:03 270157                     /usr/lib/x86_64-linux-gnu/gio/modules/libgvfsdbus.so
7ffa5e163000-7ffa5e164000 r--p 0002f000 08:03 270157                     /usr/lib/x86_64-linux-gnu/gio/modules/libgvfsdbus.so
7ffa5e164000-7ffa5e165000 rw-p 00030000 08:03 270157                     /usr/lib/x86_64-linux-gnu/gio/modules/libgvfsdbus.so
7ffa5e165000-7ffa5e166000 rw-p 00000000 00:00 0 
7ffa5e166000-7ffa5e167000 r-xp 00000000 08:03 1574077                    /usr/lib/x86_64-linux-gnu/libgthread-2.0.so.0.4002.0
7ffa5e167000-7ffa5e366000 ---p 00001000 08:03 1574077                    /usr/lib/x86_64-linux-gnu/libgthread-2.0.so.0.4002.0
7ffa5e366000-7ffa5e367000 r--p 00000000 08:03 1574077                    /usr/lib/x86_64-linux-gnu/libgthread-2.0.so.0.4002.0
7ffa5e367000-7ffa5e368000 rw-p 00001000 08:03 1574077                    /usr/lib/x86_64-linux-gnu/libgthread-2.0.so.0.4002.0
7ffa5e368000-7ffa5e36e000 r-xp 00000000 08:03 1585706                    /usr/lib/x86_64-linux-gnu/libdatrie.so.1.3.1
7ffa5e36e000-7ffa5e56d000 ---p 00006000 08:03 1585706                    /usr/lib/x86_64-linux-gnu/libdatrie.so.1.3.1
7ffa5e56d000-7ffa5e56e000 r--p 00005000 08:03 1585706                    /usr/lib/x86_64-linux-gnu/libdatrie.so.1.3.1
7ffa5e56e000-7ffa5e56f000 rw-p 00006000 08:03 1585706                    /usr/lib/x86_64-linux-gnu/libdatrie.so.1.3.1
7ffa5e56f000-7ffa5e589000 r-xp 00000000 08:03 1585853                    /usr/lib/x86_64-linux-gnu/libgraphite2.so.3.0.1
7ffa5e589000-7ffa5e788000 ---p 0001a000 08:03 1585853                    /usr/lib/x86_64-linux-gnu/libgraphite2.so.3.0.1
7ffa5e788000-7ffa5e78a000 r--p 00019000 08:03 1585853                    /usr/lib/x86_64-linux-gnu/libgraphite2.so.3.0.1
7ffa5e78a000-7ffa5e78b000 rw-p 0001b000 08:03 1585853                    /usr/lib/x86_64-linux-gnu/libgraphite2.so.3.0.1
7ffa5e78b000-7ffa5e7c8000 r-xp 00000000 08:03 1708432                    /lib/x86_64-linux-gnu/libpcre.so.3.13.1
7ffa5e7c8000-7ffa5e9c7000 ---p 0003d000 08:03 1708432                    /lib/x86_64-linux-gnu/libpcre.so.3.13.1
7ffa5e9c7000-7ffa5e9c8000 r--p 0003c000 08:03 1708432                    /lib/x86_64-linux-gnu/libpcre.so.3.13.1
7ffa5e9c8000-7ffa5e9c9000 rw-p 0003d000 08:03 1708432                    /lib/x86_64-linux-gnu/libpcre.so.3.13.1
7ffa5e9c9000-7ffa5e9d0000 r-xp 00000000 08:03 1585753                    /usr/lib/x86_64-linux-gnu/libffi.so.6.0.1
7ffa5e9d0000-7ffa5ebcf000 ---p 00007000 08:03 1585753                    /usr/lib/x86_64-linux-gnu/libffi.so.6.0.1
7ffa5ebcf000-7ffa5ebd0000 r--p 00006000 08:03 1585753                    /usr/lib/x86_64-linux-gnu/libffi.so.6.0.1
7ffa5ebd0000-7ffa5ebd1000 rw-p 00007000 08:03 1585753                    /usr/lib/x86_64-linux-gnu/libffi.so.6.0.1
7ffa5ebd1000-7ffa5ebf8000 r-xp 00000000 08:03 1708387                    /lib/x86_64-linux-gnu/libexpat.so.1.6.0
7ffa5ebf8000-7ffa5edf8000 ---p 00027000 08:03 1708387                    /lib/x86_64-linux-gnu/libexpat.so.1.6.0
7ffa5edf8000-7ffa5edfa000 r--p 00027000 08:03 1708387                    /lib/x86_64-linux-gnu/libexpat.so.1.6.0
7ffa5edfa000-7ffa5edfb000 rw-p 00029000 08:03 1708387                    /lib/x86_64-linux-gnu/libexpat.so.1.6.0
7ffa5edfb000-7ffa5ee03000 r-xp 00000000 08:03 1586262                    /usr/lib/x86_64-linux-gnu/libthai.so.0.2.0
7ffa5ee03000-7ffa5f002000 ---p 00008000 08:03 1586262                    /usr/lib/x86_64-linux-gnu/libthai.so.0.2.0
7ffa5f002000-7ffa5f003000 r--p 00007000 08:03 1586262                    /usr/lib/x86_64-linux-gnu/libthai.so.0.2.0
7ffa5f003000-7ffa5f004000 rw-p 00008000 08:03 1586262                    /usr/lib/x86_64-linux-gnu/libthai.so.0.2.0
7ffa5f004000-7ffa5f057000 r-xp 00000000 08:03 1573596                    /usr/lib/x86_64-linux-gnu/libharfbuzz.so.0.927.0
7ffa5f057000-7ffa5f257000 ---p 00053000 08:03 1573596                    /usr/lib/x86_64-linux-gnu/libharfbuzz.so.0.927.0
7ffa5f257000-7ffa5f258000 r--p 00053000 08:03 1573596                    /usr/lib/x86_64-linux-gnu/libharfbuzz.so.0.927.0
7ffa5f258000-7ffa5f259000 rw-p 00054000 08:03 1573596                    /usr/lib/x86_64-linux-gnu/libharfbuzz.so.0.927.0
7ffa5f259000-7ffa5f270000 r-xp 00000000 08:03 1708444                    /lib/x86_64-linux-gnu/libresolv-2.19.so
7ffa5f270000-7ffa5f470000 ---p 00017000 08:03 1708444                    /lib/x86_64-linux-gnu/libresolv-2.19.so
7ffa5f470000-7ffa5f471000 r--p 00017000 08:03 1708444                    /lib/x86_64-linux-gnu/libresolv-2.19.so
7ffa5f471000-7ffa5f472000 rw-p 00018000 08:03 1708444                    /lib/x86_64-linux-gnu/libresolv-2.19.so
7ffa5f472000-7ffa5f474000 rw-p 00000000 00:00 0 
7ffa5f474000-7ffa5f494000 r-xp 00000000 08:03 1708446                    /lib/x86_64-linux-gnu/libselinux.so.1
7ffa5f494000-7ffa5f693000 ---p 00020000 08:03 1708446                    /lib/x86_64-linux-gnu/libselinux.so.1
7ffa5f693000-7ffa5f694000 r--p 0001f000 08:03 1708446                    /lib/x86_64-linux-gnu/libselinux.so.1
7ffa5f694000-7ffa5f695000 rw-p 00020000 08:03 1708446                    /lib/x86_64-linux-gnu/libselinux.so.1
7ffa5f695000-7ffa5f697000 rw-p 00000000 00:00 0 
7ffa5f697000-7ffa5f6af000 r-xp 00000000 08:03 1708463                    /lib/x86_64-linux-gnu/libz.so.1.2.8
7ffa5f6af000-7ffa5f8ae000 ---p 00018000 08:03 1708463                    /lib/x86_64-linux-gnu/libz.so.1.2.8
7ffa5f8ae000-7ffa5f8af000 r--p 00017000 08:03 1708463                    /lib/x86_64-linux-gnu/libz.so.1.2.8
7ffa5f8af000-7ffa5f8b0000 rw-p 00018000 08:03 1708463                    /lib/x86_64-linux-gnu/libz.so.1.2.8
7ffa5f8b0000-7ffa5f8b8000 r-xp 00000000 08:03 1586387                    /usr/lib/x86_64-linux-gnu/libxcb-render.so.0.0.0
7ffa5f8b8000-7ffa5fab7000 ---p 00008000 08:03 1586387                    /usr/lib/x86_64-linux-gnu/libxcb-render.so.0.0.0
7ffa5fab7000-7ffa5fab8000 r--p 00007000 08:03 1586387                    /usr/lib/x86_64-linux-gnu/libxcb-render.so.0.0.0
7ffa5fab8000-7ffa5fab9000 rw-p 00008000 08:03 1586387                    /usr/lib/x86_64-linux-gnu/libxcb-render.so.0.0.0
7ffa5fab9000-7ffa5fabb000 r-xp 00000000 08:03 1586390                    /usr/lib/x86_64-linux-gnu/libxcb-shm.so.0.0.0
7ffa5fabb000-7ffa5fcba000 ---p 00002000 08:03 1586390                    /usr/lib/x86_64-linux-gnu/libxcb-shm.so.0.0.0
7ffa5fcba000-7ffa5fcbb000 r--p 00001000 08:03 1586390                    /usr/lib/x86_64-linux-gnu/libxcb-shm.so.0.0.0
7ffa5fcbb000-7ffa5fcbc000 rw-p 00002000 08:03 1586390                    /usr/lib/x86_64-linux-gnu/libxcb-shm.so.0.0.0
7ffa5fcbc000-7ffa5fce1000 r-xp 00000000 08:03 1708438                    /lib/x86_64-linux-gnu/libpng12.so.0.50.0
7ffa5fce1000-7ffa5fee0000 ---p 00025000 08:03 1708438                    /lib/x86_64-linux-gnu/libpng12.so.0.50.0
7ffa5fee0000-7ffa5fee1000 r--p 00024000 08:03 1708438                    /lib/x86_64-linux-gnu/libpng12.so.0.50.0
7ffa5fee1000-7ffa5fee2000 rw-p 00025000 08:03 1708438                    /lib/x86_64-linux-gnu/libpng12.so.0.50.0
7ffa5fee2000-7ffa5ff83000 r-xp 00000000 08:03 1586126                    /usr/lib/x86_64-linux-gnu/libpixman-1.so.0.30.2
7ffa5ff83000-7ffa60183000 ---p 000a1000 08:03 1586126                    /usr/lib/x86_64-linux-gnu/libpixman-1.so.0.30.2
7ffa60183000-7ffa6018a000 r--p 000a1000 08:03 1586126                    /usr/lib/x86_64-linux-gnu/libpixman-1.so.0.30.2
7ffa6018a000-7ffa6018b000 rw-p 000a8000 08:03 1586126                    /usr/lib/x86_64-linux-gnu/libpixman-1.so.0.30.2
7ffa6018b000-7ffa60228000 r-xp 00000000 08:03 1585783                    /usr/lib/x86_64-linux-gnu/libfreetype.so.6.11.1
7ffa60228000-7ffa60427000 ---p 0009d000 08:03 1585783                    /usr/lib/x86_64-linux-gnu/libfreetype.so.6.11.1
7ffa60427000-7ffa6042d000 r--p 0009c000 08:03 1585783                    /usr/lib/x86_64-linux-gnu/libfreetype.so.6.11.1
7ffa6042d000-7ffa6042e000 rw-p 000a2000 08:03 1585783                    /usr/lib/x86_64-linux-gnu/libfreetype.so.6.11.1
7ffa6042e000-7ffa60430000 r-xp 00000000 08:03 1585545                    /usr/lib/x86_64-linux-gnu/libXdamage.so.1.1.0
7ffa60430000-7ffa6062f000 ---p 00002000 08:03 1585545                    /usr/lib/x86_64-linux-gnu/libXdamage.so.1.1.0
7ffa6062f000-7ffa60630000 r--p 00001000 08:03 1585545                    /usr/lib/x86_64-linux-gnu/libXdamage.so.1.1.0
7ffa60630000-7ffa60631000 rw-p 00002000 08:03 1585545                    /usr/lib/x86_64-linux-gnu/libXdamage.so.1.1.0
7ffa60631000-7ffa60633000 r-xp 00000000 08:03 1585542                    /usr/lib/x86_64-linux-gnu/libXcomposite.so.1.0.0
7ffa60633000-7ffa60832000 ---p 00002000 08:03 1585542                    /usr/lib/x86_64-linux-gnu/libXcomposite.so.1.0.0
7ffa60832000-7ffa60833000 r--p 00001000 08:03 1585542                    /usr/lib/x86_64-linux-gnu/libXcomposite.so.1.0.0
7ffa60833000-7ffa60834000 rw-p 00002000 08:03 1585542                    /usr/lib/x86_64-linux-gnu/libXcomposite.so.1.0.0
7ffa60834000-7ffa6083d000 r-xp 00000000 08:03 1585563                    /usr/lib/x86_64-linux-gnu/libXrandr.so.2.2.0
7ffa6083d000-7ffa60a3c000 ---p 00009000 08:03 1585563                    /usr/lib/x86_64-linux-gnu/libXrandr.so.2.2.0
7ffa60a3c000-7ffa60a3d000 r--p 00008000 08:03 1585563                    /usr/lib/x86_64-linux-gnu/libXrandr.so.2.2.0
7ffa60a3d000-7ffa60a3e000 rw-p 00009000 08:03 1585563                    /usr/lib/x86_64-linux-gnu/libXrandr.so.2.2.0
7ffa60a3e000-7ffa60a40000 r-xp 00000000 08:03 1585555                    /usr/lib/x86_64-linux-gnu/libXinerama.so.1.0.0
7ffa60a40000-7ffa60c3f000 ---p 00002000 08:03 1585555                    /usr/lib/x86_64-linux-gnu/libXinerama.so.1.0.0
7ffa60c3f000-7ffa60c40000 r--p 00001000 08:03 1585555                    /usr/lib/x86_64-linux-gnu/libXinerama.so.1.0.0
7ffa60c40000-7ffa60c41000 rw-p 00002000 08:03 1585555                    /usr/lib/x86_64-linux-gnu/libXinerama.so.1.0.0
7ffa60c41000-7ffa60d47000 r-xp 00000000 08:03 1704087                    /lib/x86_64-linux-gnu/libglib-2.0.so.0.4002.0
7ffa60d47000-7ffa60f46000 ---p 00106000 08:03 1704087                    /lib/x86_64-linux-gnu/libglib-2.0.so.0.4002.0
7ffa60f46000-7ffa60f47000 r--p 00105000 08:03 1704087                    /lib/x86_64-linux-gnu/libglib-2.0.so.0.4002.0
7ffa60f47000-7ffa60f48000 rw-p 00106000 08:03 1704087                    /lib/x86_64-linux-gnu/libglib-2.0.so.0.4002.0
7ffa60f48000-7ffa60f49000 rw-p 00000000 00:00 0 
7ffa60f49000-7ffa60f98000 r-xp 00000000 08:03 1574075                    /usr/lib/x86_64-linux-gnu/libgobject-2.0.so.0.4002.0
7ffa60f98000-7ffa61198000 ---p 0004f000 08:03 1574075                    /usr/lib/x86_64-linux-gnu/libgobject-2.0.so.0.4002.0
7ffa61198000-7ffa61199000 r--p 0004f000 08:03 1574075                    /usr/lib/x86_64-linux-gnu/libgobject-2.0.so.0.4002.0
7ffa61199000-7ffa6119a000 rw-p 00050000 08:03 1574075                    /usr/lib/x86_64-linux-gnu/libgobject-2.0.so.0.4002.0
7ffa6119a000-7ffa611d4000 r-xp 00000000 08:03 1585773                    /usr/lib/x86_64-linux-gnu/libfontconfig.so.1.8.0
7ffa611d4000-7ffa613d3000 ---p 0003a000 08:03 1585773                    /usr/lib/x86_64-linux-gnu/libfontconfig.so.1.8.0
7ffa613d3000-7ffa613d5000 r--p 00039000 08:03 1585773                    /usr/lib/x86_64-linux-gnu/libfontconfig.so.1.8.0
7ffa613d5000-7ffa613d6000 rw-p 0003b000 08:03 1585773                    /usr/lib/x86_64-linux-gnu/libfontconfig.so.1.8.0
7ffa613d6000-7ffa61420000 r-xp 00000000 08:03 1579635                    /usr/lib/x86_64-linux-gnu/libpango-1.0.so.0.3600.3
7ffa61420000-7ffa61620000 ---p 0004a000 08:03 1579635                    /usr/lib/x86_64-linux-gnu/libpango-1.0.so.0.3600.3
7ffa61620000-7ffa61622000 r--p 0004a000 08:03 1579635                    /usr/lib/x86_64-linux-gnu/libpango-1.0.so.0.3600.3
7ffa61622000-7ffa61623000 rw-p 0004c000 08:03 1579635                    /usr/lib/x86_64-linux-gnu/libpango-1.0.so.0.3600.3
7ffa61623000-7ffa61637000 r-xp 00000000 08:03 1579637                    /usr/lib/x86_64-linux-gnu/libpangoft2-1.0.so.0.3600.3
7ffa61637000-7ffa61836000 ---p 00014000 08:03 1579637                    /usr/lib/x86_64-linux-gnu/libpangoft2-1.0.so.0.3600.3
7ffa61836000-7ffa61837000 r--p 00013000 08:03 1579637                    /usr/lib/x86_64-linux-gnu/libpangoft2-1.0.so.0.3600.3
7ffa61837000-7ffa61838000 rw-p 00014000 08:03 1579637                    /usr/lib/x86_64-linux-gnu/libpangoft2-1.0.so.0.3600.3
7ffa61838000-7ffa619a4000 r-xp 00000000 08:03 1574079                    /usr/lib/x86_64-linux-gnu/libgio-2.0.so.0.4002.0
7ffa619a4000-7ffa61ba3000 ---p 0016c000 08:03 1574079                    /usr/lib/x86_64-linux-gnu/libgio-2.0.so.0.4002.0
7ffa61ba3000-7ffa61ba7000 r--p 0016b000 08:03 1574079                    /usr/lib/x86_64-linux-gnu/libgio-2.0.so.0.4002.0
7ffa61ba7000-7ffa61ba9000 rw-p 0016f000 08:03 1574079                    /usr/lib/x86_64-linux-gnu/libgio-2.0.so.0.4002.0
7ffa61ba9000-7ffa61bab000 rw-p 00000000 00:00 0 
7ffa61bab000-7ffa61bca000 r-xp 00000000 08:03 1585806                    /usr/lib/x86_64-linux-gnu/libgdk_pixbuf-2.0.so.0.3000.7
7ffa61bca000-7ffa61dca000 ---p 0001f000 08:03 1585806                    /usr/lib/x86_64-linux-gnu/libgdk_pixbuf-2.0.so.0.3000.7
7ffa61dca000-7ffa61dcb000 r--p 0001f000 08:03 1585806                    /usr/lib/x86_64-linux-gnu/libgdk_pixbuf-2.0.so.0.3000.7
7ffa61dcb000-7ffa61dcc000 rw-p 00020000 08:03 1585806                    /usr/lib/x86_64-linux-gnu/libgdk_pixbuf-2.0.so.0.3000.7
7ffa61dcc000-7ffa61ed2000 r-xp 00000000 08:03 1585650                    /usr/lib/x86_64-linux-gnu/libcairo.so.2.11301.0
7ffa61ed2000-7ffa620d1000 ---p 00106000 08:03 1585650                    /usr/lib/x86_64-linux-gnu/libcairo.so.2.11301.0
7ffa620d1000-7ffa620d4000 r--p 00105000 08:03 1585650                    /usr/lib/x86_64-linux-gnu/libcairo.so.2.11301.0
7ffa620d4000-7ffa620d5000 rw-p 00108000 08:03 1585650                    /usr/lib/x86_64-linux-gnu/libcairo.so.2.11301.0
7ffa620d5000-7ffa620d7000 rw-p 00000000 00:00 0 
7ffa620d7000-7ffa620f6000 r-xp 00000000 08:03 1585600                    /usr/lib/x86_64-linux-gnu/libatk-1.0.so.0.21009.1
7ffa620f6000-7ffa622f6000 ---p 0001f000 08:03 1585600                    /usr/lib/x86_64-linux-gnu/libatk-1.0.so.0.21009.1
7ffa622f6000-7ffa622f8000 r--p 0001f000 08:03 1585600                    /usr/lib/x86_64-linux-gnu/libatk-1.0.so.0.21009.1
7ffa622f8000-7ffa622f9000 rw-p 00021000 08:03 1585600                    /usr/lib/x86_64-linux-gnu/libatk-1.0.so.0.21009.1
7ffa622f9000-7ffa62304000 r-xp 00000000 08:03 1579632                    /usr/lib/x86_64-linux-gnu/libpangocairo-1.0.so.0.3600.3
7ffa62304000-7ffa62504000 ---p 0000b000 08:03 1579632                    /usr/lib/x86_64-linux-gnu/libpangocairo-1.0.so.0.3600.3
7ffa62504000-7ffa62505000 r--p 0000b000 08:03 1579632                    /usr/lib/x86_64-linux-gnu/libpangocairo-1.0.so.0.3600.3
7ffa62505000-7ffa62506000 rw-p 0000c000 08:03 1579632                    /usr/lib/x86_64-linux-gnu/libpangocairo-1.0.so.0.3600.3
7ffa62506000-7ffa62509000 r-xp 00000000 08:03 1574071                    /usr/lib/x86_64-linux-gnu/libgmodule-2.0.so.0.4002.0
7ffa62509000-7ffa62708000 ---p 00003000 08:03 1574071                    /usr/lib/x86_64-linux-gnu/libgmodule-2.0.so.0.4002.0
7ffa62708000-7ffa62709000 r--p 00002000 08:03 1574071                    /usr/lib/x86_64-linux-gnu/libgmodule-2.0.so.0.4002.0
7ffa62709000-7ffa6270a000 rw-p 00003000 08:03 1574071                    /usr/lib/x86_64-linux-gnu/libgmodule-2.0.so.0.4002.0
7ffa6270a000-7ffa627b7000 r-xp 00000000 08:03 1585805                    /usr/lib/x86_64-linux-gnu/libgdk-x11-2.0.so.0.2400.23
7ffa627b7000-7ffa629b6000 ---p 000ad000 08:03 1585805                    /usr/lib/x86_64-linux-gnu/libgdk-x11-2.0.so.0.2400.23
7ffa629b6000-7ffa629ba000 r--p 000ac000 08:03 1585805                    /usr/lib/x86_64-linux-gnu/libgdk-x11-2.0.so.0.2400.23
7ffa629ba000-7ffa629bc000 rw-p 000b0000 08:03 1585805                    /usr/lib/x86_64-linux-gnu/libgdk-x11-2.0.so.0.2400.23
7ffa629bc000-7ffa62deb000 r-xp 00000000 08:03 1585907                    /usr/lib/x86_64-linux-gnu/libgtk-x11-2.0.so.0.2400.23
7ffa62deb000-7ffa62fea000 ---p 0042f000 08:03 1585907                    /usr/lib/x86_64-linux-gnu/libgtk-x11-2.0.so.0.2400.23
7ffa62fea000-7ffa62ff1000 r--p 0042e000 08:03 1585907                    /usr/lib/x86_64-linux-gnu/libgtk-x11-2.0.so.0.2400.23
7ffa62ff1000-7ffa62ff5000 rw-p 00435000 08:03 1585907                    /usr/lib/x86_64-linux-gnu/libgtk-x11-2.0.so.0.2400.23
7ffa62ff5000-7ffa62ff8000 rw-p 00000000 00:00 0 
7ffa62ff8000-7ffa62ffb000 ---p 00000000 00:00 0 
7ffa62ffb000-7ffa630f9000 rw-p 00000000 00:00 0                          [stack:4887]
7ffa630f9000-7ffa630fc000 ---p 00000000 00:00 0 
7ffa630fc000-7ffa631fa000 rw-p 00000000 00:00 0                          [stack:4886]
7ffa631fa000-7ffa631fd000 ---p 00000000 00:00 0 
7ffa631fd000-7ffa632fb000 rw-p 00000000 00:00 0 
7ffa632fb000-7ffa632fe000 ---p 00000000 00:00 0 
7ffa632fe000-7ffa633fc000 rw-p 00000000 00:00 0 
7ffa633fc000-7ffa633ff000 ---p 00000000 00:00 0 
7ffa633ff000-7ffa634fd000 rw-p 00000000 00:00 0 
7ffa634fd000-7ffa63500000 ---p 00000000 00:00 0 
7ffa63500000-7ffa635fe000 rw-p 00000000 00:00 0                          [stack:4915]
7ffa635fe000-7ffa63601000 ---p 00000000 00:00 0 
7ffa63601000-7ffa636ff000 rw-p 00000000 00:00 0                          [stack:4872]
7ffa636ff000-7ffa63702000 ---p 00000000 00:00 0 
7ffa63702000-7ffa63a00000 rw-p 00000000 00:00 0                          [stack:4871]
7ffa63a00000-7ffa63c00000 rw-p 00000000 00:00 0 
7ffa63c00000-7ffa63e00000 rw-p 00000000 00:00 0 
7ffa63e00000-7ffa64000000 rw-p 00000000 00:00 0 
7ffa64000000-7ffa6427d000 rw-p 00000000 00:00 0 
7ffa6427d000-7ffa68000000 ---p 00000000 00:00 0 
7ffa68000000-7ffa68024000 rw-p 00000000 00:00 0 
7ffa68024000-7ffa6c000000 ---p 00000000 00:00 0 
7ffa6c000000-7ffa6e11c000 rw-p 00000000 00:00 0 
7ffa6e11c000-7ffa70000000 ---p 00000000 00:00 0 
7ffa70000000-7ffa7023f000 rw-p 00000000 00:00 0 
7ffa7023f000-7ffa74000000 ---p 00000000 00:00 0 
7ffa74000000-7ffa744ac000 rw-p 00000000 00:00 0 
7ffa744ac000-7ffa78000000 ---p 00000000 00:00 0 
7ffa78000000-7ffa789e4000 rw-p 00000000 00:00 0 
7ffa789e4000-7ffa7c000000 ---p 00000000 00:00 0 
7ffa7c000000-7ffa7c0b3000 rw-p 00000000 00:00 0 
7ffa7c0b3000-7ffa80000000 ---p 00000000 00:00 0 
7ffa80000000-7ffa80021000 rw-p 00000000 00:00 0 
7ffa80021000-7ffa84000000 ---p 00000000 00:00 0 
7ffa84000000-7ffa84021000 rw-p 00000000 00:00 0 
7ffa84021000-7ffa88000000 ---p 00000000 00:00 0 
7ffa88000000-7ffa884ac000 rw-p 00000000 00:00 0 
7ffa884ac000-7ffa8c000000 ---p 00000000 00:00 0 
7ffa8c000000-7ffa8c371000 rw-p 00000000 00:00 0 
7ffa8c371000-7ffa90000000 ---p 00000000 00:00 0 
7ffa90000000-7ffa90021000 rw-p 00000000 00:00 0 
7ffa90021000-7ffa94000000 ---p 00000000 00:00 0 
7ffa94000000-7ffa94503000 rw-p 00000000 00:00 0 
7ffa94503000-7ffa98000000 ---p 00000000 00:00 0 
7ffa98071000-7ffa9808c000 r--p 00000000 08:03 407206                     /usr/share/locale-langpack/fr/LC_MESSAGES/glib20.mo
7ffa9808c000-7ffa980b7000 r--p 00000000 08:03 407250                     /usr/share/locale-langpack/fr/LC_MESSAGES/gtk20-properties.mo
7ffa980b7000-7ffa980ba000 ---p 00000000 00:00 0 
7ffa980ba000-7ffa981b8000 rw-p 00000000 00:00 0                          [stack:4850]
7ffa981b8000-7ffa981c6000 r--s 00000000 08:03 1190923                    /var/cache/fontconfig/6aa41aa22e18b8fa06a12da28ea9c28b-le64.cache-4
7ffa981c6000-7ffa981c7000 r--s 00000000 08:03 1190938                    /var/cache/fontconfig/c05880de57d1f5e948fdfacc138775d9-le64.cache-4
7ffa981c7000-7ffa981d2000 r--s 00000000 08:03 1190930                    /var/cache/fontconfig/945677eb7aeaf62f1d50efc3fb3ec7d8-le64.cache-4
7ffa981d2000-7ffa981d4000 r--s 00000000 08:03 1190932                    /var/cache/fontconfig/99e8ed0e538f840c565b6ed5dad60d56-le64.cache-4
7ffa981d4000-7ffa981dd000 r--s 00000000 08:03 1190934                    /var/cache/fontconfig/a6d8cf8e4ec09cdbc8633c31745a07dd-le64.cache-4
7ffa981dd000-7ffa981e3000 r--s 00000000 08:03 1190909                    /var/cache/fontconfig/2cd17615ca594fa2959ae173292e504c-le64.cache-4
7ffa981e3000-7ffa981e4000 r--s 00000000 08:03 1190953                    /var/cache/fontconfig/e7071f4a29fa870f4323321c154eba04-le64.cache-4
7ffa981e4000-7ffa981e5000 r--s 00000000 08:03 1190904                    /var/cache/fontconfig/0d8c3b2ac0904cb8a57a757ad11a4a08-le64.cache-4
7ffa981e5000-7ffa981ec000 r--s 00000000 08:03 1190935                    /var/cache/fontconfig/a755afe4a08bf5b97852ceb7400b47bc-le64.cache-4
7ffa981ec000-7ffa981f0000 r--s 00000000 08:03 1190924                    /var/cache/fontconfig/6d41288fd70b0be22e8c3a91e032eec0-le64.cache-4
7ffa981f0000-7ffa98204000 r--s 00000000 08:03 1190888                    /var/cache/fontconfig/04aabc0a78ac019cf9454389977116d2-le64.cache-4
7ffa98204000-7ffa9823f000 r--s 00000000 08:03 1190911                    /var/cache/fontconfig/365b55f210c0a22e9a19e35191240f32-le64.cache-4
7ffa98240000-7ffa98241000 rw-p 00000000 00:00 0 
7ffa98241000-7ffa98245000 rw-s 00000000 00:04 14352399                   /SYSV00000000 (deleted)
7ffa98245000-7ffa98254000 r--p 00000000 08:03 407251                     /usr/share/locale-langpack/fr/LC_MESSAGES/gtk20.mo
7ffa98254000-7ffa98270000 r--s 00393000 08:03 1580001                    /usr/lib/jvm/java-8-oracle/jre/lib/ext/cldrdata.jar
7ffa98270000-7ffa9827a000 r--s 00116000 08:03 1580004                    /usr/lib/jvm/java-8-oracle/jre/lib/ext/localedata.jar
7ffa9827a000-7ffa9828d000 r--s 00344000 08:03 1579861                    /usr/lib/jvm/java-8-oracle/jre/lib/resources.jar
7ffa9828d000-7ffa98290000 ---p 00000000 00:00 0 
7ffa98290000-7ffa9838e000 rw-p 00000000 00:00 0 
7ffa9838e000-7ffa98391000 ---p 00000000 00:00 0 
7ffa98391000-7ffa9848f000 rw-p 00000000 00:00 0 
7ffa9848f000-7ffa984af000 r--s 002d7000 00:1f 32911142                   /auto_home/swouters/Documents/pinkman/warbot/Warbot_src/lib/turtlekit-3.0.0.2.jar
7ffa984af000-7ffa984c5000 r--s 00145000 00:1f 32911196                   /auto_home/swouters/Documents/pinkman/warbot/Warbot_src/lib/gdx.jar
7ffa984c5000-7ffa984d6000 r--s 00127000 00:1f 32911169                   /auto_home/swouters/Documents/pinkman/warbot/Warbot_src/lib/gdx-backend-lwjgl.jar
7ffa984d6000-7ffa984d8000 r--s 0000b000 00:1f 32911167                   /auto_home/swouters/Documents/pinkman/warbot/Warbot_src/lib/gdx-backend-lwjgl-sources.jar
7ffa984d8000-7ffa984da000 r--s 0019e000 00:1f 32911168                   /auto_home/swouters/Documents/pinkman/warbot/Warbot_src/lib/gdx-backend-lwjgl-natives.jar
7ffa984da000-7ffa984e0000 r--s 00057000 00:1f 32907382                   /auto_home/swouters/Documents/pinkman/warbot/Warbot_src/lib/madkit-5.0.5.1.jar
7ffa984e0000-7ffa98549000 r-xp 00000000 08:03 1579917                    /usr/lib/jvm/java-8-oracle/jre/lib/amd64/libt2k.so
7ffa98549000-7ffa98748000 ---p 00069000 08:03 1579917                    /usr/lib/jvm/java-8-oracle/jre/lib/amd64/libt2k.so
7ffa98748000-7ffa9874f000 rw-p 00068000 08:03 1579917                    /usr/lib/jvm/java-8-oracle/jre/lib/amd64/libt2k.so
7ffa9874f000-7ffa9895f000 rw-p 00000000 00:00 0 
7ffa9895f000-7ffa98970000 r-xp 00000000 08:03 1579907                    /usr/lib/jvm/java-8-oracle/jre/lib/amd64/libnio.so
7ffa98970000-7ffa98b6f000 ---p 00011000 08:03 1579907                    /usr/lib/jvm/java-8-oracle/jre/lib/amd64/libnio.so
7ffa98b6f000-7ffa98b70000 rw-p 00010000 08:03 1579907                    /usr/lib/jvm/java-8-oracle/jre/lib/amd64/libnio.so
7ffa98b70000-7ffa98b86000 r-xp 00000000 08:03 1579906                    /usr/lib/jvm/java-8-oracle/jre/lib/amd64/libnet.so
7ffa98b86000-7ffa98d86000 ---p 00016000 08:03 1579906                    /usr/lib/jvm/java-8-oracle/jre/lib/amd64/libnet.so
7ffa98d86000-7ffa98d87000 rw-p 00016000 08:03 1579906                    /usr/lib/jvm/java-8-oracle/jre/lib/amd64/libnet.so
7ffa98d87000-7ffa98d8a000 ---p 00000000 00:00 0 
7ffa98d8a000-7ffa98e88000 rw-p 00000000 00:00 0                          [stack:4847]
7ffa98e88000-7ffa98e8b000 ---p 00000000 00:00 0 
7ffa98e8b000-7ffa98f89000 rw-p 00000000 00:00 0                          [stack:4846]
7ffa98f89000-7ffa98f8c000 ---p 00000000 00:00 0 
7ffa98f8c000-7ffa9908a000 rw-p 00000000 00:00 0                          [stack:4845]
7ffa9908a000-7ffa9908d000 ---p 00000000 00:00 0 
7ffa9908d000-7ffa9918b000 rw-p 00000000 00:00 0                          [stack:4835]
7ffa9918b000-7ffa99190000 r-xp 00000000 08:03 1585551                    /usr/lib/x86_64-linux-gnu/libXfixes.so.3.1.0
7ffa99190000-7ffa9938f000 ---p 00005000 08:03 1585551                    /usr/lib/x86_64-linux-gnu/libXfixes.so.3.1.0
7ffa9938f000-7ffa99390000 r--p 00004000 08:03 1585551                    /usr/lib/x86_64-linux-gnu/libXfixes.so.3.1.0
7ffa99390000-7ffa99391000 rw-p 00005000 08:03 1585551                    /usr/lib/x86_64-linux-gnu/libXfixes.so.3.1.0
7ffa99391000-7ffa9939a000 r-xp 00000000 08:03 1585543                    /usr/lib/x86_64-linux-gnu/libXcursor.so.1.0.2
7ffa9939a000-7ffa99599000 ---p 00009000 08:03 1585543                    /usr/lib/x86_64-linux-gnu/libXcursor.so.1.0.2
7ffa99599000-7ffa9959a000 r--p 00008000 08:03 1585543                    /usr/lib/x86_64-linux-gnu/libXcursor.so.1.0.2
7ffa9959a000-7ffa9959b000 rw-p 00009000 08:03 1585543                    /usr/lib/x86_64-linux-gnu/libXcursor.so.1.0.2
7ffa9959b000-7ffa9959e000 ---p 00000000 00:00 0 
7ffa9959e000-7ffa9969c000 rw-p 00000000 00:00 0                          [stack:4834]
7ffa9969c000-7ffa996b2000 r-xp 00000000 08:03 1708390                    /lib/x86_64-linux-gnu/libgcc_s.so.1
7ffa996b2000-7ffa998b1000 ---p 00016000 08:03 1708390                    /lib/x86_64-linux-gnu/libgcc_s.so.1
7ffa998b1000-7ffa998b2000 rw-p 00015000 08:03 1708390                    /lib/x86_64-linux-gnu/libgcc_s.so.1
7ffa998b2000-7ffa99917000 r-xp 00000000 08:03 1579875                    /usr/lib/jvm/java-8-oracle/jre/lib/amd64/libfontmanager.so
7ffa99917000-7ffa99b16000 ---p 00065000 08:03 1579875                    /usr/lib/jvm/java-8-oracle/jre/lib/amd64/libfontmanager.so
7ffa99b16000-7ffa99b1a000 rw-p 00064000 08:03 1579875                    /usr/lib/jvm/java-8-oracle/jre/lib/amd64/libfontmanager.so
7ffa99b1a000-7ffa99b2b000 rw-p 00000000 00:00 0 
7ffa99b2b000-7ffa99b30000 r-xp 00000000 08:03 1585547                    /usr/lib/x86_64-linux-gnu/libXdmcp.so.6.0.0
7ffa99b30000-7ffa99d2f000 ---p 00005000 08:03 1585547                    /usr/lib/x86_64-linux-gnu/libXdmcp.so.6.0.0
7ffa99d2f000-7ffa99d30000 r--p 00004000 08:03 1585547                    /usr/lib/x86_64-linux-gnu/libXdmcp.so.6.0.0
7ffa99d30000-7ffa99d31000 rw-p 00005000 08:03 1585547                    /usr/lib/x86_64-linux-gnu/libXdmcp.so.6.0.0
7ffa99d31000-7ffa99d33000 r-xp 00000000 08:03 1585538                    /usr/lib/x86_64-linux-gnu/libXau.so.6.0.0
7ffa99d33000-7ffa99f33000 ---p 00002000 08:03 1585538                    /usr/lib/x86_64-linux-gnu/libXau.so.6.0.0
7ffa99f33000-7ffa99f34000 r--p 00002000 08:03 1585538                    /usr/lib/x86_64-linux-gnu/libXau.so.6.0.0
7ffa99f34000-7ffa99f35000 rw-p 00003000 08:03 1585538                    /usr/lib/x86_64-linux-gnu/libXau.so.6.0.0
7ffa99f35000-7ffa99f52000 r-xp 00000000 08:03 1586398                    /usr/lib/x86_64-linux-gnu/libxcb.so.1.1.0
7ffa99f52000-7ffa9a152000 ---p 0001d000 08:03 1586398                    /usr/lib/x86_64-linux-gnu/libxcb.so.1.1.0
7ffa9a152000-7ffa9a153000 r--p 0001d000 08:03 1586398                    /usr/lib/x86_64-linux-gnu/libxcb.so.1.1.0
7ffa9a153000-7ffa9a154000 rw-p 0001e000 08:03 1586398                    /usr/lib/x86_64-linux-gnu/libxcb.so.1.1.0
7ffa9a154000-7ffa9a163000 r-xp 00000000 08:03 1585554                    /usr/lib/x86_64-linux-gnu/libXi.so.6.1.0
7ffa9a163000-7ffa9a362000 ---p 0000f000 08:03 1585554                    /usr/lib/x86_64-linux-gnu/libXi.so.6.1.0
7ffa9a362000-7ffa9a363000 r--p 0000e000 08:03 1585554                    /usr/lib/x86_64-linux-gnu/libXi.so.6.1.0
7ffa9a363000-7ffa9a364000 rw-p 0000f000 08:03 1585554                    /usr/lib/x86_64-linux-gnu/libXi.so.6.1.0
7ffa9a364000-7ffa9a369000 r-xp 00000000 08:03 1585568                    /usr/lib/x86_64-linux-gnu/libXtst.so.6.1.0
7ffa9a369000-7ffa9a568000 ---p 00005000 08:03 1585568                    /usr/lib/x86_64-linux-gnu/libXtst.so.6.1.0
7ffa9a568000-7ffa9a569000 r--p 00004000 08:03 1585568                    /usr/lib/x86_64-linux-gnu/libXtst.so.6.1.0
7ffa9a569000-7ffa9a56a000 rw-p 00005000 08:03 1585568                    /usr/lib/x86_64-linux-gnu/libXtst.so.6.1.0
7ffa9a56a000-7ffa9a573000 r-xp 00000000 08:03 1585564                    /usr/lib/x86_64-linux-gnu/libXrender.so.1.3.0
7ffa9a573000-7ffa9a772000 ---p 00009000 08:03 1585564                    /usr/lib/x86_64-linux-gnu/libXrender.so.1.3.0
7ffa9a772000-7ffa9a773000 r--p 00008000 08:03 1585564                    /usr/lib/x86_64-linux-gnu/libXrender.so.1.3.0
7ffa9a773000-7ffa9a774000 rw-p 00009000 08:03 1585564                    /usr/lib/x86_64-linux-gnu/libXrender.so.1.3.0
7ffa9a774000-7ffa9a8a4000 r-xp 00000000 08:03 1585535                    /usr/lib/x86_64-linux-gnu/libX11.so.6.3.0
7ffa9a8a4000-7ffa9aaa4000 ---p 00130000 08:03 1585535                    /usr/lib/x86_64-linux-gnu/libX11.so.6.3.0
7ffa9aaa4000-7ffa9aaa5000 r--p 00130000 08:03 1585535                    /usr/lib/x86_64-linux-gnu/libX11.so.6.3.0
7ffa9aaa5000-7ffa9aaa9000 rw-p 00131000 08:03 1585535                    /usr/lib/x86_64-linux-gnu/libX11.so.6.3.0
7ffa9aaa9000-7ffa9aaba000 r-xp 00000000 08:03 1585549                    /usr/lib/x86_64-linux-gnu/libXext.so.6.4.0
7ffa9aaba000-7ffa9acb9000 ---p 00011000 08:03 1585549                    /usr/lib/x86_64-linux-gnu/libXext.so.6.4.0
7ffa9acb9000-7ffa9acba000 r--p 00010000 08:03 1585549                    /usr/lib/x86_64-linux-gnu/libXext.so.6.4.0
7ffa9acba000-7ffa9acbb000 rw-p 00011000 08:03 1585549                    /usr/lib/x86_64-linux-gnu/libXext.so.6.4.0
7ffa9acbb000-7ffa9ad0f000 r-xp 00000000 08:03 1579870                    /usr/lib/jvm/java-8-oracle/jre/lib/amd64/libawt_xawt.so
7ffa9ad0f000-7ffa9af0f000 ---p 00054000 08:03 1579870                    /usr/lib/jvm/java-8-oracle/jre/lib/amd64/libawt_xawt.so
7ffa9af0f000-7ffa9af13000 rw-p 00054000 08:03 1579870                    /usr/lib/jvm/java-8-oracle/jre/lib/amd64/libawt_xawt.so
7ffa9af13000-7ffa9af14000 rw-p 00000000 00:00 0 
7ffa9af14000-7ffa9afb6000 r-xp 00000000 08:03 1579868                    /usr/lib/jvm/java-8-oracle/jre/lib/amd64/libawt.so
7ffa9afb6000-7ffa9b1b6000 ---p 000a2000 08:03 1579868                    /usr/lib/jvm/java-8-oracle/jre/lib/amd64/libawt.so
7ffa9b1b6000-7ffa9b1c2000 rw-p 000a2000 08:03 1579868                    /usr/lib/jvm/java-8-oracle/jre/lib/amd64/libawt.so
7ffa9b1c2000-7ffa9b1e6000 rw-p 00000000 00:00 0 
7ffa9b1e6000-7ffa9b1e7000 ---p 00000000 00:00 0 
7ffa9b1e7000-7ffa9b2e7000 rw-p 00000000 00:00 0                          [stack:4833]
7ffa9b2e7000-7ffa9b2ea000 ---p 00000000 00:00 0 
7ffa9b2ea000-7ffa9b3e8000 rw-p 00000000 00:00 0                          [stack:4832]
7ffa9b3e8000-7ffa9b3eb000 ---p 00000000 00:00 0 
7ffa9b3eb000-7ffa9b4e9000 rw-p 00000000 00:00 0                          [stack:4831]
7ffa9b4e9000-7ffa9b4ec000 ---p 00000000 00:00 0 
7ffa9b4ec000-7ffa9b5ea000 rw-p 00000000 00:00 0                          [stack:4830]
7ffa9b5ea000-7ffa9b5ed000 ---p 00000000 00:00 0 
7ffa9b5ed000-7ffa9b6eb000 rw-p 00000000 00:00 0                          [stack:4827]
7ffa9b6eb000-7ffa9b6ee000 ---p 00000000 00:00 0 
7ffa9b6ee000-7ffa9b7ec000 rw-p 00000000 00:00 0                          [stack:4826]
7ffa9b7ec000-7ffa9b7ef000 ---p 00000000 00:00 0 
7ffa9b7ef000-7ffa9b8ed000 rw-p 00000000 00:00 0                          [stack:4823]
7ffa9b8ed000-7ffa9b8f8000 r-xp 00000000 08:03 1708415                    /lib/x86_64-linux-gnu/libnss_files-2.19.so
7ffa9b8f8000-7ffa9baf7000 ---p 0000b000 08:03 1708415                    /lib/x86_64-linux-gnu/libnss_files-2.19.so
7ffa9baf7000-7ffa9baf8000 r--p 0000a000 08:03 1708415                    /lib/x86_64-linux-gnu/libnss_files-2.19.so
7ffa9baf8000-7ffa9baf9000 rw-p 0000b000 08:03 1708415                    /lib/x86_64-linux-gnu/libnss_files-2.19.so
7ffa9baf9000-7ffa9bafd000 r-xp 00000000 08:03 1579874                    /usr/lib/jvm/java-8-oracle/jre/lib/amd64/libdt_socket.so
7ffa9bafd000-7ffa9bcfc000 ---p 00004000 08:03 1579874                    /usr/lib/jvm/java-8-oracle/jre/lib/amd64/libdt_socket.so
7ffa9bcfc000-7ffa9bcfd000 rw-p 00003000 08:03 1579874                    /usr/lib/jvm/java-8-oracle/jre/lib/amd64/libdt_socket.so
7ffa9bcfd000-7ffa9bd00000 ---p 00000000 00:00 0 
7ffa9bd00000-7ffa9bdfe000 rw-p 00000000 00:00 0                          [stack:4821]
7ffa9bdfe000-7ffa9be01000 ---p 00000000 00:00 0 
7ffa9be01000-7ffa9beff000 rw-p 00000000 00:00 0                          [stack:4820]
7ffa9beff000-7ffa9bf02000 ---p 00000000 00:00 0 
7ffa9bf02000-7ffa9c000000 rw-p 00000000 00:00 0                          [stack:4819]
7ffa9c000000-7ffa9c37c000 rw-p 00000000 00:00 0 
7ffa9c37c000-7ffaa0000000 ---p 00000000 00:00 0 
7ffaa0000000-7ffaa0004000 r--s 00000000 08:03 1190948                    /var/cache/fontconfig/de156ccd2eddbdc19d37a45b8b2aac9c-le64.cache-4
7ffaa0004000-7ffaa0005000 r--s 00000000 08:03 1190907                    /var/cache/fontconfig/1ac9eb803944fde146138c791f5cc56a-le64.cache-4
7ffaa0005000-7ffaa0009000 r--s 00000000 08:03 1190913                    /var/cache/fontconfig/385c0604a188198f04d133e54aba7fe7-le64.cache-4
7ffaa0009000-7ffaa000a000 r--s 00000000 08:03 1190947                    /var/cache/fontconfig/dc05db6664285cc2f12bf69c139ae4c3-le64.cache-4
7ffaa000a000-7ffaa000c000 r--s 00000000 08:03 1190926                    /var/cache/fontconfig/767a8244fc0220cfb567a839d0392e0b-le64.cache-4
7ffaa000c000-7ffaa000d000 r--s 00000000 08:03 1193658                    /var/cache/fontconfig/4794a0821666d79190d59a36cb4f44b5-le64.cache-4
7ffaa000d000-7ffaa0012000 r--s 00000000 08:03 1190928                    /var/cache/fontconfig/8801497958630a81b71ace7c5f9b32a8-le64.cache-4
7ffaa0012000-7ffaa0016000 r--s 00000000 08:03 1190939                    /var/cache/fontconfig/c57959a16110560c8d0fcea73374aeeb-le64.cache-4
7ffaa0016000-7ffaa001d000 r--s 00000000 08:03 1190910                    /var/cache/fontconfig/3047814df9a2f067bd2d96a2b9c36e5a-le64.cache-4
7ffaa001d000-7ffaa001e000 r--s 00000000 08:03 1190920                    /var/cache/fontconfig/56cf4f4769d0f4abc89a4895d7bd3ae1-le64.cache-4
7ffaa001e000-7ffaa0024000 r--s 00000000 08:03 1190936                    /var/cache/fontconfig/b47c4e1ecd0709278f4910c18777a504-le64.cache-4
7ffaa0024000-7ffaa002c000 r--s 00000000 08:03 1190942                    /var/cache/fontconfig/ce677e824a231659fde4a3a246a10ea3-le64.cache-4
7ffaa002c000-7ffaa0035000 r--s 00000000 08:03 1190919                    /var/cache/fontconfig/52f7bdb7ce746bfd7eaa1985bd9cfa93-le64.cache-4
7ffaa0035000-7ffaa0038000 r--s 00000000 08:03 1190951                    /var/cache/fontconfig/e49e89034d371f0f9de17aab02136486-le64.cache-4
7ffaa0038000-7ffaa004b000 r--s 00000000 08:03 1190944                    /var/cache/fontconfig/d52a8644073d54c13679302ca1180695-le64.cache-4
7ffaa004b000-7ffaa0054000 r--s 00000000 08:03 1189921                    /var/cache/fontconfig/3f7329c5293ffd510edef78f73874cfd-le64.cache-4
7ffaa0054000-7ffaa005f000 r--s 00000000 08:03 1190945                    /var/cache/fontconfig/d589a48862398ed80a3d6066f4f56f4c-le64.cache-4
7ffaa005f000-7ffaa0080000 r--s 00000000 08:03 1190950                    /var/cache/fontconfig/e13b20fdb08344e0e664864cc2ede53d-le64.cache-4
7ffaa0080000-7ffaa009e000 r--s 00000000 08:03 1194510                    /var/cache/fontconfig/467c019e582ee353435ea5c21d137ef6-le64.cache-4
7ffaa009e000-7ffaa00c4000 r--p 00000000 08:03 407307                     /usr/share/locale-langpack/fr/LC_MESSAGES/libc.mo
7ffaa00c4000-7ffaa00f9000 r--s 00000000 08:03 1189319                    /var/cache/nscd/hosts
7ffaa00f9000-7ffaa00fa000 ---p 00000000 00:00 0 
7ffaa00fa000-7ffaa1000000 rw-p 00000000 00:00 0                          [stack:4818]
7ffaa1000000-7ffaa1da0000 rwxp 00000000 00:00 0 
7ffaa1da0000-7ffab0000000 ---p 00000000 00:00 0 
7ffab0000000-7ffab04de000 rw-p 00000000 00:00 0 
7ffab04de000-7ffab4000000 ---p 00000000 00:00 0 
7ffab4000000-7ffab4001000 r--s 00000000 08:03 1190937                    /var/cache/fontconfig/b9d506c9ac06c20b433354fa67a72993-le64.cache-4
7ffab4001000-7ffab4005000 r--s 00000000 08:03 1190927                    /var/cache/fontconfig/7ef2298fde41cc6eeb7af42e48b7d293-le64.cache-4
7ffab4005000-7ffab43ba000 rw-p 00000000 00:00 0 
7ffab43ba000-7ffab4590000 r--s 03ca8000 08:03 1579862                    /usr/lib/jvm/java-8-oracle/jre/lib/rt.jar
7ffab4590000-7ffab5673000 rw-p 00000000 00:00 0 
7ffab5673000-7ffab5674000 ---p 00000000 00:00 0 
7ffab5674000-7ffab5774000 rw-p 00000000 00:00 0                          [stack:4817]
7ffab5774000-7ffab5775000 ---p 00000000 00:00 0 
7ffab5775000-7ffab58b7000 rw-p 00000000 00:00 0                          [stack:4816]
7ffab58b7000-7ffab5916000 ---p 00000000 00:00 0 
7ffab5916000-7ffab5965000 rw-p 00000000 00:00 0 
7ffab5965000-7ffab5967000 ---p 00000000 00:00 0 
7ffab5967000-7ffab599f000 rw-p 00000000 00:00 0 
7ffab599f000-7ffab5d28000 ---p 00000000 00:00 0 
7ffab5d28000-7ffab5d42000 r-xp 00000000 08:03 1579920                    /usr/lib/jvm/java-8-oracle/jre/lib/amd64/libzip.so
7ffab5d42000-7ffab5f42000 ---p 0001a000 08:03 1579920                    /usr/lib/jvm/java-8-oracle/jre/lib/amd64/libzip.so
7ffab5f42000-7ffab5f43000 rw-p 0001a000 08:03 1579920                    /usr/lib/jvm/java-8-oracle/jre/lib/amd64/libzip.so
7ffab5f43000-7ffab6170000 r--s 00000000 08:03 1189289                    /var/cache/nscd/passwd
7ffab6170000-7ffab6b3e000 r--p 00000000 08:03 1581055                    /usr/lib/locale/locale-archive
7ffab6b3e000-7ffab6b40000 r-xp 00000000 08:03 1579909                    /usr/lib/jvm/java-8-oracle/jre/lib/amd64/libnpt.so
7ffab6b40000-7ffab6d40000 ---p 00002000 08:03 1579909                    /usr/lib/jvm/java-8-oracle/jre/lib/amd64/libnpt.so
7ffab6d40000-7ffab6d41000 rw-p 00002000 08:03 1579909                    /usr/lib/jvm/java-8-oracle/jre/lib/amd64/libnpt.so
7ffab6d41000-7ffab6d7a000 r-xp 00000000 08:03 1579893                    /usr/lib/jvm/java-8-oracle/jre/lib/amd64/libjdwp.so
7ffab6d7a000-7ffab6f79000 ---p 00039000 08:03 1579893                    /usr/lib/jvm/java-8-oracle/jre/lib/amd64/libjdwp.so
7ffab6f79000-7ffab6f7b000 rw-p 00038000 08:03 1579893                    /usr/lib/jvm/java-8-oracle/jre/lib/amd64/libjdwp.so
7ffab6f7b000-7ffab6fa5000 r-xp 00000000 08:03 1579885                    /usr/lib/jvm/java-8-oracle/jre/lib/amd64/libjava.so
7ffab6fa5000-7ffab71a5000 ---p 0002a000 08:03 1579885                    /usr/lib/jvm/java-8-oracle/jre/lib/amd64/libjava.so
7ffab71a5000-7ffab71a7000 rw-p 0002a000 08:03 1579885                    /usr/lib/jvm/java-8-oracle/jre/lib/amd64/libjava.so
7ffab71a7000-7ffab71b4000 r-xp 00000000 08:03 1579919                    /usr/lib/jvm/java-8-oracle/jre/lib/amd64/libverify.so
7ffab71b4000-7ffab73b4000 ---p 0000d000 08:03 1579919                    /usr/lib/jvm/java-8-oracle/jre/lib/amd64/libverify.so
7ffab73b4000-7ffab73b6000 rw-p 0000d000 08:03 1579919                    /usr/lib/jvm/java-8-oracle/jre/lib/amd64/libverify.so
7ffab73b6000-7ffab73bd000 r-xp 00000000 08:03 1708445                    /lib/x86_64-linux-gnu/librt-2.19.so
7ffab73bd000-7ffab75bc000 ---p 00007000 08:03 1708445                    /lib/x86_64-linux-gnu/librt-2.19.so
7ffab75bc000-7ffab75bd000 r--p 00006000 08:03 1708445                    /lib/x86_64-linux-gnu/librt-2.19.so
7ffab75bd000-7ffab75be000 rw-p 00007000 08:03 1708445                    /lib/x86_64-linux-gnu/librt-2.19.so
7ffab75be000-7ffab76c3000 r-xp 00000000 08:03 1708402                    /lib/x86_64-linux-gnu/libm-2.19.so
7ffab76c3000-7ffab78c2000 ---p 00105000 08:03 1708402                    /lib/x86_64-linux-gnu/libm-2.19.so
7ffab78c2000-7ffab78c3000 r--p 00104000 08:03 1708402                    /lib/x86_64-linux-gnu/libm-2.19.so
7ffab78c3000-7ffab78c4000 rw-p 00105000 08:03 1708402                    /lib/x86_64-linux-gnu/libm-2.19.so
7ffab78c4000-7ffab852e000 r-xp 00000000 08:03 1579923                    /usr/lib/jvm/java-8-oracle/jre/lib/amd64/server/libjvm.so
7ffab852e000-7ffab872d000 ---p 00c6a000 08:03 1579923                    /usr/lib/jvm/java-8-oracle/jre/lib/amd64/server/libjvm.so
7ffab872d000-7ffab8804000 rw-p 00c69000 08:03 1579923                    /usr/lib/jvm/java-8-oracle/jre/lib/amd64/server/libjvm.so
7ffab8804000-7ffab8846000 rw-p 00000000 00:00 0 
7ffab8846000-7ffab8a01000 r-xp 00000000 08:03 1708376                    /lib/x86_64-linux-gnu/libc-2.19.so
7ffab8a01000-7ffab8c01000 ---p 001bb000 08:03 1708376                    /lib/x86_64-linux-gnu/libc-2.19.so
7ffab8c01000-7ffab8c05000 r--p 001bb000 08:03 1708376                    /lib/x86_64-linux-gnu/libc-2.19.so
7ffab8c05000-7ffab8c07000 rw-p 001bf000 08:03 1708376                    /lib/x86_64-linux-gnu/libc-2.19.so
7ffab8c07000-7ffab8c0c000 rw-p 00000000 00:00 0 
7ffab8c0c000-7ffab8c0f000 r-xp 00000000 08:03 1708385                    /lib/x86_64-linux-gnu/libdl-2.19.so
7ffab8c0f000-7ffab8e0e000 ---p 00003000 08:03 1708385                    /lib/x86_64-linux-gnu/libdl-2.19.so
7ffab8e0e000-7ffab8e0f000 r--p 00002000 08:03 1708385                    /lib/x86_64-linux-gnu/libdl-2.19.so
7ffab8e0f000-7ffab8e10000 rw-p 00003000 08:03 1708385                    /lib/x86_64-linux-gnu/libdl-2.19.so
7ffab8e10000-7ffab8e25000 r-xp 00000000 08:03 1580079                    /usr/lib/jvm/java-8-oracle/lib/amd64/jli/libjli.so
7ffab8e25000-7ffab9024000 ---p 00015000 08:03 1580079                    /usr/lib/jvm/java-8-oracle/lib/amd64/jli/libjli.so
7ffab9024000-7ffab9025000 rw-p 00014000 08:03 1580079                    /usr/lib/jvm/java-8-oracle/lib/amd64/jli/libjli.so
7ffab9025000-7ffab903e000 r-xp 00000000 08:03 1708441                    /lib/x86_64-linux-gnu/libpthread-2.19.so
7ffab903e000-7ffab923d000 ---p 00019000 08:03 1708441                    /lib/x86_64-linux-gnu/libpthread-2.19.so
7ffab923d000-7ffab923e000 r--p 00018000 08:03 1708441                    /lib/x86_64-linux-gnu/libpthread-2.19.so
7ffab923e000-7ffab923f000 rw-p 00019000 08:03 1708441                    /lib/x86_64-linux-gnu/libpthread-2.19.so
7ffab923f000-7ffab9243000 rw-p 00000000 00:00 0 
7ffab9243000-7ffab9266000 r-xp 00000000 08:03 1708363                    /lib/x86_64-linux-gnu/ld-2.19.so
7ffab9266000-7ffab9268000 r--s 00000000 08:03 1190917                    /var/cache/fontconfig/4b14b093aebc79c320de5e86ae1d3314-le64.cache-4
7ffab9268000-7ffab9269000 r--s 00000000 08:03 1190903                    /var/cache/fontconfig/0c9eb80ebd1c36541ebe2852d3bb0c49-le64.cache-4
7ffab9269000-7ffab92d3000 rw-p 00000000 00:00 0 
7ffab92d3000-7ffab9333000 ---p 00000000 00:00 0 
7ffab9333000-7ffab9336000 ---p 00000000 00:00 0 
7ffab9336000-7ffab9438000 rw-p 00000000 00:00 0                          [stack:4815]
7ffab9438000-7ffab943a000 r--s 00000000 08:03 1194579                    /var/cache/fontconfig/16326683038b281783a0ef8c680e3a10-le64.cache-4
7ffab943a000-7ffab9447000 r--s 00000000 08:03 1194577                    /var/cache/fontconfig/8f02d4cb045bd6ce15663e43f347c9f8-le64.cache-4
7ffab9447000-7ffab9448000 r--s 00000000 08:03 1194512                    /var/cache/fontconfig/e0aa53bcfa504e64f87823c16bc01eb6-le64.cache-4
7ffab9448000-7ffab944f000 r--s 00000000 08:03 269831                     /usr/lib/x86_64-linux-gnu/gconv/gconv-modules.cache
7ffab944f000-7ffab9459000 rw-p 00000000 00:00 0 
7ffab9459000-7ffab9461000 rw-s 00000000 08:03 1837011                    /tmp/hsperfdata_swouters/4808
7ffab9461000-7ffab9462000 rw-p 00000000 00:00 0 
7ffab9462000-7ffab9463000 ---p 00000000 00:00 0 
7ffab9463000-7ffab9465000 rw-p 00000000 00:00 0 
7ffab9465000-7ffab9466000 r--p 00022000 08:03 1708363                    /lib/x86_64-linux-gnu/ld-2.19.so
7ffab9466000-7ffab9467000 rw-p 00023000 08:03 1708363                    /lib/x86_64-linux-gnu/ld-2.19.so
7ffab9467000-7ffab9468000 rw-p 00000000 00:00 0 
7fff4d3b6000-7fff4d3d7000 rw-p 00000000 00:00 0                          [stack]
7fff4d3fe000-7fff4d400000 r-xp 00000000 00:00 0                          [vdso]
ffffffffff600000-ffffffffff601000 r-xp 00000000 00:00 0                  [vsyscall]

VM Arguments:
jvm_args: -agentlib:jdwp=transport=dt_socket,suspend=y,address=localhost:40612 -Dfile.encoding=UTF-8 
java_command: edu.turtlekit3.warbot.gui.launcher.WarLauncherInterface
java_class_path (initial): /auto_home/swouters/Documents/pinkman/warbot/Warbot_src/bin:/auto_home/swouters/Documents/pinkman/warbot/Warbot_src/lib/madkit-5.0.5.1.jar:/auto_home/swouters/Documents/pinkman/warbot/Warbot_src/lib/gdx-backend-lwjgl-natives.jar:/auto_home/swouters/Documents/pinkman/warbot/Warbot_src/lib/gdx-backend-lwjgl-sources.jar:/auto_home/swouters/Documents/pinkman/warbot/Warbot_src/lib/gdx-backend-lwjgl.jar:/auto_home/swouters/Documents/pinkman/warbot/Warbot_src/lib/gdx.jar:/auto_home/swouters/Documents/pinkman/warbot/Warbot_src/lib/turtlekit-3.0.0.2.jar
Launcher Type: SUN_STANDARD

Environment Variables:
PATH=/auto_home/swouters/bin:/usr/lib/lightdm/lightdm:/usr/local/sbin:/usr/local/bin:/usr/sbin:/usr/bin:/sbin:/bin:/usr/games:/usr/local/games:/usr/local/sif/jdk/bin/:/usr/local/sif64/bin32:/usr/local/sif64/bin64
LD_LIBRARY_PATH=/usr/lib/x86_64-linux-gnu
SHELL=/bin/bash
DISPLAY=:0.0

Signal Handlers:
SIGSEGV: [libjvm.so+0xa77530], sa_mask[0]=11111111011111111101111111111110, sa_flags=SA_RESTART|SA_SIGINFO
SIGBUS: [libjvm.so+0xa77530], sa_mask[0]=11111111011111111101111111111110, sa_flags=SA_RESTART|SA_SIGINFO
SIGFPE: [libjvm.so+0x8e1d90], sa_mask[0]=11111111011111111101111111111110, sa_flags=SA_RESTART|SA_SIGINFO
SIGPIPE: SIG_IGN, sa_mask[0]=00000000000010000000000000000000, sa_flags=SA_RESTART
SIGXFSZ: [libjvm.so+0x8e1d90], sa_mask[0]=11111111011111111101111111111110, sa_flags=SA_RESTART|SA_SIGINFO
SIGILL: [libjvm.so+0x8e1d90], sa_mask[0]=11111111011111111101111111111110, sa_flags=SA_RESTART|SA_SIGINFO
SIGUSR1: SIG_DFL, sa_mask[0]=00000000000000000000000000000000, sa_flags=none
SIGUSR2: [libjvm.so+0x8e35c0], sa_mask[0]=00100000000000000000000000000000, sa_flags=SA_RESTART|SA_SIGINFO
SIGHUP: [libjvm.so+0x8e4980], sa_mask[0]=11111111011111111101111111111110, sa_flags=SA_RESTART|SA_SIGINFO
SIGINT: [libjvm.so+0x8e4980], sa_mask[0]=11111111011111111101111111111110, sa_flags=SA_RESTART|SA_SIGINFO
SIGTERM: [libjvm.so+0x8e4980], sa_mask[0]=11111111011111111101111111111110, sa_flags=SA_RESTART|SA_SIGINFO
SIGQUIT: [libjvm.so+0x8e4980], sa_mask[0]=11111111011111111101111111111110, sa_flags=SA_RESTART|SA_SIGINFO


---------------  S Y S T E M  ---------------

OS:DISTRIB_ID=Ubuntu
DISTRIB_RELEASE=14.04
DISTRIB_CODENAME=trusty
DISTRIB_DESCRIPTION="Ubuntu 14.04.1 LTS"

uname:Linux 3.13.0-32-generic #57-Ubuntu SMP Tue Jul 15 03:51:08 UTC 2014 x86_64
libc:glibc 2.19 NPTL 2.19 
rlimit: STACK 8192k, CORE infinity, NPROC 15297, NOFILE 4096, AS infinity
load average:1,82 2,34 2,30

/proc/meminfo:
MemTotal:        1979676 kB
MemFree:           75228 kB
Buffers:             336 kB
Cached:           200244 kB
SwapCached:            0 kB
Active:          1579436 kB
Inactive:         184532 kB
Active(anon):    1564472 kB
Inactive(anon):   171488 kB
Active(file):      14964 kB
Inactive(file):    13044 kB
Unevictable:        1300 kB
Mlocked:            1300 kB
SwapTotal:             0 kB
SwapFree:              0 kB
Dirty:                92 kB
Writeback:             0 kB
AnonPages:       1564752 kB
Mapped:            86088 kB
Shmem:            172508 kB
Slab:              51896 kB
SReclaimable:      24000 kB
SUnreclaim:        27896 kB
KernelStack:        3712 kB
PageTables:        34228 kB
NFS_Unstable:          0 kB
Bounce:                0 kB
WritebackTmp:          0 kB
CommitLimit:      989836 kB
Committed_AS:    4025264 kB
VmallocTotal:   34359738367 kB
VmallocUsed:      343024 kB
VmallocChunk:   34359389164 kB
HardwareCorrupted:     0 kB
AnonHugePages:    540672 kB
HugePages_Total:       0
HugePages_Free:        0
HugePages_Rsvd:        0
HugePages_Surp:        0
Hugepagesize:       2048 kB
DirectMap4k:       40956 kB
DirectMap2M:     1986560 kB


CPU:total 2 (2 cores per cpu, 1 threads per core) family 6 model 23 stepping 10, cmov, cx8, fxsr, mmx, sse, sse2, sse3, ssse3, sse4.1, tsc

/proc/cpuinfo:
processor	: 0
vendor_id	: GenuineIntel
cpu family	: 6
model		: 23
model name	: Intel(R) Core(TM)2 Duo CPU     E8400  @ 3.00GHz
stepping	: 10
microcode	: 0xa0b
cpu MHz		: 2991.943
cache size	: 6144 KB
physical id	: 0
siblings	: 2
core id		: 0
cpu cores	: 2
apicid		: 0
initial apicid	: 0
fpu		: yes
fpu_exception	: yes
cpuid level	: 13
wp		: yes
flags		: fpu vme de pse tsc msr pae mce cx8 apic sep mtrr pge mca cmov pat pse36 clflush dts acpi mmx fxsr sse sse2 ss ht tm pbe syscall nx lm constant_tsc arch_perfmon pebs bts rep_good nopl aperfmperf pni dtes64 monitor ds_cpl vmx smx est tm2 ssse3 cx16 xtpr pdcm sse4_1 xsave lahf_lm dtherm tpr_shadow vnmi flexpriority
bogomips	: 5983.88
clflush size	: 64
cache_alignment	: 64
address sizes	: 36 bits physical, 48 bits virtual
power management:

processor	: 1
vendor_id	: GenuineIntel
cpu family	: 6
model		: 23
model name	: Intel(R) Core(TM)2 Duo CPU     E8400  @ 3.00GHz
stepping	: 10
microcode	: 0xa0b
cpu MHz		: 2991.943
cache size	: 6144 KB
physical id	: 0
siblings	: 2
core id		: 1
cpu cores	: 2
apicid		: 1
initial apicid	: 1
fpu		: yes
fpu_exception	: yes
cpuid level	: 13
wp		: yes
flags		: fpu vme de pse tsc msr pae mce cx8 apic sep mtrr pge mca cmov pat pse36 clflush dts acpi mmx fxsr sse sse2 ss ht tm pbe syscall nx lm constant_tsc arch_perfmon pebs bts rep_good nopl aperfmperf pni dtes64 monitor ds_cpl vmx smx est tm2 ssse3 cx16 xtpr pdcm sse4_1 xsave lahf_lm dtherm tpr_shadow vnmi flexpriority
bogomips	: 5983.88
clflush size	: 64
cache_alignment	: 64
address sizes	: 36 bits physical, 48 bits virtual
power management:



Memory: 4k page, physical 1979676k(75228k free), swap 0k(0k free)

vm_info: Java HotSpot(TM) 64-Bit Server VM (25.20-b23) for linux-amd64 JRE (1.8.0_20-b26), built on Jul 30 2014 13:13:52 by "java_re" with gcc 4.3.0 20080428 (Red Hat 4.3.0-8)

time: Wed Nov 26 15:59:46 2014
elapsed time: 28 seconds (0d 0h 0m 28s)

