#
# There is insufficient memory for the Java Runtime Environment to continue.
# Native memory allocation (mmap) failed to map 8912896 bytes for committing reserved memory.
# Possible reasons:
#   The system is out of physical RAM or swap space
#   In 32 bit mode, the process size limit was hit
# Possible solutions:
#   Reduce memory load on the system
#   Increase physical memory or swap space
#   Check if swap backing store is full
#   Use 64 bit Java on a 64 bit OS
#   Decrease Java heap size (-Xmx/-Xms)
#   Decrease number of Java threads
#   Decrease Java thread stack sizes (-Xss)
#   Set larger code cache with -XX:ReservedCodeCacheSize=
# This output file may be truncated or incomplete.
#
#  Out of Memory Error (os_linux.cpp:2671), pid=1284, tid=140602534500096
#
# JRE version: Java(TM) SE Runtime Environment (8.0_20-b26) (build 1.8.0_20-b26)
# Java VM: Java HotSpot(TM) 64-Bit Server VM (25.20-b23 mixed mode linux-amd64 compressed oops)
# Core dump written. Default location: /auto_home/swouters/Documents/pinkman/warbot/Warbot_src/core or core.1284
#

---------------  T H R E A D  ---------------

Current thread (0x00007fe0a406f000):  VMThread [stack: 0x00007fe0940f9000,0x00007fe0941fa000] [id=1303]

Stack: [0x00007fe0940f9000,0x00007fe0941fa000],  sp=0x00007fe0941f7ff0,  free space=1019k
Native frames: (J=compiled Java code, j=interpreted, Vv=VM code, C=native code)
V  [libjvm.so+0xa76cea]  VMError::report_and_die()+0x2ca
V  [libjvm.so+0x4e52fb]  report_vm_out_of_memory(char const*, int, unsigned long, VMErrorType, char const*)+0x8b
V  [libjvm.so+0x8e4ec3]  os::Linux::commit_memory_impl(char*, unsigned long, bool)+0x103
V  [libjvm.so+0x8e5419]  os::pd_commit_memory(char*, unsigned long, unsigned long, bool)+0x29
V  [libjvm.so+0x8df0ea]  os::commit_memory(char*, unsigned long, unsigned long, bool)+0x2a
V  [libjvm.so+0x94f1f3]  PSVirtualSpace::expand_by(unsigned long)+0x53
V  [libjvm.so+0x9505f8]  PSYoungGen::resize_generation(unsigned long, unsigned long)+0xf8
V  [libjvm.so+0x94f752]  PSYoungGen::resize(unsigned long, unsigned long)+0x22
V  [libjvm.so+0x94ca33]  PSScavenge::invoke_no_policy()+0xf53
V  [libjvm.so+0x94d1b1]  PSScavenge::invoke()+0x41
V  [libjvm.so+0x9070d0]  ParallelScavengeHeap::failed_mem_allocate(unsigned long)+0x70
V  [libjvm.so+0xa78367]  VM_ParallelGCFailedAllocation::doit()+0x97
V  [libjvm.so+0xa7fa85]  VM_Operation::evaluate()+0x55
V  [libjvm.so+0xa7de5a]  VMThread::evaluate_operation(VM_Operation*)+0xba
V  [libjvm.so+0xa7e1de]  VMThread::loop()+0x1ce
V  [libjvm.so+0xa7e650]  VMThread::run()+0x70
V  [libjvm.so+0x8e75f8]  java_start(Thread*)+0x108

VM_Operation (0x00007fe0570f6e70): ParallelGCFailedAllocation, mode: safepoint, requested by thread 0x00007fe084009000


---------------  P R O C E S S  ---------------

Java Threads: ( => current thread )
  0x00007fe084009000 JavaThread "LIVING-5" [_thread_blocked, id=1387, stack(0x00007fe056ff8000,0x00007fe0570f9000)]
  0x00007fe07800c000 JavaThread "Image Fetcher 1" daemon [_thread_blocked, id=1386, stack(0x00007fe0570f9000,0x00007fe0571fa000)]
  0x00007fe07800b000 JavaThread "Image Fetcher 0" daemon [_thread_blocked, id=1385, stack(0x00007fe08c0cd000,0x00007fe08c1ce000)]
  0x00007fe06c0b5800 JavaThread "LIVING-1" daemon [_thread_blocked, id=1371, stack(0x00007fe0575fe000,0x00007fe0576ff000)]
  0x00007fe060443000 JavaThread "LIVING-0" daemon [_thread_blocked, id=1370, stack(0x00007fe0576ff000,0x00007fe057800000)]
  0x00007fe0a400a000 JavaThread "DestroyJavaVM" [_thread_blocked, id=1291, stack(0x00007fe0ad349000,0x00007fe0ad44a000)]
  0x00007fe058002000 JavaThread "AWT-EventQueue-0" [_thread_blocked, id=1337, stack(0x00007fe08cd87000,0x00007fe08ce88000)]
  0x00007fe0a423d800 JavaThread "TimerQueue" daemon [_thread_blocked, id=1336, stack(0x00007fe08ce88000,0x00007fe08cf89000)]
  0x00007fe0a4239000 JavaThread "AWT-Shutdown" [_thread_blocked, id=1335, stack(0x00007fe08cf89000,0x00007fe08d08a000)]
  0x00007fe0a41eb000 JavaThread "AWT-XAWT" daemon [_thread_blocked, id=1334, stack(0x00007fe08d08a000,0x00007fe08d18b000)]
  0x00007fe0a41c5000 JavaThread "Java2D Disposer" daemon [_thread_blocked, id=1333, stack(0x00007fe08d59b000,0x00007fe08d69c000)]
  0x00007fe0a40d2800 JavaThread "Service Thread" daemon [_thread_blocked, id=1329, stack(0x00007fe08f2e7000,0x00007fe08f3e8000)]
  0x00007fe0a40bd800 JavaThread "C1 CompilerThread1" daemon [_thread_blocked, id=1328, stack(0x00007fe08f3e8000,0x00007fe08f4e9000)]
  0x00007fe0a40ba800 JavaThread "C2 CompilerThread0" daemon [_thread_blocked, id=1327, stack(0x00007fe08f4e9000,0x00007fe08f5ea000)]
  0x00007fe070001000 JavaThread "JDWP Command Reader" daemon [_thread_in_native, id=1322, stack(0x00007fe08f5ea000,0x00007fe08f6eb000)]
  0x00007fe0a40b8800 JavaThread "JDWP Event Helper Thread" daemon [_thread_blocked, id=1321, stack(0x00007fe08f6eb000,0x00007fe08f7ec000)]
  0x00007fe0a40b5000 JavaThread "JDWP Transport Listener: dt_socket" daemon [_thread_blocked, id=1318, stack(0x00007fe08f7ec000,0x00007fe08f8ed000)]
  0x00007fe0a40a7000 JavaThread "Signal Dispatcher" daemon [_thread_blocked, id=1306, stack(0x00007fe08fcfd000,0x00007fe08fdfe000)]
  0x00007fe0a4078800 JavaThread "Finalizer" daemon [_thread_blocked, id=1305, stack(0x00007fe08fdfe000,0x00007fe08feff000)]
  0x00007fe0a4076800 JavaThread "Reference Handler" daemon [_thread_blocked, id=1304, stack(0x00007fe08feff000,0x00007fe090000000)]

Other Threads:
=>0x00007fe0a406f000 VMThread [stack: 0x00007fe0940f9000,0x00007fe0941fa000] [id=1303]
  0x00007fe0a40dd800 WatcherThread [stack: 0x00007fe08f1e6000,0x00007fe08f2e7000] [id=1330]

VM state:at safepoint (normal execution)

VM Mutex/Monitor currently owned by a thread:  ([mutex/lock_event])
[0x00007fe0a4008850] Threads_lock - owner thread: 0x00007fe0a406f000
[0x00007fe0a4008d50] Heap_lock - owner thread: 0x00007fe084009000

Heap:
 PSYoungGen      total 89088K, used 736K [0x00000000f5f00000, 0x00000000feb80000, 0x0000000100000000)
  eden space 34304K, 0% used [0x00000000f5f00000,0x00000000f5f00000,0x00000000f8080000)
  from space 54784K, 1% used [0x00000000f8080000,0x00000000f8138000,0x00000000fb600000)
  to   space 54272K, 0% used [0x00000000fb680000,0x00000000fb680000,0x00000000feb80000)
 ParOldGen       total 136704K, used 134723K [0x00000000e1c00000, 0x00000000ea180000, 0x00000000f5f00000)
  object space 136704K, 98% used [0x00000000e1c00000,0x00000000e9f90d90,0x00000000ea180000)
 Metaspace       used 22650K, capacity 22950K, committed 23296K, reserved 1069056K
  class space    used 2962K, capacity 3013K, committed 3072K, reserved 1048576K

Card table byte_map: [0x00007fe0a988b000,0x00007fe0a997e000] byte_map_base: 0x00007fe0a917d000

Marking Bits: (ParMarkBitMap*) 0x00007fe0ac831ac0
 Begin Bits: [0x00007fe0a8769000, 0x00007fe0a8ef9000)
 End Bits:   [0x00007fe0a8ef9000, 0x00007fe0a9689000)

Polling page: 0x00007fe0ad478000

CodeCache: size=245760Kb used=12820Kb max_used=12820Kb free=232940Kb
 bounds [0x00007fe095000000, 0x00007fe095ca0000, 0x00007fe0a4000000]
 total_blobs=4408 nmethods=3803 adapters=526
 compilation: enabled

Compilation events (10 events):
Event: 25,858 Thread 0x00007fe0a40bd800 4002       3       java.awt.Dimension::equals (42 bytes)
Event: 25,858 Thread 0x00007fe0a40bd800 nmethod 4002 0x00007fe095c8fd90 code [0x00007fe095c8ff00, 0x00007fe095c90330]
Event: 25,865 Thread 0x00007fe0a40bd800 4003       3       javax.swing.JToolBar$DefaultToolBarLayout::preferredLayoutSize (9 bytes)
Event: 25,865 Thread 0x00007fe0a40bd800 nmethod 4003 0x00007fe095c7e9d0 code [0x00007fe095c7eb40, 0x00007fe095c7ed68]
Event: 25,883 Thread 0x00007fe0a40bd800 4004       3       javax.swing.JRootPane$RootLayout::invalidateLayout (1 bytes)
Event: 25,883 Thread 0x00007fe0a40bd800 nmethod 4004 0x00007fe095c3de10 code [0x00007fe095c3df60, 0x00007fe095c3e0b0]
Event: 25,883 Thread 0x00007fe0a40bd800 4005       3       javax.swing.JScrollPane::isValidateRoot (2 bytes)
Event: 25,883 Thread 0x00007fe0a40bd800 nmethod 4005 0x00007fe095c7d1d0 code [0x00007fe095c7d320, 0x00007fe095c7d470]
Event: 25,883 Thread 0x00007fe0a40bd800 4006       3       javax.swing.ViewportLayout::layoutContainer (365 bytes)
Event: 25,885 Thread 0x00007fe0a40bd800 nmethod 4006 0x00007fe095c90410 code [0x00007fe095c90760, 0x00007fe095c928d8]

GC Heap History (10 events):
Event: 12,101 GC heap after
Heap after GC invocations=13 (full 3):
 PSYoungGen      total 62464K, used 34080K [0x00000000f5f00000, 0x00000000fcc80000, 0x0000000100000000)
  eden space 27648K, 0% used [0x00000000f5f00000,0x00000000f5f00000,0x00000000f7a00000)
  from space 34816K, 97% used [0x00000000fa180000,0x00000000fc2c8000,0x00000000fc380000)
  to   space 40448K, 0% used [0x00000000f7a00000,0x00000000f7a00000,0x00000000fa180000)
 ParOldGen       total 136704K, used 95324K [0x00000000e1c00000, 0x00000000ea180000, 0x00000000f5f00000)
  object space 136704K, 69% used [0x00000000e1c00000,0x00000000e7917228,0x00000000ea180000)
 Metaspace       used 19910K, capacity 20134K, committed 20480K, reserved 1067008K
  class space    used 2725K, capacity 2793K, committed 2816K, reserved 1048576K
}
Event: 17,541 GC heap before
{Heap before GC invocations=14 (full 3):
 PSYoungGen      total 62464K, used 61728K [0x00000000f5f00000, 0x00000000fcc80000, 0x0000000100000000)
  eden space 27648K, 100% used [0x00000000f5f00000,0x00000000f7a00000,0x00000000f7a00000)
  from space 34816K, 97% used [0x00000000fa180000,0x00000000fc2c8000,0x00000000fc380000)
  to   space 40448K, 0% used [0x00000000f7a00000,0x00000000f7a00000,0x00000000fa180000)
 ParOldGen       total 136704K, used 95324K [0x00000000e1c00000, 0x00000000ea180000, 0x00000000f5f00000)
  object space 136704K, 69% used [0x00000000e1c00000,0x00000000e7917228,0x00000000ea180000)
 Metaspace       used 21603K, capacity 21844K, committed 22272K, reserved 1069056K
  class space    used 2959K, capacity 3010K, committed 3072K, reserved 1048576K
Event: 17,650 GC heap after
Heap after GC invocations=14 (full 3):
 PSYoungGen      total 68096K, used 40117K [0x00000000f5f00000, 0x00000000fdd80000, 0x0000000100000000)
  eden space 27648K, 0% used [0x00000000f5f00000,0x00000000f5f00000,0x00000000f7a00000)
  from space 40448K, 99% used [0x00000000f7a00000,0x00000000fa12d4f0,0x00000000fa180000)
  to   space 47616K, 0% used [0x00000000faf00000,0x00000000faf00000,0x00000000fdd80000)
 ParOldGen       total 136704K, used 95324K [0x00000000e1c00000, 0x00000000ea180000, 0x00000000f5f00000)
  object space 136704K, 69% used [0x00000000e1c00000,0x00000000e7917228,0x00000000ea180000)
 Metaspace       used 21603K, capacity 21844K, committed 22272K, reserved 1069056K
  class space    used 2959K, capacity 3010K, committed 3072K, reserved 1048576K
}
Event: 19,409 GC heap before
{Heap before GC invocations=15 (full 3):
 PSYoungGen      total 68096K, used 67765K [0x00000000f5f00000, 0x00000000fdd80000, 0x0000000100000000)
  eden space 27648K, 100% used [0x00000000f5f00000,0x00000000f7a00000,0x00000000f7a00000)
  from space 40448K, 99% used [0x00000000f7a00000,0x00000000fa12d4f0,0x00000000fa180000)
  to   space 47616K, 0% used [0x00000000faf00000,0x00000000faf00000,0x00000000fdd80000)
 ParOldGen       total 136704K, used 95325K [0x00000000e1c00000, 0x00000000ea180000, 0x00000000f5f00000)
  object space 136704K, 69% used [0x00000000e1c00000,0x00000000e7917468,0x00000000ea180000)
 Metaspace       used 22271K, capacity 22502K, committed 22784K, reserved 1069056K
  class space    used 2962K, capacity 3013K, committed 3072K, reserved 1048576K
Event: 19,494 GC heap after
Heap after GC invocations=15 (full 3):
 PSYoungGen      total 76800K, used 39685K [0x00000000f5f00000, 0x00000000fe680000, 0x0000000100000000)
  eden space 29184K, 0% used [0x00000000f5f00000,0x00000000f5f00000,0x00000000f7b80000)
  from space 47616K, 83% used [0x00000000faf00000,0x00000000fd5c1500,0x00000000fdd80000)
  to   space 52736K, 0% used [0x00000000f7b80000,0x00000000f7b80000,0x00000000faf00000)
 ParOldGen       total 136704K, used 95325K [0x00000000e1c00000, 0x00000000ea180000, 0x00000000f5f00000)
  object space 136704K, 69% used [0x00000000e1c00000,0x00000000e7917468,0x00000000ea180000)
 Metaspace       used 22271K, capacity 22502K, committed 22784K, reserved 1069056K
  class space    used 2962K, capacity 3013K, committed 3072K, reserved 1048576K
}
Event: 21,106 GC heap before
{Heap before GC invocations=16 (full 3):
 PSYoungGen      total 76800K, used 68869K [0x00000000f5f00000, 0x00000000fe680000, 0x0000000100000000)
  eden space 29184K, 100% used [0x00000000f5f00000,0x00000000f7b80000,0x00000000f7b80000)
  from space 47616K, 83% used [0x00000000faf00000,0x00000000fd5c1500,0x00000000fdd80000)
  to   space 52736K, 0% used [0x00000000f7b80000,0x00000000f7b80000,0x00000000faf00000)
 ParOldGen       total 136704K, used 95328K [0x00000000e1c00000, 0x00000000ea180000, 0x00000000f5f00000)
  object space 136704K, 69% used [0x00000000e1c00000,0x00000000e7918130,0x00000000ea180000)
 Metaspace       used 22482K, capacity 22694K, committed 23040K, reserved 1069056K
  class space    used 2962K, capacity 3013K, committed 3072K, reserved 1048576K
Event: 21,264 GC heap after
Heap after GC invocations=16 (full 3):
 PSYoungGen      total 81920K, used 39781K [0x00000000f5f00000, 0x00000000fec00000, 0x0000000100000000)
  eden space 29184K, 0% used [0x00000000f5f00000,0x00000000f5f00000,0x00000000f7b80000)
  from space 52736K, 75% used [0x00000000f7b80000,0x00000000fa259500,0x00000000faf00000)
  to   space 54784K, 0% used [0x00000000fb680000,0x00000000fb680000,0x00000000fec00000)
 ParOldGen       total 136704K, used 95328K [0x00000000e1c00000, 0x00000000ea180000, 0x00000000f5f00000)
  object space 136704K, 69% used [0x00000000e1c00000,0x00000000e7918130,0x00000000ea180000)
 Metaspace       used 22482K, capacity 22694K, committed 23040K, reserved 1069056K
  class space    used 2962K, capacity 3013K, committed 3072K, reserved 1048576K
}
Event: 23,015 GC heap before
{Heap before GC invocations=17 (full 3):
 PSYoungGen      total 81920K, used 68965K [0x00000000f5f00000, 0x00000000fec00000, 0x0000000100000000)
  eden space 29184K, 100% used [0x00000000f5f00000,0x00000000f7b80000,0x00000000f7b80000)
  from space 52736K, 75% used [0x00000000f7b80000,0x00000000fa259500,0x00000000faf00000)
  to   space 54784K, 0% used [0x00000000fb680000,0x00000000fb680000,0x00000000fec00000)
 ParOldGen       total 136704K, used 95328K [0x00000000e1c00000, 0x00000000ea180000, 0x00000000f5f00000)
  object space 136704K, 69% used [0x00000000e1c00000,0x00000000e7918130,0x00000000ea180000)
 Metaspace       used 22605K, capacity 22886K, committed 23296K, reserved 1069056K
  class space    used 2962K, capacity 3013K, committed 3072K, reserved 1048576K
Event: 23,354 GC heap after
Heap after GC invocations=17 (full 3):
 PSYoungGen      total 88576K, used 30373K [0x00000000f5f00000, 0x00000000feb80000, 0x0000000100000000)
  eden space 34304K, 0% used [0x00000000f5f00000,0x00000000f5f00000,0x00000000f8080000)
  from space 54272K, 55% used [0x00000000fb680000,0x00000000fd429500,0x00000000feb80000)
  to   space 54784K, 0% used [0x00000000f8080000,0x00000000f8080000,0x00000000fb600000)
 ParOldGen       total 136704K, used 104912K [0x00000000e1c00000, 0x00000000ea180000, 0x00000000f5f00000)
  object space 136704K, 76% used [0x00000000e1c00000,0x00000000e8274130,0x00000000ea180000)
 Metaspace       used 22605K, capacity 22886K, committed 23296K, reserved 1069056K
  class space    used 2962K, capacity 3013K, committed 3072K, reserved 1048576K
}
Event: 25,886 GC heap before
{Heap before GC invocations=18 (full 3):
 PSYoungGen      total 88576K, used 64677K [0x00000000f5f00000, 0x00000000feb80000, 0x0000000100000000)
  eden space 34304K, 100% used [0x00000000f5f00000,0x00000000f8080000,0x00000000f8080000)
  from space 54272K, 55% used [0x00000000fb680000,0x00000000fd429500,0x00000000feb80000)
  to   space 54784K, 0% used [0x00000000f8080000,0x00000000f8080000,0x00000000fb600000)
 ParOldGen       total 136704K, used 104912K [0x00000000e1c00000, 0x00000000ea180000, 0x00000000f5f00000)
  object space 136704K, 76% used [0x00000000e1c00000,0x00000000e8274130,0x00000000ea180000)
 Metaspace       used 22650K, capacity 22950K, committed 23296K, reserved 1069056K
  class space    used 2962K, capacity 3013K, committed 3072K, reserved 1048576K

Deoptimization events (10 events):
Event: 15,917 Thread 0x00007fe058002000 Uncommon trap: reason=unhandled action=none pc=0x00007fe095593f68 method=java.nio.Buffer.nextGetIndex()I @ 18
Event: 15,940 Thread 0x00007fe058002000 Uncommon trap: reason=unhandled action=none pc=0x00007fe095593f68 method=java.nio.Buffer.nextGetIndex()I @ 18
Event: 19,276 Thread 0x00007fe058002000 Uncommon trap: reason=unreached action=reinterpret pc=0x00007fe09584d6e8 method=sun.java2d.xr.MaskTileManager.uploadMask(IIII[B)I @ 5
Event: 20,405 Thread 0x00007fe058002000 Uncommon trap: reason=class_check action=maybe_recompile pc=0x00007fe09598bac8 method=sun.font.TrueTypeGlyphMapper.getGlyphFromCMAP(I)C @ 5
Event: 21,424 Thread 0x00007fe058002000 Uncommon trap: reason=class_check action=maybe_recompile pc=0x00007fe09598bac8 method=sun.font.TrueTypeGlyphMapper.getGlyphFromCMAP(I)C @ 5
Event: 22,466 Thread 0x00007fe084009000 Uncommon trap: reason=class_check action=maybe_recompile pc=0x00007fe095b2a6f4 method=edu.turtlekit3.warbot.agents.WarAgent.isGoingToBeOnAnOtherAgent()Z @ 117
Event: 22,477 Thread 0x00007fe084009000 Uncommon trap: reason=class_check action=maybe_recompile pc=0x00007fe095b2a6f4 method=edu.turtlekit3.warbot.agents.WarAgent.isGoingToBeOnAnOtherAgent()Z @ 117
Event: 22,478 Thread 0x00007fe084009000 Uncommon trap: reason=class_check action=maybe_recompile pc=0x00007fe095b2a6f4 method=edu.turtlekit3.warbot.agents.WarAgent.isGoingToBeOnAnOtherAgent()Z @ 117
Event: 22,488 Thread 0x00007fe084009000 Uncommon trap: reason=class_check action=maybe_recompile pc=0x00007fe095b2a6f4 method=edu.turtlekit3.warbot.agents.WarAgent.isGoingToBeOnAnOtherAgent()Z @ 117
Event: 24,453 Thread 0x00007fe058002000 Uncommon trap: reason=class_check action=maybe_recompile pc=0x00007fe09598bac8 method=sun.font.TrueTypeGlyphMapper.getGlyphFromCMAP(I)C @ 5

Internal exceptions (10 events):
Event: 17,361 Thread 0x00007fe084009000 Exception <a 'java/lang/NullPointerException'> (0x00000000f62ff3a0) thrown at [/HUDSON/workspace/8-2-build-linux-amd64/jdk8u20/1074/hotspot/src/share/vm/interpreter/linkResolver.cpp, line 1166]
Event: 17,361 Thread 0x00007fe084009000 Exception <a 'java/lang/NullPointerException'> (0x00000000f6300e58) thrown at [/HUDSON/workspace/8-2-build-linux-amd64/jdk8u20/1074/hotspot/src/share/vm/interpreter/linkResolver.cpp, line 1166]
Event: 17,361 Thread 0x00007fe084009000 Exception <a 'java/lang/NullPointerException'> (0x00000000f63028c8) thrown at [/HUDSON/workspace/8-2-build-linux-amd64/jdk8u20/1074/hotspot/src/share/vm/interpreter/linkResolver.cpp, line 1166]
Event: 17,375 Thread 0x00007fe084009000 Exception <a 'java/lang/NullPointerException'> (0x00000000f780c3d8) thrown at [/HUDSON/workspace/8-2-build-linux-amd64/jdk8u20/1074/hotspot/src/share/vm/interpreter/linkResolver.cpp, line 1166]
Event: 17,376 Thread 0x00007fe084009000 Exception <a 'java/lang/NullPointerException'> (0x00000000f780f870) thrown at [/HUDSON/workspace/8-2-build-linux-amd64/jdk8u20/1074/hotspot/src/share/vm/interpreter/linkResolver.cpp, line 1166]
Event: 17,376 Thread 0x00007fe084009000 Exception <a 'java/lang/NullPointerException'> (0x00000000f7810b70) thrown at [/HUDSON/workspace/8-2-build-linux-amd64/jdk8u20/1074/hotspot/src/share/vm/interpreter/linkResolver.cpp, line 1166]
Event: 17,376 Thread 0x00007fe084009000 Exception <a 'java/lang/NullPointerException'> (0x00000000f7811e20) thrown at [/HUDSON/workspace/8-2-build-linux-amd64/jdk8u20/1074/hotspot/src/share/vm/interpreter/linkResolver.cpp, line 1166]
Event: 17,388 Thread 0x00007fe084009000 Exception <a 'java/security/PrivilegedActionException'> (0x00000000f7831c78) thrown at [/HUDSON/workspace/8-2-build-linux-amd64/jdk8u20/1074/hotspot/src/share/vm/prims/jvm.cpp, line 1275]
Event: 17,389 Thread 0x00007fe084009000 Exception <a 'java/security/PrivilegedActionException'> (0x00000000f783b4f8) thrown at [/HUDSON/workspace/8-2-build-linux-amd64/jdk8u20/1074/hotspot/src/share/vm/prims/jvm.cpp, line 1275]
Event: 17,491 Thread 0x00007fe058002000 Exception <a 'java/lang/UnsupportedOperationException': > (0x00000000f7994890) thrown at [/HUDSON/workspace/8-2-build-linux-amd64/jdk8u20/1074/hotspot/src/share/vm/prims/jni.cpp, line 742]

Events (10 events):
Event: 24,453 Thread 0x00007fe058002000 DEOPT UNPACKING pc=0x00007fe095004f69 sp=0x00007fe08ce83db8 mode 2
Event: 24,881 Thread 0x00007fe07800c000 DEOPT PACKING pc=0x00007fe095a002ba sp=0x00007fe0571f7f80
Event: 24,881 Thread 0x00007fe07800c000 DEOPT UNPACKING pc=0x00007fe095046f73 sp=0x00007fe0571f7d28 mode 0
Event: 25,310 Executing VM operation: RevokeBias
Event: 25,310 Executing VM operation: RevokeBias done
Event: 25,310 Thread 0x00007fe090020800 Thread exited: 0x00007fe090020800
Event: 25,310 Thread 0x00007fe060ca9000 Thread exited: 0x00007fe060ca9000
Event: 25,786 Thread 0x00007fe07800b000 DEOPT PACKING pc=0x00007fe095a002ba sp=0x00007fe08c1cc000
Event: 25,786 Thread 0x00007fe07800b000 DEOPT UNPACKING pc=0x00007fe095046f73 sp=0x00007fe08c1cbda8 mode 0
Event: 25,886 Executing VM operation: ParallelGCFailedAllocation


Dynamic libraries:
00400000-00401000 r-xp 00000000 08:03 1579710                            /usr/lib/jvm/java-8-oracle/bin/java
00600000-00601000 rw-p 00000000 08:03 1579710                            /usr/lib/jvm/java-8-oracle/bin/java
02048000-0208b000 rw-p 00000000 00:00 0                                  [heap]
e1c00000-ea180000 rw-p 00000000 00:00 0 
ea180000-f5f00000 ---p 00000000 00:00 0 
f5f00000-feb80000 rw-p 00000000 00:00 0 
ff400000-100000000 ---p 00000000 00:00 0 
100000000-100300000 rw-p 00000000 00:00 0 
100300000-140000000 ---p 00000000 00:00 0 
7fe04f7bc000-7fe04f7e6000 r-xp 00000000 08:03 1579871                    /usr/lib/jvm/java-8-oracle/jre/lib/amd64/libdcpr.so
7fe04f7e6000-7fe04f9e6000 ---p 0002a000 08:03 1579871                    /usr/lib/jvm/java-8-oracle/jre/lib/amd64/libdcpr.so
7fe04f9e6000-7fe04f9e9000 rw-p 0002a000 08:03 1579871                    /usr/lib/jvm/java-8-oracle/jre/lib/amd64/libdcpr.so
7fe050866000-7fe050a26000 rw-p 00000000 00:00 0 
7fe050a26000-7fe050a66000 ---p 00000000 00:00 0 
7fe050a66000-7fe050a67000 ---p 00000000 00:00 0 
7fe050a67000-7fe051267000 rw-p 00000000 00:00 0                          [stack:1388]
7fe051267000-7fe0512ab000 r-xp 00000000 08:03 1704083                    /lib/x86_64-linux-gnu/libdbus-1.so.3.7.6
7fe0512ab000-7fe0514aa000 ---p 00044000 08:03 1704083                    /lib/x86_64-linux-gnu/libdbus-1.so.3.7.6
7fe0514aa000-7fe0514ab000 r--p 00043000 08:03 1704083                    /lib/x86_64-linux-gnu/libdbus-1.so.3.7.6
7fe0514ab000-7fe0514ac000 rw-p 00044000 08:03 1704083                    /lib/x86_64-linux-gnu/libdbus-1.so.3.7.6
7fe0514ac000-7fe0514b4000 r-xp 00000000 08:03 1708408                    /lib/x86_64-linux-gnu/libnih-dbus.so.1.0.0
7fe0514b4000-7fe0516b4000 ---p 00008000 08:03 1708408                    /lib/x86_64-linux-gnu/libnih-dbus.so.1.0.0
7fe0516b4000-7fe0516b5000 r--p 00008000 08:03 1708408                    /lib/x86_64-linux-gnu/libnih-dbus.so.1.0.0
7fe0516b5000-7fe0516b6000 rw-p 00009000 08:03 1708408                    /lib/x86_64-linux-gnu/libnih-dbus.so.1.0.0
7fe0516b6000-7fe0516cd000 r-xp 00000000 08:03 1708409                    /lib/x86_64-linux-gnu/libnih.so.1.0.0
7fe0516cd000-7fe0518cc000 ---p 00017000 08:03 1708409                    /lib/x86_64-linux-gnu/libnih.so.1.0.0
7fe0518cc000-7fe0518cd000 r--p 00016000 08:03 1708409                    /lib/x86_64-linux-gnu/libnih.so.1.0.0
7fe0518cd000-7fe0518ce000 rw-p 00017000 08:03 1708409                    /lib/x86_64-linux-gnu/libnih.so.1.0.0
7fe0518ce000-7fe0518e7000 r-xp 00000000 08:03 1708378                    /lib/x86_64-linux-gnu/libcgmanager.so.0.0.0
7fe0518e7000-7fe051ae6000 ---p 00019000 08:03 1708378                    /lib/x86_64-linux-gnu/libcgmanager.so.0.0.0
7fe051ae6000-7fe051ae8000 r--p 00018000 08:03 1708378                    /lib/x86_64-linux-gnu/libcgmanager.so.0.0.0
7fe051ae8000-7fe051ae9000 rw-p 0001a000 08:03 1708378                    /lib/x86_64-linux-gnu/libcgmanager.so.0.0.0
7fe051ae9000-7fe051af9000 r-xp 00000000 08:03 1704110                    /lib/x86_64-linux-gnu/libudev.so.1.3.5
7fe051af9000-7fe051cf8000 ---p 00010000 08:03 1704110                    /lib/x86_64-linux-gnu/libudev.so.1.3.5
7fe051cf8000-7fe051cf9000 r--p 0000f000 08:03 1704110                    /lib/x86_64-linux-gnu/libudev.so.1.3.5
7fe051cf9000-7fe051cfa000 rw-p 00010000 08:03 1704110                    /lib/x86_64-linux-gnu/libudev.so.1.3.5
7fe051cfa000-7fe051d2e000 r-xp 00000000 08:03 270451                     /usr/lib/x86_64-linux-gnu/gvfs/libgvfscommon.so
7fe051d2e000-7fe051f2e000 ---p 00034000 08:03 270451                     /usr/lib/x86_64-linux-gnu/gvfs/libgvfscommon.so
7fe051f2e000-7fe051f33000 r--p 00034000 08:03 270451                     /usr/lib/x86_64-linux-gnu/gvfs/libgvfscommon.so
7fe051f33000-7fe051f34000 rw-p 00039000 08:03 270451                     /usr/lib/x86_64-linux-gnu/gvfs/libgvfscommon.so
7fe051f34000-7fe051f63000 r-xp 00000000 08:03 270157                     /usr/lib/x86_64-linux-gnu/gio/modules/libgvfsdbus.so
7fe051f63000-7fe052163000 ---p 0002f000 08:03 270157                     /usr/lib/x86_64-linux-gnu/gio/modules/libgvfsdbus.so
7fe052163000-7fe052164000 r--p 0002f000 08:03 270157                     /usr/lib/x86_64-linux-gnu/gio/modules/libgvfsdbus.so
7fe052164000-7fe052165000 rw-p 00030000 08:03 270157                     /usr/lib/x86_64-linux-gnu/gio/modules/libgvfsdbus.so
7fe052165000-7fe052166000 rw-p 00000000 00:00 0 
7fe052166000-7fe052167000 r-xp 00000000 08:03 1574077                    /usr/lib/x86_64-linux-gnu/libgthread-2.0.so.0.4002.0
7fe052167000-7fe052366000 ---p 00001000 08:03 1574077                    /usr/lib/x86_64-linux-gnu/libgthread-2.0.so.0.4002.0
7fe052366000-7fe052367000 r--p 00000000 08:03 1574077                    /usr/lib/x86_64-linux-gnu/libgthread-2.0.so.0.4002.0
7fe052367000-7fe052368000 rw-p 00001000 08:03 1574077                    /usr/lib/x86_64-linux-gnu/libgthread-2.0.so.0.4002.0
7fe052368000-7fe05236e000 r-xp 00000000 08:03 1585706                    /usr/lib/x86_64-linux-gnu/libdatrie.so.1.3.1
7fe05236e000-7fe05256d000 ---p 00006000 08:03 1585706                    /usr/lib/x86_64-linux-gnu/libdatrie.so.1.3.1
7fe05256d000-7fe05256e000 r--p 00005000 08:03 1585706                    /usr/lib/x86_64-linux-gnu/libdatrie.so.1.3.1
7fe05256e000-7fe05256f000 rw-p 00006000 08:03 1585706                    /usr/lib/x86_64-linux-gnu/libdatrie.so.1.3.1
7fe05256f000-7fe052589000 r-xp 00000000 08:03 1585853                    /usr/lib/x86_64-linux-gnu/libgraphite2.so.3.0.1
7fe052589000-7fe052788000 ---p 0001a000 08:03 1585853                    /usr/lib/x86_64-linux-gnu/libgraphite2.so.3.0.1
7fe052788000-7fe05278a000 r--p 00019000 08:03 1585853                    /usr/lib/x86_64-linux-gnu/libgraphite2.so.3.0.1
7fe05278a000-7fe05278b000 rw-p 0001b000 08:03 1585853                    /usr/lib/x86_64-linux-gnu/libgraphite2.so.3.0.1
7fe05278b000-7fe0527c8000 r-xp 00000000 08:03 1708432                    /lib/x86_64-linux-gnu/libpcre.so.3.13.1
7fe0527c8000-7fe0529c7000 ---p 0003d000 08:03 1708432                    /lib/x86_64-linux-gnu/libpcre.so.3.13.1
7fe0529c7000-7fe0529c8000 r--p 0003c000 08:03 1708432                    /lib/x86_64-linux-gnu/libpcre.so.3.13.1
7fe0529c8000-7fe0529c9000 rw-p 0003d000 08:03 1708432                    /lib/x86_64-linux-gnu/libpcre.so.3.13.1
7fe0529c9000-7fe0529d0000 r-xp 00000000 08:03 1585753                    /usr/lib/x86_64-linux-gnu/libffi.so.6.0.1
7fe0529d0000-7fe052bcf000 ---p 00007000 08:03 1585753                    /usr/lib/x86_64-linux-gnu/libffi.so.6.0.1
7fe052bcf000-7fe052bd0000 r--p 00006000 08:03 1585753                    /usr/lib/x86_64-linux-gnu/libffi.so.6.0.1
7fe052bd0000-7fe052bd1000 rw-p 00007000 08:03 1585753                    /usr/lib/x86_64-linux-gnu/libffi.so.6.0.1
7fe052bd1000-7fe052bf8000 r-xp 00000000 08:03 1708387                    /lib/x86_64-linux-gnu/libexpat.so.1.6.0
7fe052bf8000-7fe052df8000 ---p 00027000 08:03 1708387                    /lib/x86_64-linux-gnu/libexpat.so.1.6.0
7fe052df8000-7fe052dfa000 r--p 00027000 08:03 1708387                    /lib/x86_64-linux-gnu/libexpat.so.1.6.0
7fe052dfa000-7fe052dfb000 rw-p 00029000 08:03 1708387                    /lib/x86_64-linux-gnu/libexpat.so.1.6.0
7fe052dfb000-7fe052e03000 r-xp 00000000 08:03 1586262                    /usr/lib/x86_64-linux-gnu/libthai.so.0.2.0
7fe052e03000-7fe053002000 ---p 00008000 08:03 1586262                    /usr/lib/x86_64-linux-gnu/libthai.so.0.2.0
7fe053002000-7fe053003000 r--p 00007000 08:03 1586262                    /usr/lib/x86_64-linux-gnu/libthai.so.0.2.0
7fe053003000-7fe053004000 rw-p 00008000 08:03 1586262                    /usr/lib/x86_64-linux-gnu/libthai.so.0.2.0
7fe053004000-7fe053057000 r-xp 00000000 08:03 1573596                    /usr/lib/x86_64-linux-gnu/libharfbuzz.so.0.927.0
7fe053057000-7fe053257000 ---p 00053000 08:03 1573596                    /usr/lib/x86_64-linux-gnu/libharfbuzz.so.0.927.0
7fe053257000-7fe053258000 r--p 00053000 08:03 1573596                    /usr/lib/x86_64-linux-gnu/libharfbuzz.so.0.927.0
7fe053258000-7fe053259000 rw-p 00054000 08:03 1573596                    /usr/lib/x86_64-linux-gnu/libharfbuzz.so.0.927.0
7fe053259000-7fe053270000 r-xp 00000000 08:03 1708444                    /lib/x86_64-linux-gnu/libresolv-2.19.so
7fe053270000-7fe053470000 ---p 00017000 08:03 1708444                    /lib/x86_64-linux-gnu/libresolv-2.19.so
7fe053470000-7fe053471000 r--p 00017000 08:03 1708444                    /lib/x86_64-linux-gnu/libresolv-2.19.so
7fe053471000-7fe053472000 rw-p 00018000 08:03 1708444                    /lib/x86_64-linux-gnu/libresolv-2.19.so
7fe053472000-7fe053474000 rw-p 00000000 00:00 0 
7fe053474000-7fe053494000 r-xp 00000000 08:03 1708446                    /lib/x86_64-linux-gnu/libselinux.so.1
7fe053494000-7fe053693000 ---p 00020000 08:03 1708446                    /lib/x86_64-linux-gnu/libselinux.so.1
7fe053693000-7fe053694000 r--p 0001f000 08:03 1708446                    /lib/x86_64-linux-gnu/libselinux.so.1
7fe053694000-7fe053695000 rw-p 00020000 08:03 1708446                    /lib/x86_64-linux-gnu/libselinux.so.1
7fe053695000-7fe053697000 rw-p 00000000 00:00 0 
7fe053697000-7fe0536af000 r-xp 00000000 08:03 1708463                    /lib/x86_64-linux-gnu/libz.so.1.2.8
7fe0536af000-7fe0538ae000 ---p 00018000 08:03 1708463                    /lib/x86_64-linux-gnu/libz.so.1.2.8
7fe0538ae000-7fe0538af000 r--p 00017000 08:03 1708463                    /lib/x86_64-linux-gnu/libz.so.1.2.8
7fe0538af000-7fe0538b0000 rw-p 00018000 08:03 1708463                    /lib/x86_64-linux-gnu/libz.so.1.2.8
7fe0538b0000-7fe0538b8000 r-xp 00000000 08:03 1586387                    /usr/lib/x86_64-linux-gnu/libxcb-render.so.0.0.0
7fe0538b8000-7fe053ab7000 ---p 00008000 08:03 1586387                    /usr/lib/x86_64-linux-gnu/libxcb-render.so.0.0.0
7fe053ab7000-7fe053ab8000 r--p 00007000 08:03 1586387                    /usr/lib/x86_64-linux-gnu/libxcb-render.so.0.0.0
7fe053ab8000-7fe053ab9000 rw-p 00008000 08:03 1586387                    /usr/lib/x86_64-linux-gnu/libxcb-render.so.0.0.0
7fe053ab9000-7fe053abb000 r-xp 00000000 08:03 1586390                    /usr/lib/x86_64-linux-gnu/libxcb-shm.so.0.0.0
7fe053abb000-7fe053cba000 ---p 00002000 08:03 1586390                    /usr/lib/x86_64-linux-gnu/libxcb-shm.so.0.0.0
7fe053cba000-7fe053cbb000 r--p 00001000 08:03 1586390                    /usr/lib/x86_64-linux-gnu/libxcb-shm.so.0.0.0
7fe053cbb000-7fe053cbc000 rw-p 00002000 08:03 1586390                    /usr/lib/x86_64-linux-gnu/libxcb-shm.so.0.0.0
7fe053cbc000-7fe053ce1000 r-xp 00000000 08:03 1708438                    /lib/x86_64-linux-gnu/libpng12.so.0.50.0
7fe053ce1000-7fe053ee0000 ---p 00025000 08:03 1708438                    /lib/x86_64-linux-gnu/libpng12.so.0.50.0
7fe053ee0000-7fe053ee1000 r--p 00024000 08:03 1708438                    /lib/x86_64-linux-gnu/libpng12.so.0.50.0
7fe053ee1000-7fe053ee2000 rw-p 00025000 08:03 1708438                    /lib/x86_64-linux-gnu/libpng12.so.0.50.0
7fe053ee2000-7fe053f83000 r-xp 00000000 08:03 1586126                    /usr/lib/x86_64-linux-gnu/libpixman-1.so.0.30.2
7fe053f83000-7fe054183000 ---p 000a1000 08:03 1586126                    /usr/lib/x86_64-linux-gnu/libpixman-1.so.0.30.2
7fe054183000-7fe05418a000 r--p 000a1000 08:03 1586126                    /usr/lib/x86_64-linux-gnu/libpixman-1.so.0.30.2
7fe05418a000-7fe05418b000 rw-p 000a8000 08:03 1586126                    /usr/lib/x86_64-linux-gnu/libpixman-1.so.0.30.2
7fe05418b000-7fe054228000 r-xp 00000000 08:03 1585783                    /usr/lib/x86_64-linux-gnu/libfreetype.so.6.11.1
7fe054228000-7fe054427000 ---p 0009d000 08:03 1585783                    /usr/lib/x86_64-linux-gnu/libfreetype.so.6.11.1
7fe054427000-7fe05442d000 r--p 0009c000 08:03 1585783                    /usr/lib/x86_64-linux-gnu/libfreetype.so.6.11.1
7fe05442d000-7fe05442e000 rw-p 000a2000 08:03 1585783                    /usr/lib/x86_64-linux-gnu/libfreetype.so.6.11.1
7fe05442e000-7fe054430000 r-xp 00000000 08:03 1585545                    /usr/lib/x86_64-linux-gnu/libXdamage.so.1.1.0
7fe054430000-7fe05462f000 ---p 00002000 08:03 1585545                    /usr/lib/x86_64-linux-gnu/libXdamage.so.1.1.0
7fe05462f000-7fe054630000 r--p 00001000 08:03 1585545                    /usr/lib/x86_64-linux-gnu/libXdamage.so.1.1.0
7fe054630000-7fe054631000 rw-p 00002000 08:03 1585545                    /usr/lib/x86_64-linux-gnu/libXdamage.so.1.1.0
7fe054631000-7fe054633000 r-xp 00000000 08:03 1585542                    /usr/lib/x86_64-linux-gnu/libXcomposite.so.1.0.0
7fe054633000-7fe054832000 ---p 00002000 08:03 1585542                    /usr/lib/x86_64-linux-gnu/libXcomposite.so.1.0.0
7fe054832000-7fe054833000 r--p 00001000 08:03 1585542                    /usr/lib/x86_64-linux-gnu/libXcomposite.so.1.0.0
7fe054833000-7fe054834000 rw-p 00002000 08:03 1585542                    /usr/lib/x86_64-linux-gnu/libXcomposite.so.1.0.0
7fe054834000-7fe05483d000 r-xp 00000000 08:03 1585563                    /usr/lib/x86_64-linux-gnu/libXrandr.so.2.2.0
7fe05483d000-7fe054a3c000 ---p 00009000 08:03 1585563                    /usr/lib/x86_64-linux-gnu/libXrandr.so.2.2.0
7fe054a3c000-7fe054a3d000 r--p 00008000 08:03 1585563                    /usr/lib/x86_64-linux-gnu/libXrandr.so.2.2.0
7fe054a3d000-7fe054a3e000 rw-p 00009000 08:03 1585563                    /usr/lib/x86_64-linux-gnu/libXrandr.so.2.2.0
7fe054a3e000-7fe054a40000 r-xp 00000000 08:03 1585555                    /usr/lib/x86_64-linux-gnu/libXinerama.so.1.0.0
7fe054a40000-7fe054c3f000 ---p 00002000 08:03 1585555                    /usr/lib/x86_64-linux-gnu/libXinerama.so.1.0.0
7fe054c3f000-7fe054c40000 r--p 00001000 08:03 1585555                    /usr/lib/x86_64-linux-gnu/libXinerama.so.1.0.0
7fe054c40000-7fe054c41000 rw-p 00002000 08:03 1585555                    /usr/lib/x86_64-linux-gnu/libXinerama.so.1.0.0
7fe054c41000-7fe054d47000 r-xp 00000000 08:03 1704087                    /lib/x86_64-linux-gnu/libglib-2.0.so.0.4002.0
7fe054d47000-7fe054f46000 ---p 00106000 08:03 1704087                    /lib/x86_64-linux-gnu/libglib-2.0.so.0.4002.0
7fe054f46000-7fe054f47000 r--p 00105000 08:03 1704087                    /lib/x86_64-linux-gnu/libglib-2.0.so.0.4002.0
7fe054f47000-7fe054f48000 rw-p 00106000 08:03 1704087                    /lib/x86_64-linux-gnu/libglib-2.0.so.0.4002.0
7fe054f48000-7fe054f49000 rw-p 00000000 00:00 0 
7fe054f49000-7fe054f98000 r-xp 00000000 08:03 1574075                    /usr/lib/x86_64-linux-gnu/libgobject-2.0.so.0.4002.0
7fe054f98000-7fe055198000 ---p 0004f000 08:03 1574075                    /usr/lib/x86_64-linux-gnu/libgobject-2.0.so.0.4002.0
7fe055198000-7fe055199000 r--p 0004f000 08:03 1574075                    /usr/lib/x86_64-linux-gnu/libgobject-2.0.so.0.4002.0
7fe055199000-7fe05519a000 rw-p 00050000 08:03 1574075                    /usr/lib/x86_64-linux-gnu/libgobject-2.0.so.0.4002.0
7fe05519a000-7fe0551d4000 r-xp 00000000 08:03 1585773                    /usr/lib/x86_64-linux-gnu/libfontconfig.so.1.8.0
7fe0551d4000-7fe0553d3000 ---p 0003a000 08:03 1585773                    /usr/lib/x86_64-linux-gnu/libfontconfig.so.1.8.0
7fe0553d3000-7fe0553d5000 r--p 00039000 08:03 1585773                    /usr/lib/x86_64-linux-gnu/libfontconfig.so.1.8.0
7fe0553d5000-7fe0553d6000 rw-p 0003b000 08:03 1585773                    /usr/lib/x86_64-linux-gnu/libfontconfig.so.1.8.0
7fe0553d6000-7fe055420000 r-xp 00000000 08:03 1579635                    /usr/lib/x86_64-linux-gnu/libpango-1.0.so.0.3600.3
7fe055420000-7fe055620000 ---p 0004a000 08:03 1579635                    /usr/lib/x86_64-linux-gnu/libpango-1.0.so.0.3600.3
7fe055620000-7fe055622000 r--p 0004a000 08:03 1579635                    /usr/lib/x86_64-linux-gnu/libpango-1.0.so.0.3600.3
7fe055622000-7fe055623000 rw-p 0004c000 08:03 1579635                    /usr/lib/x86_64-linux-gnu/libpango-1.0.so.0.3600.3
7fe055623000-7fe055637000 r-xp 00000000 08:03 1579637                    /usr/lib/x86_64-linux-gnu/libpangoft2-1.0.so.0.3600.3
7fe055637000-7fe055836000 ---p 00014000 08:03 1579637                    /usr/lib/x86_64-linux-gnu/libpangoft2-1.0.so.0.3600.3
7fe055836000-7fe055837000 r--p 00013000 08:03 1579637                    /usr/lib/x86_64-linux-gnu/libpangoft2-1.0.so.0.3600.3
7fe055837000-7fe055838000 rw-p 00014000 08:03 1579637                    /usr/lib/x86_64-linux-gnu/libpangoft2-1.0.so.0.3600.3
7fe055838000-7fe0559a4000 r-xp 00000000 08:03 1574079                    /usr/lib/x86_64-linux-gnu/libgio-2.0.so.0.4002.0
7fe0559a4000-7fe055ba3000 ---p 0016c000 08:03 1574079                    /usr/lib/x86_64-linux-gnu/libgio-2.0.so.0.4002.0
7fe055ba3000-7fe055ba7000 r--p 0016b000 08:03 1574079                    /usr/lib/x86_64-linux-gnu/libgio-2.0.so.0.4002.0
7fe055ba7000-7fe055ba9000 rw-p 0016f000 08:03 1574079                    /usr/lib/x86_64-linux-gnu/libgio-2.0.so.0.4002.0
7fe055ba9000-7fe055bab000 rw-p 00000000 00:00 0 
7fe055bab000-7fe055bca000 r-xp 00000000 08:03 1585806                    /usr/lib/x86_64-linux-gnu/libgdk_pixbuf-2.0.so.0.3000.7
7fe055bca000-7fe055dca000 ---p 0001f000 08:03 1585806                    /usr/lib/x86_64-linux-gnu/libgdk_pixbuf-2.0.so.0.3000.7
7fe055dca000-7fe055dcb000 r--p 0001f000 08:03 1585806                    /usr/lib/x86_64-linux-gnu/libgdk_pixbuf-2.0.so.0.3000.7
7fe055dcb000-7fe055dcc000 rw-p 00020000 08:03 1585806                    /usr/lib/x86_64-linux-gnu/libgdk_pixbuf-2.0.so.0.3000.7
7fe055dcc000-7fe055ed2000 r-xp 00000000 08:03 1585650                    /usr/lib/x86_64-linux-gnu/libcairo.so.2.11301.0
7fe055ed2000-7fe0560d1000 ---p 00106000 08:03 1585650                    /usr/lib/x86_64-linux-gnu/libcairo.so.2.11301.0
7fe0560d1000-7fe0560d4000 r--p 00105000 08:03 1585650                    /usr/lib/x86_64-linux-gnu/libcairo.so.2.11301.0
7fe0560d4000-7fe0560d5000 rw-p 00108000 08:03 1585650                    /usr/lib/x86_64-linux-gnu/libcairo.so.2.11301.0
7fe0560d5000-7fe0560d7000 rw-p 00000000 00:00 0 
7fe0560d7000-7fe0560f6000 r-xp 00000000 08:03 1585600                    /usr/lib/x86_64-linux-gnu/libatk-1.0.so.0.21009.1
7fe0560f6000-7fe0562f6000 ---p 0001f000 08:03 1585600                    /usr/lib/x86_64-linux-gnu/libatk-1.0.so.0.21009.1
7fe0562f6000-7fe0562f8000 r--p 0001f000 08:03 1585600                    /usr/lib/x86_64-linux-gnu/libatk-1.0.so.0.21009.1
7fe0562f8000-7fe0562f9000 rw-p 00021000 08:03 1585600                    /usr/lib/x86_64-linux-gnu/libatk-1.0.so.0.21009.1
7fe0562f9000-7fe056304000 r-xp 00000000 08:03 1579632                    /usr/lib/x86_64-linux-gnu/libpangocairo-1.0.so.0.3600.3
7fe056304000-7fe056504000 ---p 0000b000 08:03 1579632                    /usr/lib/x86_64-linux-gnu/libpangocairo-1.0.so.0.3600.3
7fe056504000-7fe056505000 r--p 0000b000 08:03 1579632                    /usr/lib/x86_64-linux-gnu/libpangocairo-1.0.so.0.3600.3
7fe056505000-7fe056506000 rw-p 0000c000 08:03 1579632                    /usr/lib/x86_64-linux-gnu/libpangocairo-1.0.so.0.3600.3
7fe056506000-7fe056509000 r-xp 00000000 08:03 1574071                    /usr/lib/x86_64-linux-gnu/libgmodule-2.0.so.0.4002.0
7fe056509000-7fe056708000 ---p 00003000 08:03 1574071                    /usr/lib/x86_64-linux-gnu/libgmodule-2.0.so.0.4002.0
7fe056708000-7fe056709000 r--p 00002000 08:03 1574071                    /usr/lib/x86_64-linux-gnu/libgmodule-2.0.so.0.4002.0
7fe056709000-7fe05670a000 rw-p 00003000 08:03 1574071                    /usr/lib/x86_64-linux-gnu/libgmodule-2.0.so.0.4002.0
7fe05670a000-7fe0567b7000 r-xp 00000000 08:03 1585805                    /usr/lib/x86_64-linux-gnu/libgdk-x11-2.0.so.0.2400.23
7fe0567b7000-7fe0569b6000 ---p 000ad000 08:03 1585805                    /usr/lib/x86_64-linux-gnu/libgdk-x11-2.0.so.0.2400.23
7fe0569b6000-7fe0569ba000 r--p 000ac000 08:03 1585805                    /usr/lib/x86_64-linux-gnu/libgdk-x11-2.0.so.0.2400.23
7fe0569ba000-7fe0569bc000 rw-p 000b0000 08:03 1585805                    /usr/lib/x86_64-linux-gnu/libgdk-x11-2.0.so.0.2400.23
7fe0569bc000-7fe056deb000 r-xp 00000000 08:03 1585907                    /usr/lib/x86_64-linux-gnu/libgtk-x11-2.0.so.0.2400.23
7fe056deb000-7fe056fea000 ---p 0042f000 08:03 1585907                    /usr/lib/x86_64-linux-gnu/libgtk-x11-2.0.so.0.2400.23
7fe056fea000-7fe056ff1000 r--p 0042e000 08:03 1585907                    /usr/lib/x86_64-linux-gnu/libgtk-x11-2.0.so.0.2400.23
7fe056ff1000-7fe056ff5000 rw-p 00435000 08:03 1585907                    /usr/lib/x86_64-linux-gnu/libgtk-x11-2.0.so.0.2400.23
7fe056ff5000-7fe056ff8000 rw-p 00000000 00:00 0 
7fe056ff8000-7fe056ffb000 ---p 00000000 00:00 0 
7fe056ffb000-7fe0570f9000 rw-p 00000000 00:00 0                          [stack:1387]
7fe0570f9000-7fe0570fc000 ---p 00000000 00:00 0 
7fe0570fc000-7fe0571fa000 rw-p 00000000 00:00 0                          [stack:1386]
7fe0571fa000-7fe0571fd000 ---p 00000000 00:00 0 
7fe0571fd000-7fe0572fb000 rw-p 00000000 00:00 0 
7fe0572fb000-7fe0572fe000 ---p 00000000 00:00 0 
7fe0572fe000-7fe0573fc000 rw-p 00000000 00:00 0 
7fe0573fc000-7fe0573ff000 ---p 00000000 00:00 0 
7fe0573ff000-7fe0574fd000 rw-p 00000000 00:00 0 
7fe0574fd000-7fe057500000 ---p 00000000 00:00 0 
7fe057500000-7fe0575fe000 rw-p 00000000 00:00 0 
7fe0575fe000-7fe057601000 ---p 00000000 00:00 0 
7fe057601000-7fe0576ff000 rw-p 00000000 00:00 0                          [stack:1371]
7fe0576ff000-7fe057702000 ---p 00000000 00:00 0 
7fe057702000-7fe057a00000 rw-p 00000000 00:00 0                          [stack:1370]
7fe057a00000-7fe057c00000 rw-p 00000000 00:00 0 
7fe057c00000-7fe057e00000 rw-p 00000000 00:00 0 
7fe057e00000-7fe058000000 rw-p 00000000 00:00 0 
7fe058000000-7fe05827d000 rw-p 00000000 00:00 0 
7fe05827d000-7fe05c000000 ---p 00000000 00:00 0 
7fe05c000000-7fe05c029000 rw-p 00000000 00:00 0 
7fe05c029000-7fe060000000 ---p 00000000 00:00 0 
7fe060000000-7fe060e64000 rw-p 00000000 00:00 0 
7fe060e64000-7fe064000000 ---p 00000000 00:00 0 
7fe064000000-7fe06425a000 rw-p 00000000 00:00 0 
7fe06425a000-7fe068000000 ---p 00000000 00:00 0 
7fe068000000-7fe0684b2000 rw-p 00000000 00:00 0 
7fe0684b2000-7fe06c000000 ---p 00000000 00:00 0 
7fe06c000000-7fe06df9e000 rw-p 00000000 00:00 0 
7fe06df9e000-7fe070000000 ---p 00000000 00:00 0 
7fe070000000-7fe0700c9000 rw-p 00000000 00:00 0 
7fe0700c9000-7fe074000000 ---p 00000000 00:00 0 
7fe074000000-7fe074021000 rw-p 00000000 00:00 0 
7fe074021000-7fe078000000 ---p 00000000 00:00 0 
7fe078000000-7fe078022000 rw-p 00000000 00:00 0 
7fe078022000-7fe07c000000 ---p 00000000 00:00 0 
7fe07c000000-7fe07c021000 rw-p 00000000 00:00 0 
7fe07c021000-7fe080000000 ---p 00000000 00:00 0 
7fe080000000-7fe0802f4000 rw-p 00000000 00:00 0 
7fe0802f4000-7fe084000000 ---p 00000000 00:00 0 
7fe084000000-7fe084021000 rw-p 00000000 00:00 0 
7fe084021000-7fe088000000 ---p 00000000 00:00 0 
7fe088000000-7fe0884c5000 rw-p 00000000 00:00 0 
7fe0884c5000-7fe08c000000 ---p 00000000 00:00 0 
7fe08c087000-7fe08c0a2000 r--p 00000000 08:03 407206                     /usr/share/locale-langpack/fr/LC_MESSAGES/glib20.mo
7fe08c0a2000-7fe08c0cd000 r--p 00000000 08:03 407250                     /usr/share/locale-langpack/fr/LC_MESSAGES/gtk20-properties.mo
7fe08c0cd000-7fe08c0d0000 ---p 00000000 00:00 0 
7fe08c0d0000-7fe08c1ce000 rw-p 00000000 00:00 0                          [stack:1385]
7fe08c1ce000-7fe08c1dc000 r--s 00000000 08:03 1190923                    /var/cache/fontconfig/6aa41aa22e18b8fa06a12da28ea9c28b-le64.cache-4
7fe08c1dc000-7fe08c1dd000 r--s 00000000 08:03 1190938                    /var/cache/fontconfig/c05880de57d1f5e948fdfacc138775d9-le64.cache-4
7fe08c1dd000-7fe08c1e8000 r--s 00000000 08:03 1190930                    /var/cache/fontconfig/945677eb7aeaf62f1d50efc3fb3ec7d8-le64.cache-4
7fe08c1e8000-7fe08c1ea000 r--s 00000000 08:03 1190932                    /var/cache/fontconfig/99e8ed0e538f840c565b6ed5dad60d56-le64.cache-4
7fe08c1ea000-7fe08c1f3000 r--s 00000000 08:03 1190934                    /var/cache/fontconfig/a6d8cf8e4ec09cdbc8633c31745a07dd-le64.cache-4
7fe08c1f3000-7fe08c1f9000 r--s 00000000 08:03 1190909                    /var/cache/fontconfig/2cd17615ca594fa2959ae173292e504c-le64.cache-4
7fe08c1f9000-7fe08c200000 r--s 00000000 08:03 1190935                    /var/cache/fontconfig/a755afe4a08bf5b97852ceb7400b47bc-le64.cache-4
7fe08c200000-7fe08c204000 r--s 00000000 08:03 1190924                    /var/cache/fontconfig/6d41288fd70b0be22e8c3a91e032eec0-le64.cache-4
7fe08c204000-7fe08c23f000 r--s 00000000 08:03 1190911                    /var/cache/fontconfig/365b55f210c0a22e9a19e35191240f32-le64.cache-4
7fe08c240000-7fe08c241000 rw-p 00000000 00:00 0 
7fe08c241000-7fe08c245000 rw-s 00000000 00:04 13959182                   /SYSV00000000 (deleted)
7fe08c245000-7fe08c254000 r--p 00000000 08:03 407251                     /usr/share/locale-langpack/fr/LC_MESSAGES/gtk20.mo
7fe08c254000-7fe08c270000 r--s 00393000 08:03 1580001                    /usr/lib/jvm/java-8-oracle/jre/lib/ext/cldrdata.jar
7fe08c270000-7fe08c27a000 r--s 00116000 08:03 1580004                    /usr/lib/jvm/java-8-oracle/jre/lib/ext/localedata.jar
7fe08c27a000-7fe08c28d000 r--s 00344000 08:03 1579861                    /usr/lib/jvm/java-8-oracle/jre/lib/resources.jar
7fe08c28d000-7fe08c290000 ---p 00000000 00:00 0 
7fe08c290000-7fe08c38e000 rw-p 00000000 00:00 0 
7fe08c38e000-7fe08c391000 ---p 00000000 00:00 0 
7fe08c391000-7fe08c48f000 rw-p 00000000 00:00 0 
7fe08c48f000-7fe08c4af000 r--s 002d7000 00:1f 32911142                   /auto_home/swouters/Documents/pinkman/warbot/Warbot_src/lib/turtlekit-3.0.0.2.jar
7fe08c4af000-7fe08c4c5000 r--s 00145000 00:1f 32911196                   /auto_home/swouters/Documents/pinkman/warbot/Warbot_src/lib/gdx.jar
7fe08c4c5000-7fe08c4d6000 r--s 00127000 00:1f 32911169                   /auto_home/swouters/Documents/pinkman/warbot/Warbot_src/lib/gdx-backend-lwjgl.jar
7fe08c4d6000-7fe08c4d8000 r--s 0000b000 00:1f 32911167                   /auto_home/swouters/Documents/pinkman/warbot/Warbot_src/lib/gdx-backend-lwjgl-sources.jar
7fe08c4d8000-7fe08c4da000 r--s 0019e000 00:1f 32911168                   /auto_home/swouters/Documents/pinkman/warbot/Warbot_src/lib/gdx-backend-lwjgl-natives.jar
7fe08c4da000-7fe08c4e0000 r--s 00057000 00:1f 32907382                   /auto_home/swouters/Documents/pinkman/warbot/Warbot_src/lib/madkit-5.0.5.1.jar
7fe08c4e0000-7fe08c549000 r-xp 00000000 08:03 1579917                    /usr/lib/jvm/java-8-oracle/jre/lib/amd64/libt2k.so
7fe08c549000-7fe08c748000 ---p 00069000 08:03 1579917                    /usr/lib/jvm/java-8-oracle/jre/lib/amd64/libt2k.so
7fe08c748000-7fe08c74f000 rw-p 00068000 08:03 1579917                    /usr/lib/jvm/java-8-oracle/jre/lib/amd64/libt2k.so
7fe08c74f000-7fe08c95f000 rw-p 00000000 00:00 0 
7fe08c95f000-7fe08c970000 r-xp 00000000 08:03 1579907                    /usr/lib/jvm/java-8-oracle/jre/lib/amd64/libnio.so
7fe08c970000-7fe08cb6f000 ---p 00011000 08:03 1579907                    /usr/lib/jvm/java-8-oracle/jre/lib/amd64/libnio.so
7fe08cb6f000-7fe08cb70000 rw-p 00010000 08:03 1579907                    /usr/lib/jvm/java-8-oracle/jre/lib/amd64/libnio.so
7fe08cb70000-7fe08cb86000 r-xp 00000000 08:03 1579906                    /usr/lib/jvm/java-8-oracle/jre/lib/amd64/libnet.so
7fe08cb86000-7fe08cd86000 ---p 00016000 08:03 1579906                    /usr/lib/jvm/java-8-oracle/jre/lib/amd64/libnet.so
7fe08cd86000-7fe08cd87000 rw-p 00016000 08:03 1579906                    /usr/lib/jvm/java-8-oracle/jre/lib/amd64/libnet.so
7fe08cd87000-7fe08cd8a000 ---p 00000000 00:00 0 
7fe08cd8a000-7fe08ce88000 rw-p 00000000 00:00 0                          [stack:1337]
7fe08ce88000-7fe08ce8b000 ---p 00000000 00:00 0 
7fe08ce8b000-7fe08cf89000 rw-p 00000000 00:00 0                          [stack:1336]
7fe08cf89000-7fe08cf8c000 ---p 00000000 00:00 0 
7fe08cf8c000-7fe08d08a000 rw-p 00000000 00:00 0                          [stack:1335]
7fe08d08a000-7fe08d08d000 ---p 00000000 00:00 0 
7fe08d08d000-7fe08d18b000 rw-p 00000000 00:00 0                          [stack:1334]
7fe08d18b000-7fe08d190000 r-xp 00000000 08:03 1585551                    /usr/lib/x86_64-linux-gnu/libXfixes.so.3.1.0
7fe08d190000-7fe08d38f000 ---p 00005000 08:03 1585551                    /usr/lib/x86_64-linux-gnu/libXfixes.so.3.1.0
7fe08d38f000-7fe08d390000 r--p 00004000 08:03 1585551                    /usr/lib/x86_64-linux-gnu/libXfixes.so.3.1.0
7fe08d390000-7fe08d391000 rw-p 00005000 08:03 1585551                    /usr/lib/x86_64-linux-gnu/libXfixes.so.3.1.0
7fe08d391000-7fe08d39a000 r-xp 00000000 08:03 1585543                    /usr/lib/x86_64-linux-gnu/libXcursor.so.1.0.2
7fe08d39a000-7fe08d599000 ---p 00009000 08:03 1585543                    /usr/lib/x86_64-linux-gnu/libXcursor.so.1.0.2
7fe08d599000-7fe08d59a000 r--p 00008000 08:03 1585543                    /usr/lib/x86_64-linux-gnu/libXcursor.so.1.0.2
7fe08d59a000-7fe08d59b000 rw-p 00009000 08:03 1585543                    /usr/lib/x86_64-linux-gnu/libXcursor.so.1.0.2
7fe08d59b000-7fe08d59e000 ---p 00000000 00:00 0 
7fe08d59e000-7fe08d69c000 rw-p 00000000 00:00 0                          [stack:1333]
7fe08d69c000-7fe08d6b2000 r-xp 00000000 08:03 1708390                    /lib/x86_64-linux-gnu/libgcc_s.so.1
7fe08d6b2000-7fe08d8b1000 ---p 00016000 08:03 1708390                    /lib/x86_64-linux-gnu/libgcc_s.so.1
7fe08d8b1000-7fe08d8b2000 rw-p 00015000 08:03 1708390                    /lib/x86_64-linux-gnu/libgcc_s.so.1
7fe08d8b2000-7fe08d917000 r-xp 00000000 08:03 1579875                    /usr/lib/jvm/java-8-oracle/jre/lib/amd64/libfontmanager.so
7fe08d917000-7fe08db16000 ---p 00065000 08:03 1579875                    /usr/lib/jvm/java-8-oracle/jre/lib/amd64/libfontmanager.so
7fe08db16000-7fe08db1a000 rw-p 00064000 08:03 1579875                    /usr/lib/jvm/java-8-oracle/jre/lib/amd64/libfontmanager.so
7fe08db1a000-7fe08db2b000 rw-p 00000000 00:00 0 
7fe08db2b000-7fe08db30000 r-xp 00000000 08:03 1585547                    /usr/lib/x86_64-linux-gnu/libXdmcp.so.6.0.0
7fe08db30000-7fe08dd2f000 ---p 00005000 08:03 1585547                    /usr/lib/x86_64-linux-gnu/libXdmcp.so.6.0.0
7fe08dd2f000-7fe08dd30000 r--p 00004000 08:03 1585547                    /usr/lib/x86_64-linux-gnu/libXdmcp.so.6.0.0
7fe08dd30000-7fe08dd31000 rw-p 00005000 08:03 1585547                    /usr/lib/x86_64-linux-gnu/libXdmcp.so.6.0.0
7fe08dd31000-7fe08dd33000 r-xp 00000000 08:03 1585538                    /usr/lib/x86_64-linux-gnu/libXau.so.6.0.0
7fe08dd33000-7fe08df33000 ---p 00002000 08:03 1585538                    /usr/lib/x86_64-linux-gnu/libXau.so.6.0.0
7fe08df33000-7fe08df34000 r--p 00002000 08:03 1585538                    /usr/lib/x86_64-linux-gnu/libXau.so.6.0.0
7fe08df34000-7fe08df35000 rw-p 00003000 08:03 1585538                    /usr/lib/x86_64-linux-gnu/libXau.so.6.0.0
7fe08df35000-7fe08df52000 r-xp 00000000 08:03 1586398                    /usr/lib/x86_64-linux-gnu/libxcb.so.1.1.0
7fe08df52000-7fe08e152000 ---p 0001d000 08:03 1586398                    /usr/lib/x86_64-linux-gnu/libxcb.so.1.1.0
7fe08e152000-7fe08e153000 r--p 0001d000 08:03 1586398                    /usr/lib/x86_64-linux-gnu/libxcb.so.1.1.0
7fe08e153000-7fe08e154000 rw-p 0001e000 08:03 1586398                    /usr/lib/x86_64-linux-gnu/libxcb.so.1.1.0
7fe08e154000-7fe08e163000 r-xp 00000000 08:03 1585554                    /usr/lib/x86_64-linux-gnu/libXi.so.6.1.0
7fe08e163000-7fe08e362000 ---p 0000f000 08:03 1585554                    /usr/lib/x86_64-linux-gnu/libXi.so.6.1.0
7fe08e362000-7fe08e363000 r--p 0000e000 08:03 1585554                    /usr/lib/x86_64-linux-gnu/libXi.so.6.1.0
7fe08e363000-7fe08e364000 rw-p 0000f000 08:03 1585554                    /usr/lib/x86_64-linux-gnu/libXi.so.6.1.0
7fe08e364000-7fe08e369000 r-xp 00000000 08:03 1585568                    /usr/lib/x86_64-linux-gnu/libXtst.so.6.1.0
7fe08e369000-7fe08e568000 ---p 00005000 08:03 1585568                    /usr/lib/x86_64-linux-gnu/libXtst.so.6.1.0
7fe08e568000-7fe08e569000 r--p 00004000 08:03 1585568                    /usr/lib/x86_64-linux-gnu/libXtst.so.6.1.0
7fe08e569000-7fe08e56a000 rw-p 00005000 08:03 1585568                    /usr/lib/x86_64-linux-gnu/libXtst.so.6.1.0
7fe08e56a000-7fe08e573000 r-xp 00000000 08:03 1585564                    /usr/lib/x86_64-linux-gnu/libXrender.so.1.3.0
7fe08e573000-7fe08e772000 ---p 00009000 08:03 1585564                    /usr/lib/x86_64-linux-gnu/libXrender.so.1.3.0
7fe08e772000-7fe08e773000 r--p 00008000 08:03 1585564                    /usr/lib/x86_64-linux-gnu/libXrender.so.1.3.0
7fe08e773000-7fe08e774000 rw-p 00009000 08:03 1585564                    /usr/lib/x86_64-linux-gnu/libXrender.so.1.3.0
7fe08e774000-7fe08e8a4000 r-xp 00000000 08:03 1585535                    /usr/lib/x86_64-linux-gnu/libX11.so.6.3.0
7fe08e8a4000-7fe08eaa4000 ---p 00130000 08:03 1585535                    /usr/lib/x86_64-linux-gnu/libX11.so.6.3.0
7fe08eaa4000-7fe08eaa5000 r--p 00130000 08:03 1585535                    /usr/lib/x86_64-linux-gnu/libX11.so.6.3.0
7fe08eaa5000-7fe08eaa9000 rw-p 00131000 08:03 1585535                    /usr/lib/x86_64-linux-gnu/libX11.so.6.3.0
7fe08eaa9000-7fe08eaba000 r-xp 00000000 08:03 1585549                    /usr/lib/x86_64-linux-gnu/libXext.so.6.4.0
7fe08eaba000-7fe08ecb9000 ---p 00011000 08:03 1585549                    /usr/lib/x86_64-linux-gnu/libXext.so.6.4.0
7fe08ecb9000-7fe08ecba000 r--p 00010000 08:03 1585549                    /usr/lib/x86_64-linux-gnu/libXext.so.6.4.0
7fe08ecba000-7fe08ecbb000 rw-p 00011000 08:03 1585549                    /usr/lib/x86_64-linux-gnu/libXext.so.6.4.0
7fe08ecbb000-7fe08ed0f000 r-xp 00000000 08:03 1579870                    /usr/lib/jvm/java-8-oracle/jre/lib/amd64/libawt_xawt.so
7fe08ed0f000-7fe08ef0f000 ---p 00054000 08:03 1579870                    /usr/lib/jvm/java-8-oracle/jre/lib/amd64/libawt_xawt.so
7fe08ef0f000-7fe08ef13000 rw-p 00054000 08:03 1579870                    /usr/lib/jvm/java-8-oracle/jre/lib/amd64/libawt_xawt.so
7fe08ef13000-7fe08ef14000 rw-p 00000000 00:00 0 
7fe08ef14000-7fe08efb6000 r-xp 00000000 08:03 1579868                    /usr/lib/jvm/java-8-oracle/jre/lib/amd64/libawt.so
7fe08efb6000-7fe08f1b6000 ---p 000a2000 08:03 1579868                    /usr/lib/jvm/java-8-oracle/jre/lib/amd64/libawt.so
7fe08f1b6000-7fe08f1c2000 rw-p 000a2000 08:03 1579868                    /usr/lib/jvm/java-8-oracle/jre/lib/amd64/libawt.so
7fe08f1c2000-7fe08f1e6000 rw-p 00000000 00:00 0 
7fe08f1e6000-7fe08f1e7000 ---p 00000000 00:00 0 
7fe08f1e7000-7fe08f2e7000 rw-p 00000000 00:00 0                          [stack:1330]
7fe08f2e7000-7fe08f2ea000 ---p 00000000 00:00 0 
7fe08f2ea000-7fe08f3e8000 rw-p 00000000 00:00 0                          [stack:1329]
7fe08f3e8000-7fe08f3eb000 ---p 00000000 00:00 0 
7fe08f3eb000-7fe08f4e9000 rw-p 00000000 00:00 0                          [stack:1328]
7fe08f4e9000-7fe08f4ec000 ---p 00000000 00:00 0 
7fe08f4ec000-7fe08f5ea000 rw-p 00000000 00:00 0                          [stack:1327]
7fe08f5ea000-7fe08f5ed000 ---p 00000000 00:00 0 
7fe08f5ed000-7fe08f6eb000 rw-p 00000000 00:00 0                          [stack:1322]
7fe08f6eb000-7fe08f6ee000 ---p 00000000 00:00 0 
7fe08f6ee000-7fe08f7ec000 rw-p 00000000 00:00 0                          [stack:1321]
7fe08f7ec000-7fe08f7ef000 ---p 00000000 00:00 0 
7fe08f7ef000-7fe08f8ed000 rw-p 00000000 00:00 0                          [stack:1318]
7fe08f8ed000-7fe08f8f8000 r-xp 00000000 08:03 1708415                    /lib/x86_64-linux-gnu/libnss_files-2.19.so
7fe08f8f8000-7fe08faf7000 ---p 0000b000 08:03 1708415                    /lib/x86_64-linux-gnu/libnss_files-2.19.so
7fe08faf7000-7fe08faf8000 r--p 0000a000 08:03 1708415                    /lib/x86_64-linux-gnu/libnss_files-2.19.so
7fe08faf8000-7fe08faf9000 rw-p 0000b000 08:03 1708415                    /lib/x86_64-linux-gnu/libnss_files-2.19.so
7fe08faf9000-7fe08fafd000 r-xp 00000000 08:03 1579874                    /usr/lib/jvm/java-8-oracle/jre/lib/amd64/libdt_socket.so
7fe08fafd000-7fe08fcfc000 ---p 00004000 08:03 1579874                    /usr/lib/jvm/java-8-oracle/jre/lib/amd64/libdt_socket.so
7fe08fcfc000-7fe08fcfd000 rw-p 00003000 08:03 1579874                    /usr/lib/jvm/java-8-oracle/jre/lib/amd64/libdt_socket.so
7fe08fcfd000-7fe08fd00000 ---p 00000000 00:00 0 
7fe08fd00000-7fe08fdfe000 rw-p 00000000 00:00 0                          [stack:1306]
7fe08fdfe000-7fe08fe01000 ---p 00000000 00:00 0 
7fe08fe01000-7fe08feff000 rw-p 00000000 00:00 0                          [stack:1305]
7fe08feff000-7fe08ff02000 ---p 00000000 00:00 0 
7fe08ff02000-7fe090000000 rw-p 00000000 00:00 0                          [stack:1304]
7fe090000000-7fe09030c000 rw-p 00000000 00:00 0 
7fe09030c000-7fe094000000 ---p 00000000 00:00 0 
7fe094000000-7fe094001000 r--s 00000000 08:03 1190953                    /var/cache/fontconfig/e7071f4a29fa870f4323321c154eba04-le64.cache-4
7fe094001000-7fe094002000 r--s 00000000 08:03 1190904                    /var/cache/fontconfig/0d8c3b2ac0904cb8a57a757ad11a4a08-le64.cache-4
7fe094002000-7fe094006000 r--s 00000000 08:03 1190948                    /var/cache/fontconfig/de156ccd2eddbdc19d37a45b8b2aac9c-le64.cache-4
7fe094006000-7fe09401a000 r--s 00000000 08:03 1190888                    /var/cache/fontconfig/04aabc0a78ac019cf9454389977116d2-le64.cache-4
7fe09401a000-7fe09401b000 r--s 00000000 08:03 1190907                    /var/cache/fontconfig/1ac9eb803944fde146138c791f5cc56a-le64.cache-4
7fe09401b000-7fe09401f000 r--s 00000000 08:03 1190913                    /var/cache/fontconfig/385c0604a188198f04d133e54aba7fe7-le64.cache-4
7fe09401f000-7fe094020000 r--s 00000000 08:03 1190947                    /var/cache/fontconfig/dc05db6664285cc2f12bf69c139ae4c3-le64.cache-4
7fe094020000-7fe094022000 r--s 00000000 08:03 1190926                    /var/cache/fontconfig/767a8244fc0220cfb567a839d0392e0b-le64.cache-4
7fe094022000-7fe094023000 r--s 00000000 08:03 1193658                    /var/cache/fontconfig/4794a0821666d79190d59a36cb4f44b5-le64.cache-4
7fe094023000-7fe094028000 r--s 00000000 08:03 1190928                    /var/cache/fontconfig/8801497958630a81b71ace7c5f9b32a8-le64.cache-4
7fe094028000-7fe09402c000 r--s 00000000 08:03 1190939                    /var/cache/fontconfig/c57959a16110560c8d0fcea73374aeeb-le64.cache-4
7fe09402c000-7fe094033000 r--s 00000000 08:03 1190910                    /var/cache/fontconfig/3047814df9a2f067bd2d96a2b9c36e5a-le64.cache-4
7fe094033000-7fe094034000 r--s 00000000 08:03 1190920                    /var/cache/fontconfig/56cf4f4769d0f4abc89a4895d7bd3ae1-le64.cache-4
7fe094034000-7fe094035000 r--s 00000000 08:03 1190937                    /var/cache/fontconfig/b9d506c9ac06c20b433354fa67a72993-le64.cache-4
7fe094035000-7fe09403b000 r--s 00000000 08:03 1190936                    /var/cache/fontconfig/b47c4e1ecd0709278f4910c18777a504-le64.cache-4
7fe09403b000-7fe094043000 r--s 00000000 08:03 1190942                    /var/cache/fontconfig/ce677e824a231659fde4a3a246a10ea3-le64.cache-4
7fe094043000-7fe09404c000 r--s 00000000 08:03 1190919                    /var/cache/fontconfig/52f7bdb7ce746bfd7eaa1985bd9cfa93-le64.cache-4
7fe09404c000-7fe09405f000 r--s 00000000 08:03 1190944                    /var/cache/fontconfig/d52a8644073d54c13679302ca1180695-le64.cache-4
7fe09405f000-7fe094080000 r--s 00000000 08:03 1190950                    /var/cache/fontconfig/e13b20fdb08344e0e664864cc2ede53d-le64.cache-4
7fe094080000-7fe09409e000 r--s 00000000 08:03 1194510                    /var/cache/fontconfig/467c019e582ee353435ea5c21d137ef6-le64.cache-4
7fe09409e000-7fe0940c4000 r--p 00000000 08:03 407307                     /usr/share/locale-langpack/fr/LC_MESSAGES/libc.mo
7fe0940c4000-7fe0940f9000 r--s 00000000 08:03 1189319                    /var/cache/nscd/hosts
7fe0940f9000-7fe0940fa000 ---p 00000000 00:00 0 
7fe0940fa000-7fe095000000 rw-p 00000000 00:00 0                          [stack:1303]
7fe095000000-7fe095ca0000 rwxp 00000000 00:00 0 
7fe095ca0000-7fe0a4000000 ---p 00000000 00:00 0 
7fe0a4000000-7fe0a450d000 rw-p 00000000 00:00 0 
7fe0a450d000-7fe0a8000000 ---p 00000000 00:00 0 
7fe0a8000000-7fe0a8003000 r--s 00000000 08:03 1190951                    /var/cache/fontconfig/e49e89034d371f0f9de17aab02136486-le64.cache-4
7fe0a8003000-7fe0a800c000 r--s 00000000 08:03 1189921                    /var/cache/fontconfig/3f7329c5293ffd510edef78f73874cfd-le64.cache-4
7fe0a800c000-7fe0a8017000 r--s 00000000 08:03 1190945                    /var/cache/fontconfig/d589a48862398ed80a3d6066f4f56f4c-le64.cache-4
7fe0a8017000-7fe0a801b000 r--s 00000000 08:03 1190927                    /var/cache/fontconfig/7ef2298fde41cc6eeb7af42e48b7d293-le64.cache-4
7fe0a801b000-7fe0a83d0000 rw-p 00000000 00:00 0 
7fe0a83d0000-7fe0a85a6000 r--s 03ca8000 08:03 1579862                    /usr/lib/jvm/java-8-oracle/jre/lib/rt.jar
7fe0a85a6000-7fe0a9689000 rw-p 00000000 00:00 0 
7fe0a9689000-7fe0a968a000 ---p 00000000 00:00 0 
7fe0a968a000-7fe0a978a000 rw-p 00000000 00:00 0                          [stack:1293]
7fe0a978a000-7fe0a978b000 ---p 00000000 00:00 0 
7fe0a978b000-7fe0a98ce000 rw-p 00000000 00:00 0                          [stack:1292]
7fe0a98ce000-7fe0a992c000 ---p 00000000 00:00 0 
7fe0a992c000-7fe0a9973000 rw-p 00000000 00:00 0 
7fe0a9973000-7fe0a997d000 ---p 00000000 00:00 0 
7fe0a997d000-7fe0a99b1000 rw-p 00000000 00:00 0 
7fe0a99b1000-7fe0a9d3e000 ---p 00000000 00:00 0 
7fe0a9d3e000-7fe0a9d58000 r-xp 00000000 08:03 1579920                    /usr/lib/jvm/java-8-oracle/jre/lib/amd64/libzip.so
7fe0a9d58000-7fe0a9f58000 ---p 0001a000 08:03 1579920                    /usr/lib/jvm/java-8-oracle/jre/lib/amd64/libzip.so
7fe0a9f58000-7fe0a9f59000 rw-p 0001a000 08:03 1579920                    /usr/lib/jvm/java-8-oracle/jre/lib/amd64/libzip.so
7fe0a9f59000-7fe0aa186000 r--s 00000000 08:03 1189289                    /var/cache/nscd/passwd
7fe0aa186000-7fe0aab54000 r--p 00000000 08:03 1581055                    /usr/lib/locale/locale-archive
7fe0aab54000-7fe0aab56000 r-xp 00000000 08:03 1579909                    /usr/lib/jvm/java-8-oracle/jre/lib/amd64/libnpt.so
7fe0aab56000-7fe0aad56000 ---p 00002000 08:03 1579909                    /usr/lib/jvm/java-8-oracle/jre/lib/amd64/libnpt.so
7fe0aad56000-7fe0aad57000 rw-p 00002000 08:03 1579909                    /usr/lib/jvm/java-8-oracle/jre/lib/amd64/libnpt.so
7fe0aad57000-7fe0aad90000 r-xp 00000000 08:03 1579893                    /usr/lib/jvm/java-8-oracle/jre/lib/amd64/libjdwp.so
7fe0aad90000-7fe0aaf8f000 ---p 00039000 08:03 1579893                    /usr/lib/jvm/java-8-oracle/jre/lib/amd64/libjdwp.so
7fe0aaf8f000-7fe0aaf91000 rw-p 00038000 08:03 1579893                    /usr/lib/jvm/java-8-oracle/jre/lib/amd64/libjdwp.so
7fe0aaf91000-7fe0aafbb000 r-xp 00000000 08:03 1579885                    /usr/lib/jvm/java-8-oracle/jre/lib/amd64/libjava.so
7fe0aafbb000-7fe0ab1bb000 ---p 0002a000 08:03 1579885                    /usr/lib/jvm/java-8-oracle/jre/lib/amd64/libjava.so
7fe0ab1bb000-7fe0ab1bd000 rw-p 0002a000 08:03 1579885                    /usr/lib/jvm/java-8-oracle/jre/lib/amd64/libjava.so
7fe0ab1bd000-7fe0ab1ca000 r-xp 00000000 08:03 1579919                    /usr/lib/jvm/java-8-oracle/jre/lib/amd64/libverify.so
7fe0ab1ca000-7fe0ab3ca000 ---p 0000d000 08:03 1579919                    /usr/lib/jvm/java-8-oracle/jre/lib/amd64/libverify.so
7fe0ab3ca000-7fe0ab3cc000 rw-p 0000d000 08:03 1579919                    /usr/lib/jvm/java-8-oracle/jre/lib/amd64/libverify.so
7fe0ab3cc000-7fe0ab3d3000 r-xp 00000000 08:03 1708445                    /lib/x86_64-linux-gnu/librt-2.19.so
7fe0ab3d3000-7fe0ab5d2000 ---p 00007000 08:03 1708445                    /lib/x86_64-linux-gnu/librt-2.19.so
7fe0ab5d2000-7fe0ab5d3000 r--p 00006000 08:03 1708445                    /lib/x86_64-linux-gnu/librt-2.19.so
7fe0ab5d3000-7fe0ab5d4000 rw-p 00007000 08:03 1708445                    /lib/x86_64-linux-gnu/librt-2.19.so
7fe0ab5d4000-7fe0ab6d9000 r-xp 00000000 08:03 1708402                    /lib/x86_64-linux-gnu/libm-2.19.so
7fe0ab6d9000-7fe0ab8d8000 ---p 00105000 08:03 1708402                    /lib/x86_64-linux-gnu/libm-2.19.so
7fe0ab8d8000-7fe0ab8d9000 r--p 00104000 08:03 1708402                    /lib/x86_64-linux-gnu/libm-2.19.so
7fe0ab8d9000-7fe0ab8da000 rw-p 00105000 08:03 1708402                    /lib/x86_64-linux-gnu/libm-2.19.so
7fe0ab8da000-7fe0ac544000 r-xp 00000000 08:03 1579923                    /usr/lib/jvm/java-8-oracle/jre/lib/amd64/server/libjvm.so
7fe0ac544000-7fe0ac743000 ---p 00c6a000 08:03 1579923                    /usr/lib/jvm/java-8-oracle/jre/lib/amd64/server/libjvm.so
7fe0ac743000-7fe0ac81a000 rw-p 00c69000 08:03 1579923                    /usr/lib/jvm/java-8-oracle/jre/lib/amd64/server/libjvm.so
7fe0ac81a000-7fe0ac85c000 rw-p 00000000 00:00 0 
7fe0ac85c000-7fe0aca17000 r-xp 00000000 08:03 1708376                    /lib/x86_64-linux-gnu/libc-2.19.so
7fe0aca17000-7fe0acc17000 ---p 001bb000 08:03 1708376                    /lib/x86_64-linux-gnu/libc-2.19.so
7fe0acc17000-7fe0acc1b000 r--p 001bb000 08:03 1708376                    /lib/x86_64-linux-gnu/libc-2.19.so
7fe0acc1b000-7fe0acc1d000 rw-p 001bf000 08:03 1708376                    /lib/x86_64-linux-gnu/libc-2.19.so
7fe0acc1d000-7fe0acc22000 rw-p 00000000 00:00 0 
7fe0acc22000-7fe0acc25000 r-xp 00000000 08:03 1708385                    /lib/x86_64-linux-gnu/libdl-2.19.so
7fe0acc25000-7fe0ace24000 ---p 00003000 08:03 1708385                    /lib/x86_64-linux-gnu/libdl-2.19.so
7fe0ace24000-7fe0ace25000 r--p 00002000 08:03 1708385                    /lib/x86_64-linux-gnu/libdl-2.19.so
7fe0ace25000-7fe0ace26000 rw-p 00003000 08:03 1708385                    /lib/x86_64-linux-gnu/libdl-2.19.so
7fe0ace26000-7fe0ace3b000 r-xp 00000000 08:03 1580079                    /usr/lib/jvm/java-8-oracle/lib/amd64/jli/libjli.so
7fe0ace3b000-7fe0ad03a000 ---p 00015000 08:03 1580079                    /usr/lib/jvm/java-8-oracle/lib/amd64/jli/libjli.so
7fe0ad03a000-7fe0ad03b000 rw-p 00014000 08:03 1580079                    /usr/lib/jvm/java-8-oracle/lib/amd64/jli/libjli.so
7fe0ad03b000-7fe0ad054000 r-xp 00000000 08:03 1708441                    /lib/x86_64-linux-gnu/libpthread-2.19.so
7fe0ad054000-7fe0ad253000 ---p 00019000 08:03 1708441                    /lib/x86_64-linux-gnu/libpthread-2.19.so
7fe0ad253000-7fe0ad254000 r--p 00018000 08:03 1708441                    /lib/x86_64-linux-gnu/libpthread-2.19.so
7fe0ad254000-7fe0ad255000 rw-p 00019000 08:03 1708441                    /lib/x86_64-linux-gnu/libpthread-2.19.so
7fe0ad255000-7fe0ad259000 rw-p 00000000 00:00 0 
7fe0ad259000-7fe0ad27c000 r-xp 00000000 08:03 1708363                    /lib/x86_64-linux-gnu/ld-2.19.so
7fe0ad27c000-7fe0ad27e000 r--s 00000000 08:03 1190917                    /var/cache/fontconfig/4b14b093aebc79c320de5e86ae1d3314-le64.cache-4
7fe0ad27e000-7fe0ad27f000 r--s 00000000 08:03 1190903                    /var/cache/fontconfig/0c9eb80ebd1c36541ebe2852d3bb0c49-le64.cache-4
7fe0ad27f000-7fe0ad2ea000 rw-p 00000000 00:00 0 
7fe0ad2ea000-7fe0ad349000 ---p 00000000 00:00 0 
7fe0ad349000-7fe0ad34c000 ---p 00000000 00:00 0 
7fe0ad34c000-7fe0ad44e000 rw-p 00000000 00:00 0                          [stack:1291]
7fe0ad44e000-7fe0ad450000 r--s 00000000 08:03 1194579                    /var/cache/fontconfig/16326683038b281783a0ef8c680e3a10-le64.cache-4
7fe0ad450000-7fe0ad45d000 r--s 00000000 08:03 1194577                    /var/cache/fontconfig/8f02d4cb045bd6ce15663e43f347c9f8-le64.cache-4
7fe0ad45d000-7fe0ad45e000 r--s 00000000 08:03 1194512                    /var/cache/fontconfig/e0aa53bcfa504e64f87823c16bc01eb6-le64.cache-4
7fe0ad45e000-7fe0ad465000 r--s 00000000 08:03 269831                     /usr/lib/x86_64-linux-gnu/gconv/gconv-modules.cache
7fe0ad465000-7fe0ad46f000 rw-p 00000000 00:00 0 
7fe0ad46f000-7fe0ad477000 rw-s 00000000 08:03 1837011                    /tmp/hsperfdata_swouters/1284
7fe0ad477000-7fe0ad478000 rw-p 00000000 00:00 0 
7fe0ad478000-7fe0ad479000 ---p 00000000 00:00 0 
7fe0ad479000-7fe0ad47b000 rw-p 00000000 00:00 0 
7fe0ad47b000-7fe0ad47c000 r--p 00022000 08:03 1708363                    /lib/x86_64-linux-gnu/ld-2.19.so
7fe0ad47c000-7fe0ad47d000 rw-p 00023000 08:03 1708363                    /lib/x86_64-linux-gnu/ld-2.19.so
7fe0ad47d000-7fe0ad47e000 rw-p 00000000 00:00 0 
7fffceeb8000-7fffceed9000 rw-p 00000000 00:00 0                          [stack]
7fffceffe000-7fffcf000000 r-xp 00000000 00:00 0                          [vdso]
ffffffffff600000-ffffffffff601000 r-xp 00000000 00:00 0                  [vsyscall]

VM Arguments:
jvm_args: -agentlib:jdwp=transport=dt_socket,suspend=y,address=localhost:49045 -Dfile.encoding=UTF-8 
java_command: edu.turtlekit3.warbot.gui.launcher.WarLauncherInterface
java_class_path (initial): /auto_home/swouters/Documents/pinkman/warbot/Warbot_src/bin:/auto_home/swouters/Documents/pinkman/warbot/Warbot_src/lib/madkit-5.0.5.1.jar:/auto_home/swouters/Documents/pinkman/warbot/Warbot_src/lib/gdx-backend-lwjgl-natives.jar:/auto_home/swouters/Documents/pinkman/warbot/Warbot_src/lib/gdx-backend-lwjgl-sources.jar:/auto_home/swouters/Documents/pinkman/warbot/Warbot_src/lib/gdx-backend-lwjgl.jar:/auto_home/swouters/Documents/pinkman/warbot/Warbot_src/lib/gdx.jar:/auto_home/swouters/Documents/pinkman/warbot/Warbot_src/lib/turtlekit-3.0.0.2.jar
Launcher Type: SUN_STANDARD

Environment Variables:
PATH=/auto_home/swouters/bin:/usr/lib/lightdm/lightdm:/usr/local/sbin:/usr/local/bin:/usr/sbin:/usr/bin:/sbin:/bin:/usr/games:/usr/local/games:/usr/local/sif/jdk/bin/:/usr/local/sif64/bin32:/usr/local/sif64/bin64
LD_LIBRARY_PATH=/usr/lib/x86_64-linux-gnu
SHELL=/bin/bash
DISPLAY=:0.0

Signal Handlers:
SIGSEGV: [libjvm.so+0xa77530], sa_mask[0]=11111111011111111101111111111110, sa_flags=SA_RESTART|SA_SIGINFO
SIGBUS: [libjvm.so+0xa77530], sa_mask[0]=11111111011111111101111111111110, sa_flags=SA_RESTART|SA_SIGINFO
SIGFPE: [libjvm.so+0x8e1d90], sa_mask[0]=11111111011111111101111111111110, sa_flags=SA_RESTART|SA_SIGINFO
SIGPIPE: SIG_IGN, sa_mask[0]=00000000000010000000000000000000, sa_flags=SA_RESTART
SIGXFSZ: [libjvm.so+0x8e1d90], sa_mask[0]=11111111011111111101111111111110, sa_flags=SA_RESTART|SA_SIGINFO
SIGILL: [libjvm.so+0x8e1d90], sa_mask[0]=11111111011111111101111111111110, sa_flags=SA_RESTART|SA_SIGINFO
SIGUSR1: SIG_DFL, sa_mask[0]=00000000000000000000000000000000, sa_flags=none
SIGUSR2: [libjvm.so+0x8e35c0], sa_mask[0]=00100000000000000000000000000000, sa_flags=SA_RESTART|SA_SIGINFO
SIGHUP: [libjvm.so+0x8e4980], sa_mask[0]=11111111011111111101111111111110, sa_flags=SA_RESTART|SA_SIGINFO
SIGINT: [libjvm.so+0x8e4980], sa_mask[0]=11111111011111111101111111111110, sa_flags=SA_RESTART|SA_SIGINFO
SIGTERM: [libjvm.so+0x8e4980], sa_mask[0]=11111111011111111101111111111110, sa_flags=SA_RESTART|SA_SIGINFO
SIGQUIT: [libjvm.so+0x8e4980], sa_mask[0]=11111111011111111101111111111110, sa_flags=SA_RESTART|SA_SIGINFO


---------------  S Y S T E M  ---------------

OS:DISTRIB_ID=Ubuntu
DISTRIB_RELEASE=14.04
DISTRIB_CODENAME=trusty
DISTRIB_DESCRIPTION="Ubuntu 14.04.1 LTS"

uname:Linux 3.13.0-32-generic #57-Ubuntu SMP Tue Jul 15 03:51:08 UTC 2014 x86_64
libc:glibc 2.19 NPTL 2.19 
rlimit: STACK 8192k, CORE infinity, NPROC 15297, NOFILE 4096, AS infinity
load average:17,58 6,17 2,84

/proc/meminfo:
MemTotal:        1979676 kB
MemFree:           93864 kB
Buffers:            1064 kB
Cached:           231644 kB
SwapCached:            0 kB
Active:          1521896 kB
Inactive:         229932 kB
Active(anon):    1520288 kB
Inactive(anon):   180792 kB
Active(file):       1608 kB
Inactive(file):    49140 kB
Unevictable:        1300 kB
Mlocked:            1300 kB
SwapTotal:             0 kB
SwapFree:              0 kB
Dirty:               288 kB
Writeback:             0 kB
AnonPages:       1520512 kB
Mapped:            68796 kB
Shmem:            181868 kB
Slab:              52452 kB
SReclaimable:      24176 kB
SUnreclaim:        28276 kB
KernelStack:        3664 kB
PageTables:        34008 kB
NFS_Unstable:          0 kB
Bounce:                0 kB
WritebackTmp:          0 kB
CommitLimit:      989836 kB
Committed_AS:    3965784 kB
VmallocTotal:   34359738367 kB
VmallocUsed:      343024 kB
VmallocChunk:   34359389164 kB
HardwareCorrupted:     0 kB
AnonHugePages:    536576 kB
HugePages_Total:       0
HugePages_Free:        0
HugePages_Rsvd:        0
HugePages_Surp:        0
Hugepagesize:       2048 kB
DirectMap4k:       40956 kB
DirectMap2M:     1986560 kB


CPU:total 2 (2 cores per cpu, 1 threads per core) family 6 model 23 stepping 10, cmov, cx8, fxsr, mmx, sse, sse2, sse3, ssse3, sse4.1, tsc

/proc/cpuinfo:
processor	: 0
vendor_id	: GenuineIntel
cpu family	: 6
model		: 23
model name	: Intel(R) Core(TM)2 Duo CPU     E8400  @ 3.00GHz
stepping	: 10
microcode	: 0xa0b
cpu MHz		: 2991.943
cache size	: 6144 KB
physical id	: 0
siblings	: 2
core id		: 0
cpu cores	: 2
apicid		: 0
initial apicid	: 0
fpu		: yes
fpu_exception	: yes
cpuid level	: 13
wp		: yes
flags		: fpu vme de pse tsc msr pae mce cx8 apic sep mtrr pge mca cmov pat pse36 clflush dts acpi mmx fxsr sse sse2 ss ht tm pbe syscall nx lm constant_tsc arch_perfmon pebs bts rep_good nopl aperfmperf pni dtes64 monitor ds_cpl vmx smx est tm2 ssse3 cx16 xtpr pdcm sse4_1 xsave lahf_lm dtherm tpr_shadow vnmi flexpriority
bogomips	: 5983.88
clflush size	: 64
cache_alignment	: 64
address sizes	: 36 bits physical, 48 bits virtual
power management:

processor	: 1
vendor_id	: GenuineIntel
cpu family	: 6
model		: 23
model name	: Intel(R) Core(TM)2 Duo CPU     E8400  @ 3.00GHz
stepping	: 10
microcode	: 0xa0b
cpu MHz		: 2991.943
cache size	: 6144 KB
physical id	: 0
siblings	: 2
core id		: 1
cpu cores	: 2
apicid		: 1
initial apicid	: 1
fpu		: yes
fpu_exception	: yes
cpuid level	: 13
wp		: yes
flags		: fpu vme de pse tsc msr pae mce cx8 apic sep mtrr pge mca cmov pat pse36 clflush dts acpi mmx fxsr sse sse2 ss ht tm pbe syscall nx lm constant_tsc arch_perfmon pebs bts rep_good nopl aperfmperf pni dtes64 monitor ds_cpl vmx smx est tm2 ssse3 cx16 xtpr pdcm sse4_1 xsave lahf_lm dtherm tpr_shadow vnmi flexpriority
bogomips	: 5983.88
clflush size	: 64
cache_alignment	: 64
address sizes	: 36 bits physical, 48 bits virtual
power management:



Memory: 4k page, physical 1979676k(93864k free), swap 0k(0k free)

vm_info: Java HotSpot(TM) 64-Bit Server VM (25.20-b23) for linux-amd64 JRE (1.8.0_20-b26), built on Jul 30 2014 13:13:52 by "java_re" with gcc 4.3.0 20080428 (Red Hat 4.3.0-8)

time: Wed Nov 26 15:49:33 2014
elapsed time: 94 seconds (0d 0h 1m 34s)

